#
# There is insufficient memory for the Java Runtime Environment to continue.
# Native memory allocation (malloc) failed to allocate 32744 bytes for ChunkPool::allocate
# Possible reasons:
#   The system is out of physical RAM or swap space
#   The process is running with CompressedOops enabled, and the Java Heap may be blocking the growth of the native heap
# Possible solutions:
#   Reduce memory load on the system
#   Increase physical memory or swap space
#   Check if swap backing store is full
#   Decrease Java heap size (-Xmx/-Xms)
#   Decrease number of Java threads
#   Decrease Java thread stack sizes (-Xss)
#   Set larger code cache with -XX:ReservedCodeCacheSize=
#   JVM is running with Unscaled Compressed Oops mode in which the Java heap is
#     placed in the first 4GB address space. The Java Heap base address is the
#     maximum limit for the native heap growth. Please use -XX:HeapBaseMinAddress
#     to set the Java Heap base and to place the Java Heap above 4GB virtual address.
# This output file may be truncated or incomplete.
#
#  Out of Memory Error (arena.cpp:78), pid=9612, tid=43640
#
# JRE version: Java(TM) SE Runtime Environment (17.0.12+8) (build 17.0.12+8-LTS-286)
# Java VM: Java HotSpot(TM) 64-Bit Server VM (17.0.12+8-LTS-286, mixed mode, sharing, tiered, compressed oops, compressed class ptrs, g1 gc, windows-amd64)
# No core dump will be written. Minidumps are not enabled by default on client versions of Windows
#

---------------  S U M M A R Y ------------

Command Line: --add-opens=java.base/java.util=ALL-UNNAMED --add-opens=java.base/java.lang=ALL-UNNAMED --add-opens=java.base/java.lang.invoke=ALL-UNNAMED --add-opens=java.prefs/java.util.prefs=ALL-UNNAMED --add-opens=java.base/java.nio.charset=ALL-UNNAMED --add-opens=java.base/java.net=ALL-UNNAMED --add-opens=java.base/java.util.concurrent.atomic=ALL-UNNAMED -Xmx2048m -Dfile.encoding=UTF-8 -Duser.country=US -Duser.language=en -Duser.variant -javaagent:C:\Users\krish\.gradle\wrapper\dists\gradle-8.6-bin\afr5mpiioh2wthjmwnkmdsd5w\gradle-8.6\lib\agents\gradle-instrumentation-agent-8.6.jar org.gradle.launcher.daemon.bootstrap.GradleDaemon 8.6

Host: AMD Ryzen 7 7435HS                             , 16 cores, 15G,  Windows 11 , 64 bit Build 22621 (10.0.22621.5124)
Time: Tue Apr 29 04:36:03 2025 India Standard Time elapsed time: 20.684486 seconds (0d 0h 0m 20s)

---------------  T H R E A D  ---------------

Current thread (0x000001e671c6ad40):  JavaThread "C2 CompilerThread1" daemon [_thread_in_native, id=43640, stack(0x000000aeeac00000,0x000000aeead00000)]


Current CompileTask:
C2:  20684 15562   !   4       java.net.URLClassLoader$1::run (81 bytes)

Stack: [0x000000aeeac00000,0x000000aeead00000]
Native frames: (J=compiled Java code, j=interpreted, Vv=VM code, C=native code)
V  [jvm.dll+0x67a04a]
V  [jvm.dll+0x7da4ed]
V  [jvm.dll+0x7dbe33]
V  [jvm.dll+0x7dc4a3]
V  [jvm.dll+0x24508f]
V  [jvm.dll+0xab9a4]
V  [jvm.dll+0xabd3c]
V  [jvm.dll+0x587131]
V  [jvm.dll+0x5832e3]
V  [jvm.dll+0x583083]
V  [jvm.dll+0x5822b8]
V  [jvm.dll+0x21f422]
V  [jvm.dll+0x21f81f]
V  [jvm.dll+0x218aa0]
V  [jvm.dll+0x215b65]
V  [jvm.dll+0x1a2960]
V  [jvm.dll+0x22610b]
V  [jvm.dll+0x2242ab]
V  [jvm.dll+0x79075c]
V  [jvm.dll+0x78abea]
V  [jvm.dll+0x678f35]
C  [ucrtbase.dll+0x29333]
C  [KERNEL32.DLL+0x1259d]
C  [ntdll.dll+0x5af38]


---------------  P R O C E S S  ---------------

Threads class SMR info:
_java_thread_list=0x000001e6700b6540, length=73, elements={
0x000001e606471bd0, 0x000001e62713c6b0, 0x000001e62713d530, 0x000001e62719ac70,
0x000001e62719b630, 0x000001e62719bff0, 0x000001e62719c9b0, 0x000001e6271a8420,
0x000001e6271b0ee0, 0x000001e6271b44e0, 0x000001e627129fc0, 0x000001e6273a1fb0,
0x000001e627c69c40, 0x000001e627e3df00, 0x000001e66e3519c0, 0x000001e66dcca600,
0x000001e66e0f72e0, 0x000001e66de48b20, 0x000001e66dfbca90, 0x000001e66dfbcfa0,
0x000001e66dfbd9c0, 0x000001e66dfbd4b0, 0x000001e66dfbb650, 0x000001e66dfbded0,
0x000001e66dfbe3e0, 0x000001e66dfbc070, 0x000001e66dfbee00, 0x000001e66dfbc580,
0x000001e66dfbe8f0, 0x000001e66ec04690, 0x000001e66ec064f0, 0x000001e66ec03c70,
0x000001e66ec04ba0, 0x000001e66ebffaa0, 0x000001e66ec004c0, 0x000001e66ec009d0,
0x000001e66ec05fe0, 0x000001e66ec02d40, 0x000001e66ffc6d60, 0x000001e66ffc4bc0,
0x000001e66ebff080, 0x000001e66ec03250, 0x000001e66ec055c0, 0x000001e66ec050b0,
0x000001e66ec06a00, 0x000001e66ec02830, 0x000001e66ec01900, 0x000001e66ec03760,
0x000001e66ec013f0, 0x000001e66ec05ad0, 0x000001e66ec01e10, 0x000001e66ec02320,
0x000001e67160d920, 0x000001e67160e850, 0x000001e67160ed60, 0x000001e67160f270,
0x000001e67160f780, 0x000001e67160fc90, 0x000001e67160de30, 0x000001e6716101a0,
0x000001e6716106b0, 0x000001e67160e340, 0x000001e67160cf00, 0x000001e67160d410,
0x000001e6276fe3d0, 0x000001e6276fd4a0, 0x000001e6276fe8e0, 0x000001e6276fdec0,
0x000001e6276fca80, 0x000001e6276fc060, 0x000001e627701b80, 0x000001e671c6ad40,
0x000001e671c6b290
}

Java Threads: ( => current thread )
  0x000001e606471bd0 JavaThread "main" [_thread_blocked, id=5920, stack(0x000000aee8400000,0x000000aee8500000)]
  0x000001e62713c6b0 JavaThread "Reference Handler" daemon [_thread_blocked, id=7160, stack(0x000000aee8b00000,0x000000aee8c00000)]
  0x000001e62713d530 JavaThread "Finalizer" daemon [_thread_blocked, id=10472, stack(0x000000aee8c00000,0x000000aee8d00000)]
  0x000001e62719ac70 JavaThread "Signal Dispatcher" daemon [_thread_blocked, id=14348, stack(0x000000aee8d00000,0x000000aee8e00000)]
  0x000001e62719b630 JavaThread "Attach Listener" daemon [_thread_blocked, id=32400, stack(0x000000aee8e00000,0x000000aee8f00000)]
  0x000001e62719bff0 JavaThread "Service Thread" daemon [_thread_blocked, id=20356, stack(0x000000aee8f00000,0x000000aee9000000)]
  0x000001e62719c9b0 JavaThread "Monitor Deflation Thread" daemon [_thread_blocked, id=34288, stack(0x000000aee9000000,0x000000aee9100000)]
  0x000001e6271a8420 JavaThread "C2 CompilerThread0" daemon [_thread_in_native, id=44592, stack(0x000000aee9100000,0x000000aee9200000)]
  0x000001e6271b0ee0 JavaThread "C1 CompilerThread0" daemon [_thread_blocked, id=43156, stack(0x000000aee9200000,0x000000aee9300000)]
  0x000001e6271b44e0 JavaThread "Sweeper thread" daemon [_thread_blocked, id=24172, stack(0x000000aee9300000,0x000000aee9400000)]
  0x000001e627129fc0 JavaThread "Common-Cleaner" daemon [_thread_blocked, id=21852, stack(0x000000aee9400000,0x000000aee9500000)]
  0x000001e6273a1fb0 JavaThread "Notification Thread" daemon [_thread_blocked, id=13084, stack(0x000000aee9500000,0x000000aee9600000)]
  0x000001e627c69c40 JavaThread "C1 CompilerThread1" daemon [_thread_blocked, id=11032, stack(0x000000aee9700000,0x000000aee9800000)]
  0x000001e627e3df00 JavaThread "Daemon health stats" [_thread_blocked, id=30060, stack(0x000000aee9d00000,0x000000aee9e00000)]
  0x000001e66e3519c0 JavaThread "Incoming local TCP Connector on port 58212" [_thread_in_native, id=34484, stack(0x000000aee9e00000,0x000000aee9f00000)]
  0x000001e66dcca600 JavaThread "Daemon periodic checks" [_thread_blocked, id=32544, stack(0x000000aee9f00000,0x000000aeea000000)]
  0x000001e66e0f72e0 JavaThread "Daemon" [_thread_blocked, id=8228, stack(0x000000aeea000000,0x000000aeea100000)]
  0x000001e66de48b20 JavaThread "Handler for socket connection from /127.0.0.1:58212 to /127.0.0.1:58213" [_thread_in_native, id=24068, stack(0x000000aeea100000,0x000000aeea200000)]
  0x000001e66dfbca90 JavaThread "Cancel handler" [_thread_blocked, id=32432, stack(0x000000aeea200000,0x000000aeea300000)]
  0x000001e66dfbcfa0 JavaThread "Daemon worker" [_thread_in_Java, id=32312, stack(0x000000aeea300000,0x000000aeea400000)]
  0x000001e66dfbd9c0 JavaThread "Asynchronous log dispatcher for DefaultDaemonConnection: socket connection from /127.0.0.1:58212 to /127.0.0.1:58213" [_thread_blocked, id=14668, stack(0x000000aeea400000,0x000000aeea500000)]
  0x000001e66dfbd4b0 JavaThread "Stdin handler" [_thread_blocked, id=39212, stack(0x000000aeea500000,0x000000aeea600000)]
  0x000001e66dfbb650 JavaThread "Daemon client event forwarder" [_thread_blocked, id=42892, stack(0x000000aeea600000,0x000000aeea700000)]
  0x000001e66dfbded0 JavaThread "Cache worker for journal cache (C:\Users\krish\.gradle\caches\journal-1)" [_thread_blocked, id=19784, stack(0x000000aeea700000,0x000000aeea800000)]
  0x000001e66dfbe3e0 JavaThread "File lock request listener" [_thread_in_native, id=21336, stack(0x000000aeea800000,0x000000aeea900000)]
  0x000001e66dfbc070 JavaThread "Cache worker for file hash cache (C:\Users\krish\.gradle\caches\8.6\fileHashes)" [_thread_blocked, id=13068, stack(0x000000aeea900000,0x000000aeeaa00000)]
  0x000001e66dfbee00 JavaThread "File watcher server" daemon [_thread_in_native, id=700, stack(0x000000aeeaa00000,0x000000aeeab00000)]
  0x000001e66dfbc580 JavaThread "File watcher consumer" daemon [_thread_blocked, id=41812, stack(0x000000aeeab00000,0x000000aeeac00000)]
  0x000001e66dfbe8f0 JavaThread "jar transforms" [_thread_blocked, id=41092, stack(0x000000aeeb600000,0x000000aeeb700000)]
  0x000001e66ec04690 JavaThread "jar transforms Thread 2" [_thread_blocked, id=7796, stack(0x000000aeeb700000,0x000000aeeb800000)]
  0x000001e66ec064f0 JavaThread "jar transforms Thread 3" [_thread_blocked, id=34148, stack(0x000000aeeb800000,0x000000aeeb900000)]
  0x000001e66ec03c70 JavaThread "Cache worker for checksums cache (D:\MentalWellness\MentalWellness\.gradle\8.6\checksums)" [_thread_blocked, id=26388, stack(0x000000aeeba00000,0x000000aeebb00000)]
  0x000001e66ec04ba0 JavaThread "Cache worker for file hash cache (D:\MentalWellness\MentalWellness\.gradle\8.6\fileHashes)" [_thread_blocked, id=12764, stack(0x000000aeebb00000,0x000000aeebc00000)]
  0x000001e66ebffaa0 JavaThread "Cache worker for cache directory md-supplier (C:\Users\krish\.gradle\caches\8.6\md-supplier)" [_thread_blocked, id=11496, stack(0x000000aeebc00000,0x000000aeebd00000)]
  0x000001e66ec004c0 JavaThread "Cache worker for cache directory md-rule (C:\Users\krish\.gradle\caches\8.6\md-rule)" [_thread_blocked, id=10176, stack(0x000000aeebd00000,0x000000aeebe00000)]
  0x000001e66ec009d0 JavaThread "Cache worker for file content cache (C:\Users\krish\.gradle\caches\8.6\fileContent)" [_thread_blocked, id=2028, stack(0x000000aeebe00000,0x000000aeebf00000)]
  0x000001e66ec05fe0 JavaThread "jar transforms Thread 4" [_thread_blocked, id=4552, stack(0x000000aeec000000,0x000000aeec100000)]
  0x000001e66ec02d40 JavaThread "jar transforms Thread 5" [_thread_blocked, id=30036, stack(0x000000aeec100000,0x000000aeec200000)]
  0x000001e66ffc6d60 JavaThread "C1 CompilerThread2" daemon [_thread_blocked, id=11648, stack(0x000000aeec200000,0x000000aeec300000)]
  0x000001e66ffc4bc0 JavaThread "C1 CompilerThread3" daemon [_thread_blocked, id=21784, stack(0x000000aeec300000,0x000000aeec400000)]
  0x000001e66ebff080 JavaThread "jar transforms Thread 6" [_thread_blocked, id=2052, stack(0x000000aeec400000,0x000000aeec500000)]
  0x000001e66ec03250 JavaThread "jar transforms Thread 7" [_thread_blocked, id=33704, stack(0x000000aeec500000,0x000000aeec600000)]
  0x000001e66ec055c0 JavaThread "jar transforms Thread 8" [_thread_blocked, id=18920, stack(0x000000aeec600000,0x000000aeec700000)]
  0x000001e66ec050b0 JavaThread "jar transforms Thread 9" [_thread_blocked, id=31256, stack(0x000000aeec700000,0x000000aeec800000)]
  0x000001e66ec06a00 JavaThread "jar transforms Thread 10" [_thread_blocked, id=39996, stack(0x000000aeec800000,0x000000aeec900000)]
  0x000001e66ec02830 JavaThread "jar transforms Thread 11" [_thread_blocked, id=17288, stack(0x000000aeec900000,0x000000aeeca00000)]
  0x000001e66ec01900 JavaThread "jar transforms Thread 12" [_thread_blocked, id=5204, stack(0x000000aeeca00000,0x000000aeecb00000)]
  0x000001e66ec03760 JavaThread "jar transforms Thread 13" [_thread_blocked, id=4072, stack(0x000000aeecb00000,0x000000aeecc00000)]
  0x000001e66ec013f0 JavaThread "Cache worker for Build Output Cleanup Cache (D:\MentalWellness\MentalWellness\.gradle\buildOutputCleanup)" [_thread_blocked, id=36960, stack(0x000000aeeb900000,0x000000aeeba00000)]
  0x000001e66ec05ad0 JavaThread "jar transforms Thread 14" [_thread_blocked, id=20792, stack(0x000000aeebf00000,0x000000aeec000000)]
  0x000001e66ec01e10 JavaThread "jar transforms Thread 15" [_thread_blocked, id=17296, stack(0x000000aeecc00000,0x000000aeecd00000)]
  0x000001e66ec02320 JavaThread "Unconstrained build operations" [_thread_blocked, id=30208, stack(0x000000aeecd00000,0x000000aeece00000)]
  0x000001e67160d920 JavaThread "Unconstrained build operations Thread 2" [_thread_blocked, id=27144, stack(0x000000aeece00000,0x000000aeecf00000)]
  0x000001e67160e850 JavaThread "Unconstrained build operations Thread 3" [_thread_blocked, id=23468, stack(0x000000aeecf00000,0x000000aeed000000)]
  0x000001e67160ed60 JavaThread "Unconstrained build operations Thread 4" [_thread_blocked, id=10400, stack(0x000000aeed000000,0x000000aeed100000)]
  0x000001e67160f270 JavaThread "Unconstrained build operations Thread 5" [_thread_blocked, id=2700, stack(0x000000aeed100000,0x000000aeed200000)]
  0x000001e67160f780 JavaThread "Unconstrained build operations Thread 6" [_thread_blocked, id=41340, stack(0x000000aeed200000,0x000000aeed300000)]
  0x000001e67160fc90 JavaThread "Unconstrained build operations Thread 7" [_thread_blocked, id=39712, stack(0x000000aeed300000,0x000000aeed400000)]
  0x000001e67160de30 JavaThread "Unconstrained build operations Thread 8" [_thread_blocked, id=6364, stack(0x000000aeed400000,0x000000aeed500000)]
  0x000001e6716101a0 JavaThread "Unconstrained build operations Thread 9" [_thread_blocked, id=31168, stack(0x000000aeed500000,0x000000aeed600000)]
  0x000001e6716106b0 JavaThread "Unconstrained build operations Thread 10" [_thread_blocked, id=35276, stack(0x000000aeed600000,0x000000aeed700000)]
  0x000001e67160e340 JavaThread "Unconstrained build operations Thread 11" [_thread_blocked, id=37576, stack(0x000000aeed700000,0x000000aeed800000)]
  0x000001e67160cf00 JavaThread "Unconstrained build operations Thread 12" [_thread_blocked, id=4232, stack(0x000000aeed800000,0x000000aeed900000)]
  0x000001e67160d410 JavaThread "Unconstrained build operations Thread 13" [_thread_blocked, id=32576, stack(0x000000aeed900000,0x000000aeeda00000)]
  0x000001e6276fe3d0 JavaThread "Unconstrained build operations Thread 14" [_thread_blocked, id=26328, stack(0x000000aeeda00000,0x000000aeedb00000)]
  0x000001e6276fd4a0 JavaThread "Unconstrained build operations Thread 15" [_thread_blocked, id=30816, stack(0x000000aeedb00000,0x000000aeedc00000)]
  0x000001e6276fe8e0 JavaThread "jar transforms Thread 16" [_thread_blocked, id=26772, stack(0x000000aeedc00000,0x000000aeedd00000)]
  0x000001e6276fdec0 JavaThread "Memory manager" [_thread_blocked, id=21996, stack(0x000000aeede00000,0x000000aeedf00000)]
  0x000001e6276fca80 JavaThread "File lock release action executor" [_thread_blocked, id=23736, stack(0x000000aeedf00000,0x000000aeee000000)]
  0x000001e6276fc060 JavaThread "build event listener" [_thread_blocked, id=28628, stack(0x000000aeedd00000,0x000000aeede00000)]
  0x000001e627701b80 JavaThread "Kotlin DSL Writer" [_thread_blocked, id=8148, stack(0x000000aeee000000,0x000000aeee100000)]
=>0x000001e671c6ad40 JavaThread "C2 CompilerThread1" daemon [_thread_in_native, id=43640, stack(0x000000aeeac00000,0x000000aeead00000)]
  0x000001e671c6b290 JavaThread "C2 CompilerThread2" daemon [_thread_in_native, id=19196, stack(0x000000aeee100000,0x000000aeee200000)]

Other Threads:
  0x000001e62713af10 VMThread "VM Thread" [stack: 0x000000aee8a00000,0x000000aee8b00000] [id=14896]
  0x000001e606472a50 WatcherThread [stack: 0x000000aee9600000,0x000000aee9700000] [id=30800]
  0x000001e6064cce60 GCTaskThread "GC Thread#0" [stack: 0x000000aee8500000,0x000000aee8600000] [id=20560]
  0x000001e66d2e4ff0 GCTaskThread "GC Thread#1" [stack: 0x000000aee9800000,0x000000aee9900000] [id=29884]
  0x000001e66d2e52b0 GCTaskThread "GC Thread#2" [stack: 0x000000aee9900000,0x000000aee9a00000] [id=31108]
  0x000001e66d2873c0 GCTaskThread "GC Thread#3" [stack: 0x000000aee9a00000,0x000000aee9b00000] [id=14536]
  0x000001e66d287680 GCTaskThread "GC Thread#4" [stack: 0x000000aee9b00000,0x000000aee9c00000] [id=27708]
  0x000001e66d287940 GCTaskThread "GC Thread#5" [stack: 0x000000aee9c00000,0x000000aee9d00000] [id=6980]
  0x000001e66ec1e040 GCTaskThread "GC Thread#6" [stack: 0x000000aeead00000,0x000000aeeae00000] [id=3156]
  0x000001e66f46fd80 GCTaskThread "GC Thread#7" [stack: 0x000000aeeae00000,0x000000aeeaf00000] [id=43192]
  0x000001e66fc22030 GCTaskThread "GC Thread#8" [stack: 0x000000aeeaf00000,0x000000aeeb000000] [id=27268]
  0x000001e66ed4d4a0 GCTaskThread "GC Thread#9" [stack: 0x000000aeeb000000,0x000000aeeb100000] [id=34120]
  0x000001e66e85f5f0 GCTaskThread "GC Thread#10" [stack: 0x000000aeeb100000,0x000000aeeb200000] [id=24052]
  0x000001e66e259260 GCTaskThread "GC Thread#11" [stack: 0x000000aeeb200000,0x000000aeeb300000] [id=32384]
  0x000001e66ef72340 GCTaskThread "GC Thread#12" [stack: 0x000000aeeb300000,0x000000aeeb400000] [id=31236]
  0x000001e6064dddb0 ConcurrentGCThread "G1 Main Marker" [stack: 0x000000aee8600000,0x000000aee8700000] [id=35480]
  0x000001e6064e0370 ConcurrentGCThread "G1 Conc#0" [stack: 0x000000aee8700000,0x000000aee8800000] [id=7656]
  0x000001e66ef728c0 ConcurrentGCThread "G1 Conc#1" [stack: 0x000000aeeb400000,0x000000aeeb500000] [id=16428]
  0x000001e66ef72b80 ConcurrentGCThread "G1 Conc#2" [stack: 0x000000aeeb500000,0x000000aeeb600000] [id=41768]
  0x000001e626ff22a0 ConcurrentGCThread "G1 Refine#0" [stack: 0x000000aee8800000,0x000000aee8900000] [id=29548]
  0x000001e6725e0170 ConcurrentGCThread "G1 Refine#1" [stack: 0x000000aeee300000,0x000000aeee400000] [id=11284]
  0x000001e6702b8090 ConcurrentGCThread "G1 Refine#2" [stack: 0x000000aeee400000,0x000000aeee500000] [id=20652]
  0x000001e66e73b5a0 ConcurrentGCThread "G1 Refine#3" [stack: 0x000000aeee500000,0x000000aeee600000] [id=28692]
  0x000001e670a80780 ConcurrentGCThread "G1 Refine#4" [stack: 0x000000aeee600000,0x000000aeee700000] [id=44208]
  0x000001e6702b8db0 ConcurrentGCThread "G1 Refine#5" [stack: 0x000000aeee700000,0x000000aeee800000] [id=25712]
  0x000001e626ff2cd0 ConcurrentGCThread "G1 Service" [stack: 0x000000aee8900000,0x000000aee8a00000] [id=9500]

Threads with active compile tasks:
C2 CompilerThread0    20713 15563       4       java.net.URLClassLoader$1::run (5 bytes)
C2 CompilerThread1    20713 15562   !   4       java.net.URLClassLoader$1::run (81 bytes)
C2 CompilerThread2    20713 15561   !   4       java.net.URLClassLoader::findClass (47 bytes)

VM state: not at safepoint (normal execution)

VM Mutex/Monitor currently owned by a thread: None

Heap address: 0x0000000080000000, size: 2048 MB, Compressed Oops mode: 32-bit

CDS archive(s) mapped at: [0x000001e628000000-0x000001e628bd0000-0x000001e628bd0000), size 12386304, SharedBaseAddress: 0x000001e628000000, ArchiveRelocationMode: 1.
Compressed class space mapped at: 0x000001e629000000-0x000001e669000000, reserved size: 1073741824
Narrow klass base: 0x000001e628000000, Narrow klass shift: 0, Narrow klass range: 0x100000000

GC Precious Log:
 CPUs: 16 total, 16 available
 Memory: 16202M
 Large Page Support: Disabled
 NUMA Support: Disabled
 Compressed Oops: Enabled (32-bit)
 Heap Region Size: 1M
 Heap Min Capacity: 8M
 Heap Initial Capacity: 254M
 Heap Max Capacity: 2G
 Pre-touch: Disabled
 Parallel Workers: 13
 Concurrent Workers: 3
 Concurrent Refinement Workers: 13
 Periodic GC: Disabled

Heap:
 garbage-first heap   total 252928K, used 197719K [0x0000000080000000, 0x0000000100000000)
  region size 1024K, 48 young (49152K), 1 survivors (1024K)
 Metaspace       used 119838K, committed 120704K, reserved 1179648K
  class space    used 15672K, committed 16128K, reserved 1048576K

Heap Regions: E=young(eden), S=young(survivor), O=old, HS=humongous(starts), HC=humongous(continues), CS=collection set, F=free, OA=open archive, CA=closed archive, TAMS=top-at-mark-start (previous, next)
|   0|0x0000000080000000, 0x0000000080100000, 0x0000000080100000|100%|HS|  |TAMS 0x0000000080100000, 0x0000000080000000| Complete 
|   1|0x0000000080100000, 0x0000000080200000, 0x0000000080200000|100%|HC|  |TAMS 0x0000000080200000, 0x0000000080100000| Complete 
|   2|0x0000000080200000, 0x0000000080300000, 0x0000000080300000|100%|HC|  |TAMS 0x0000000080300000, 0x0000000080200000| Complete 
|   3|0x0000000080300000, 0x0000000080400000, 0x0000000080400000|100%|HC|  |TAMS 0x0000000080400000, 0x0000000080300000| Complete 
|   4|0x0000000080400000, 0x0000000080500000, 0x0000000080500000|100%| O|  |TAMS 0x0000000080500000, 0x0000000080400000| Untracked 
|   5|0x0000000080500000, 0x0000000080600000, 0x0000000080600000|100%| O|  |TAMS 0x0000000080600000, 0x0000000080500000| Untracked 
|   6|0x0000000080600000, 0x0000000080700000, 0x0000000080700000|100%| O|  |TAMS 0x0000000080700000, 0x0000000080600000| Untracked 
|   7|0x0000000080700000, 0x0000000080800000, 0x0000000080800000|100%| O|  |TAMS 0x0000000080800000, 0x0000000080700000| Untracked 
|   8|0x0000000080800000, 0x0000000080900000, 0x0000000080900000|100%| O|  |TAMS 0x0000000080900000, 0x0000000080800000| Untracked 
|   9|0x0000000080900000, 0x0000000080a00000, 0x0000000080a00000|100%| O|  |TAMS 0x0000000080a00000, 0x0000000080900000| Untracked 
|  10|0x0000000080a00000, 0x0000000080b00000, 0x0000000080b00000|100%|HS|  |TAMS 0x0000000080b00000, 0x0000000080a00000| Complete 
|  11|0x0000000080b00000, 0x0000000080c00000, 0x0000000080c00000|100%| O|  |TAMS 0x0000000080c00000, 0x0000000080b00000| Untracked 
|  12|0x0000000080c00000, 0x0000000080d00000, 0x0000000080d00000|100%| O|  |TAMS 0x0000000080d00000, 0x0000000080c00000| Untracked 
|  13|0x0000000080d00000, 0x0000000080e00000, 0x0000000080e00000|100%| O|  |TAMS 0x0000000080e00000, 0x0000000080d00000| Untracked 
|  14|0x0000000080e00000, 0x0000000080f00000, 0x0000000080f00000|100%| O|  |TAMS 0x0000000080f00000, 0x0000000080e00000| Untracked 
|  15|0x0000000080f00000, 0x0000000081000000, 0x0000000081000000|100%| O|  |TAMS 0x0000000081000000, 0x0000000080f00000| Untracked 
|  16|0x0000000081000000, 0x0000000081100000, 0x0000000081100000|100%| O|  |TAMS 0x0000000081100000, 0x0000000081000000| Untracked 
|  17|0x0000000081100000, 0x0000000081200000, 0x0000000081200000|100%| O|  |TAMS 0x0000000081200000, 0x0000000081100000| Untracked 
|  18|0x0000000081200000, 0x0000000081300000, 0x0000000081300000|100%| O|  |TAMS 0x0000000081300000, 0x0000000081200000| Untracked 
|  19|0x0000000081300000, 0x0000000081400000, 0x0000000081400000|100%| O|  |TAMS 0x0000000081400000, 0x0000000081300000| Untracked 
|  20|0x0000000081400000, 0x0000000081500000, 0x0000000081500000|100%| O|  |TAMS 0x0000000081500000, 0x0000000081400000| Untracked 
|  21|0x0000000081500000, 0x0000000081600000, 0x0000000081600000|100%| O|  |TAMS 0x0000000081600000, 0x0000000081500000| Untracked 
|  22|0x0000000081600000, 0x0000000081700000, 0x0000000081700000|100%| O|  |TAMS 0x0000000081700000, 0x0000000081600000| Untracked 
|  23|0x0000000081700000, 0x0000000081800000, 0x0000000081800000|100%| O|  |TAMS 0x0000000081800000, 0x0000000081700000| Untracked 
|  24|0x0000000081800000, 0x0000000081900000, 0x0000000081900000|100%| O|  |TAMS 0x0000000081900000, 0x0000000081800000| Untracked 
|  25|0x0000000081900000, 0x0000000081a00000, 0x0000000081a00000|100%| O|  |TAMS 0x0000000081a00000, 0x0000000081900000| Untracked 
|  26|0x0000000081a00000, 0x0000000081b00000, 0x0000000081b00000|100%| O|  |TAMS 0x0000000081b00000, 0x0000000081a00000| Untracked 
|  27|0x0000000081b00000, 0x0000000081c00000, 0x0000000081c00000|100%| O|  |TAMS 0x0000000081c00000, 0x0000000081b00000| Untracked 
|  28|0x0000000081c00000, 0x0000000081d00000, 0x0000000081d00000|100%| O|  |TAMS 0x0000000081d00000, 0x0000000081c00000| Untracked 
|  29|0x0000000081d00000, 0x0000000081e00000, 0x0000000081e00000|100%| O|  |TAMS 0x0000000081e00000, 0x0000000081d00000| Untracked 
|  30|0x0000000081e00000, 0x0000000081f00000, 0x0000000081f00000|100%| O|  |TAMS 0x0000000081f00000, 0x0000000081e00000| Untracked 
|  31|0x0000000081f00000, 0x0000000082000000, 0x0000000082000000|100%|HS|  |TAMS 0x0000000082000000, 0x0000000081f00000| Complete 
|  32|0x0000000082000000, 0x0000000082100000, 0x0000000082100000|100%| O|  |TAMS 0x0000000082100000, 0x0000000082000000| Untracked 
|  33|0x0000000082100000, 0x0000000082200000, 0x0000000082200000|100%| O|  |TAMS 0x0000000082200000, 0x0000000082100000| Untracked 
|  34|0x0000000082200000, 0x0000000082300000, 0x0000000082300000|100%| O|  |TAMS 0x0000000082300000, 0x0000000082200000| Untracked 
|  35|0x0000000082300000, 0x0000000082400000, 0x0000000082400000|100%| O|  |TAMS 0x0000000082400000, 0x0000000082300000| Untracked 
|  36|0x0000000082400000, 0x0000000082500000, 0x0000000082500000|100%| O|  |TAMS 0x0000000082500000, 0x0000000082400000| Untracked 
|  37|0x0000000082500000, 0x0000000082600000, 0x0000000082600000|100%| O|  |TAMS 0x0000000082600000, 0x0000000082500000| Untracked 
|  38|0x0000000082600000, 0x0000000082700000, 0x0000000082700000|100%| O|  |TAMS 0x0000000082700000, 0x0000000082600000| Untracked 
|  39|0x0000000082700000, 0x0000000082800000, 0x0000000082800000|100%| O|  |TAMS 0x0000000082800000, 0x0000000082700000| Untracked 
|  40|0x0000000082800000, 0x0000000082900000, 0x0000000082900000|100%| O|  |TAMS 0x0000000082900000, 0x0000000082800000| Untracked 
|  41|0x0000000082900000, 0x0000000082a00000, 0x0000000082a00000|100%| O|  |TAMS 0x0000000082a00000, 0x0000000082900000| Untracked 
|  42|0x0000000082a00000, 0x0000000082b00000, 0x0000000082b00000|100%| O|  |TAMS 0x0000000082b00000, 0x0000000082a00000| Untracked 
|  43|0x0000000082b00000, 0x0000000082c00000, 0x0000000082c00000|100%| O|  |TAMS 0x0000000082c00000, 0x0000000082b00000| Untracked 
|  44|0x0000000082c00000, 0x0000000082d00000, 0x0000000082d00000|100%| O|  |TAMS 0x0000000082d00000, 0x0000000082c00000| Untracked 
|  45|0x0000000082d00000, 0x0000000082e00000, 0x0000000082e00000|100%| O|  |TAMS 0x0000000082e00000, 0x0000000082d00000| Untracked 
|  46|0x0000000082e00000, 0x0000000082f00000, 0x0000000082f00000|100%| O|  |TAMS 0x0000000082f00000, 0x0000000082e00000| Untracked 
|  47|0x0000000082f00000, 0x0000000083000000, 0x0000000083000000|100%|HS|  |TAMS 0x0000000083000000, 0x0000000082f00000| Complete 
|  48|0x0000000083000000, 0x0000000083100000, 0x0000000083100000|100%|HS|  |TAMS 0x0000000083100000, 0x0000000083000000| Complete 
|  49|0x0000000083100000, 0x0000000083200000, 0x0000000083200000|100%|HS|  |TAMS 0x0000000083200000, 0x0000000083100000| Complete 
|  50|0x0000000083200000, 0x0000000083300000, 0x0000000083300000|100%|HC|  |TAMS 0x0000000083300000, 0x0000000083200000| Complete 
|  51|0x0000000083300000, 0x0000000083400000, 0x0000000083400000|100%|HS|  |TAMS 0x0000000083400000, 0x0000000083300000| Complete 
|  52|0x0000000083400000, 0x0000000083500000, 0x0000000083500000|100%|HC|  |TAMS 0x0000000083500000, 0x0000000083400000| Complete 
|  53|0x0000000083500000, 0x0000000083600000, 0x0000000083600000|100%|HS|  |TAMS 0x0000000083600000, 0x0000000083500000| Complete 
|  54|0x0000000083600000, 0x0000000083700000, 0x0000000083700000|100%|HS|  |TAMS 0x0000000083700000, 0x0000000083600000| Complete 
|  55|0x0000000083700000, 0x0000000083700000, 0x0000000083800000|  0%| F|  |TAMS 0x0000000083700000, 0x0000000083700000| Untracked 
|  56|0x0000000083800000, 0x0000000083900000, 0x0000000083900000|100%| O|  |TAMS 0x0000000083900000, 0x0000000083800000| Untracked 
|  57|0x0000000083900000, 0x0000000083900000, 0x0000000083a00000|  0%| F|  |TAMS 0x0000000083900000, 0x0000000083900000| Untracked 
|  58|0x0000000083a00000, 0x0000000083b00000, 0x0000000083b00000|100%| O|  |TAMS 0x0000000083b00000, 0x0000000083a00000| Untracked 
|  59|0x0000000083b00000, 0x0000000083c00000, 0x0000000083c00000|100%| O|  |TAMS 0x0000000083c00000, 0x0000000083b00000| Untracked 
|  60|0x0000000083c00000, 0x0000000083d00000, 0x0000000083d00000|100%| O|  |TAMS 0x0000000083d00000, 0x0000000083c00000| Untracked 
|  61|0x0000000083d00000, 0x0000000083e00000, 0x0000000083e00000|100%| O|  |TAMS 0x0000000083e00000, 0x0000000083d00000| Untracked 
|  62|0x0000000083e00000, 0x0000000083f00000, 0x0000000083f00000|100%| O|  |TAMS 0x0000000083f00000, 0x0000000083e00000| Untracked 
|  63|0x0000000083f00000, 0x0000000084000000, 0x0000000084000000|100%|HS|  |TAMS 0x0000000084000000, 0x0000000083f00000| Complete 
|  64|0x0000000084000000, 0x0000000084100000, 0x0000000084100000|100%|HC|  |TAMS 0x0000000084100000, 0x0000000084000000| Complete 
|  65|0x0000000084100000, 0x0000000084200000, 0x0000000084200000|100%|HC|  |TAMS 0x0000000084200000, 0x0000000084100000| Complete 
|  66|0x0000000084200000, 0x0000000084300000, 0x0000000084300000|100%|HC|  |TAMS 0x0000000084300000, 0x0000000084200000| Complete 
|  67|0x0000000084300000, 0x0000000084400000, 0x0000000084400000|100%| O|  |TAMS 0x0000000084400000, 0x0000000084300000| Untracked 
|  68|0x0000000084400000, 0x0000000084500000, 0x0000000084500000|100%| O|  |TAMS 0x0000000084500000, 0x0000000084400000| Untracked 
|  69|0x0000000084500000, 0x0000000084600000, 0x0000000084600000|100%| O|  |TAMS 0x0000000084600000, 0x0000000084500000| Untracked 
|  70|0x0000000084600000, 0x0000000084700000, 0x0000000084700000|100%| O|  |TAMS 0x0000000084700000, 0x0000000084600000| Untracked 
|  71|0x0000000084700000, 0x0000000084800000, 0x0000000084800000|100%| O|  |TAMS 0x0000000084800000, 0x0000000084700000| Untracked 
|  72|0x0000000084800000, 0x0000000084900000, 0x0000000084900000|100%|HS|  |TAMS 0x0000000084900000, 0x0000000084800000| Complete 
|  73|0x0000000084900000, 0x0000000084a00000, 0x0000000084a00000|100%| O|  |TAMS 0x0000000084a00000, 0x0000000084900000| Untracked 
|  74|0x0000000084a00000, 0x0000000084b00000, 0x0000000084b00000|100%| O|  |TAMS 0x0000000084b00000, 0x0000000084a00000| Untracked 
|  75|0x0000000084b00000, 0x0000000084c00000, 0x0000000084c00000|100%| O|  |TAMS 0x0000000084c00000, 0x0000000084b00000| Untracked 
|  76|0x0000000084c00000, 0x0000000084d00000, 0x0000000084d00000|100%| O|  |TAMS 0x0000000084d00000, 0x0000000084c00000| Untracked 
|  77|0x0000000084d00000, 0x0000000084e00000, 0x0000000084e00000|100%|HS|  |TAMS 0x0000000084e00000, 0x0000000084d00000| Complete 
|  78|0x0000000084e00000, 0x0000000084f00000, 0x0000000084f00000|100%|HC|  |TAMS 0x0000000084f00000, 0x0000000084e00000| Complete 
|  79|0x0000000084f00000, 0x0000000085000000, 0x0000000085000000|100%|HC|  |TAMS 0x0000000085000000, 0x0000000084f00000| Complete 
|  80|0x0000000085000000, 0x0000000085100000, 0x0000000085100000|100%|HC|  |TAMS 0x0000000085100000, 0x0000000085000000| Complete 
|  81|0x0000000085100000, 0x0000000085200000, 0x0000000085200000|100%| O|  |TAMS 0x0000000085200000, 0x0000000085100000| Untracked 
|  82|0x0000000085200000, 0x0000000085300000, 0x0000000085300000|100%| O|  |TAMS 0x0000000085300000, 0x0000000085200000| Untracked 
|  83|0x0000000085300000, 0x0000000085400000, 0x0000000085400000|100%| O|  |TAMS 0x0000000085400000, 0x0000000085300000| Untracked 
|  84|0x0000000085400000, 0x0000000085500000, 0x0000000085500000|100%| O|  |TAMS 0x0000000085500000, 0x0000000085400000| Untracked 
|  85|0x0000000085500000, 0x0000000085600000, 0x0000000085600000|100%| O|  |TAMS 0x0000000085600000, 0x0000000085500000| Untracked 
|  86|0x0000000085600000, 0x0000000085700000, 0x0000000085700000|100%| O|  |TAMS 0x0000000085700000, 0x0000000085600000| Untracked 
|  87|0x0000000085700000, 0x0000000085800000, 0x0000000085800000|100%| O|  |TAMS 0x0000000085800000, 0x0000000085700000| Untracked 
|  88|0x0000000085800000, 0x0000000085900000, 0x0000000085900000|100%| O|  |TAMS 0x0000000085900000, 0x0000000085800000| Untracked 
|  89|0x0000000085900000, 0x0000000085a00000, 0x0000000085a00000|100%| O|  |TAMS 0x0000000085a00000, 0x0000000085900000| Untracked 
|  90|0x0000000085a00000, 0x0000000085b00000, 0x0000000085b00000|100%| O|  |TAMS 0x0000000085b00000, 0x0000000085a00000| Untracked 
|  91|0x0000000085b00000, 0x0000000085c00000, 0x0000000085c00000|100%| O|  |TAMS 0x0000000085c00000, 0x0000000085b00000| Untracked 
|  92|0x0000000085c00000, 0x0000000085d00000, 0x0000000085d00000|100%| O|  |TAMS 0x0000000085d00000, 0x0000000085c00000| Untracked 
|  93|0x0000000085d00000, 0x0000000085e00000, 0x0000000085e00000|100%| O|  |TAMS 0x0000000085e00000, 0x0000000085d00000| Untracked 
|  94|0x0000000085e00000, 0x0000000085f00000, 0x0000000085f00000|100%| O|  |TAMS 0x0000000085f00000, 0x0000000085e00000| Untracked 
|  95|0x0000000085f00000, 0x0000000086000000, 0x0000000086000000|100%| O|  |TAMS 0x0000000086000000, 0x0000000085f00000| Untracked 
|  96|0x0000000086000000, 0x0000000086100000, 0x0000000086100000|100%| O|  |TAMS 0x0000000086100000, 0x0000000086000000| Untracked 
|  97|0x0000000086100000, 0x0000000086200000, 0x0000000086200000|100%| O|  |TAMS 0x0000000086200000, 0x0000000086100000| Untracked 
|  98|0x0000000086200000, 0x0000000086300000, 0x0000000086300000|100%| O|  |TAMS 0x0000000086300000, 0x0000000086200000| Untracked 
|  99|0x0000000086300000, 0x0000000086400000, 0x0000000086400000|100%| O|  |TAMS 0x0000000086400000, 0x0000000086300000| Untracked 
| 100|0x0000000086400000, 0x0000000086400000, 0x0000000086500000|  0%| F|  |TAMS 0x0000000086400000, 0x0000000086400000| Untracked 
| 101|0x0000000086500000, 0x0000000086600000, 0x0000000086600000|100%| O|  |TAMS 0x0000000086600000, 0x0000000086500000| Untracked 
| 102|0x0000000086600000, 0x0000000086700000, 0x0000000086700000|100%| O|  |TAMS 0x0000000086700000, 0x0000000086600000| Untracked 
| 103|0x0000000086700000, 0x0000000086800000, 0x0000000086800000|100%| O|  |TAMS 0x0000000086800000, 0x0000000086700000| Untracked 
| 104|0x0000000086800000, 0x0000000086900000, 0x0000000086900000|100%| O|  |TAMS 0x0000000086900000, 0x0000000086800000| Untracked 
| 105|0x0000000086900000, 0x0000000086a00000, 0x0000000086a00000|100%| O|  |TAMS 0x0000000086a00000, 0x0000000086900000| Untracked 
| 106|0x0000000086a00000, 0x0000000086b00000, 0x0000000086b00000|100%| O|  |TAMS 0x0000000086b00000, 0x0000000086a00000| Untracked 
| 107|0x0000000086b00000, 0x0000000086c00000, 0x0000000086c00000|100%| O|  |TAMS 0x0000000086c00000, 0x0000000086b00000| Untracked 
| 108|0x0000000086c00000, 0x0000000086d00000, 0x0000000086d00000|100%| O|  |TAMS 0x0000000086d00000, 0x0000000086c00000| Untracked 
| 109|0x0000000086d00000, 0x0000000086e00000, 0x0000000086e00000|100%| O|  |TAMS 0x0000000086e00000, 0x0000000086d00000| Untracked 
| 110|0x0000000086e00000, 0x0000000086f00000, 0x0000000086f00000|100%| O|  |TAMS 0x0000000086f00000, 0x0000000086e00000| Untracked 
| 111|0x0000000086f00000, 0x0000000087000000, 0x0000000087000000|100%| O|  |TAMS 0x0000000087000000, 0x0000000086f00000| Untracked 
| 112|0x0000000087000000, 0x0000000087100000, 0x0000000087100000|100%| O|  |TAMS 0x0000000087100000, 0x0000000087000000| Untracked 
| 113|0x0000000087100000, 0x0000000087200000, 0x0000000087200000|100%| O|  |TAMS 0x0000000087200000, 0x0000000087100000| Untracked 
| 114|0x0000000087200000, 0x0000000087300000, 0x0000000087300000|100%| O|  |TAMS 0x0000000087300000, 0x0000000087200000| Untracked 
| 115|0x0000000087300000, 0x0000000087400000, 0x0000000087400000|100%| O|  |TAMS 0x0000000087400000, 0x0000000087300000| Untracked 
| 116|0x0000000087400000, 0x0000000087500000, 0x0000000087500000|100%| O|  |TAMS 0x0000000087500000, 0x0000000087400000| Untracked 
| 117|0x0000000087500000, 0x0000000087600000, 0x0000000087600000|100%| O|  |TAMS 0x0000000087600000, 0x0000000087500000| Untracked 
| 118|0x0000000087600000, 0x0000000087700000, 0x0000000087700000|100%| O|  |TAMS 0x0000000087700000, 0x0000000087600000| Untracked 
| 119|0x0000000087700000, 0x0000000087800000, 0x0000000087800000|100%| O|  |TAMS 0x0000000087800000, 0x0000000087700000| Untracked 
| 120|0x0000000087800000, 0x0000000087900000, 0x0000000087900000|100%| O|  |TAMS 0x0000000087900000, 0x0000000087800000| Untracked 
| 121|0x0000000087900000, 0x0000000087a00000, 0x0000000087a00000|100%| O|  |TAMS 0x0000000087a00000, 0x0000000087900000| Untracked 
| 122|0x0000000087a00000, 0x0000000087b00000, 0x0000000087b00000|100%|HS|  |TAMS 0x0000000087b00000, 0x0000000087a00000| Complete 
| 123|0x0000000087b00000, 0x0000000087c00000, 0x0000000087c00000|100%|HC|  |TAMS 0x0000000087c00000, 0x0000000087b00000| Complete 
| 124|0x0000000087c00000, 0x0000000087d00000, 0x0000000087d00000|100%|HC|  |TAMS 0x0000000087d00000, 0x0000000087c00000| Complete 
| 125|0x0000000087d00000, 0x0000000087e00000, 0x0000000087e00000|100%|HC|  |TAMS 0x0000000087e00000, 0x0000000087d00000| Complete 
| 126|0x0000000087e00000, 0x0000000087f00000, 0x0000000087f00000|100%|HC|  |TAMS 0x0000000087f00000, 0x0000000087e00000| Complete 
| 127|0x0000000087f00000, 0x0000000088000000, 0x0000000088000000|100%|HC|  |TAMS 0x0000000088000000, 0x0000000087f00000| Complete 
| 128|0x0000000088000000, 0x0000000088100000, 0x0000000088100000|100%|HS|  |TAMS 0x0000000088100000, 0x0000000088000000| Complete 
| 129|0x0000000088100000, 0x0000000088200000, 0x0000000088200000|100%| O|  |TAMS 0x0000000088200000, 0x0000000088100000| Untracked 
| 130|0x0000000088200000, 0x0000000088300000, 0x0000000088300000|100%| O|  |TAMS 0x0000000088300000, 0x0000000088200000| Untracked 
| 131|0x0000000088300000, 0x0000000088400000, 0x0000000088400000|100%| O|  |TAMS 0x0000000088400000, 0x0000000088300000| Untracked 
| 132|0x0000000088400000, 0x0000000088500000, 0x0000000088500000|100%| O|  |TAMS 0x0000000088500000, 0x0000000088400000| Untracked 
| 133|0x0000000088500000, 0x0000000088600000, 0x0000000088600000|100%| O|  |TAMS 0x0000000088600000, 0x0000000088500000| Untracked 
| 134|0x0000000088600000, 0x0000000088700000, 0x0000000088700000|100%| O|  |TAMS 0x0000000088700000, 0x0000000088600000| Untracked 
| 135|0x0000000088700000, 0x0000000088800000, 0x0000000088800000|100%| O|  |TAMS 0x0000000088800000, 0x0000000088700000| Untracked 
| 136|0x0000000088800000, 0x0000000088900000, 0x0000000088900000|100%| O|  |TAMS 0x000000008887b600, 0x0000000088800000| Untracked 
| 137|0x0000000088900000, 0x0000000088a00000, 0x0000000088a00000|100%| O|  |TAMS 0x0000000088900000, 0x0000000088900000| Untracked 
| 138|0x0000000088a00000, 0x0000000088b00000, 0x0000000088b00000|100%| O|  |TAMS 0x0000000088a00000, 0x0000000088a00000| Untracked 
| 139|0x0000000088b00000, 0x0000000088c00000, 0x0000000088c00000|100%| O|  |TAMS 0x0000000088b00000, 0x0000000088b00000| Untracked 
| 140|0x0000000088c00000, 0x0000000088d00000, 0x0000000088d00000|100%| O|  |TAMS 0x0000000088c00000, 0x0000000088c00000| Untracked 
| 141|0x0000000088d00000, 0x0000000088e00000, 0x0000000088e00000|100%| O|  |TAMS 0x0000000088d00000, 0x0000000088d00000| Untracked 
| 142|0x0000000088e00000, 0x0000000088f00000, 0x0000000088f00000|100%| O|  |TAMS 0x0000000088e00000, 0x0000000088e00000| Untracked 
| 143|0x0000000088f00000, 0x0000000089000000, 0x0000000089000000|100%| O|  |TAMS 0x0000000088f00000, 0x0000000088f00000| Untracked 
| 144|0x0000000089000000, 0x0000000089100000, 0x0000000089100000|100%| O|  |TAMS 0x0000000089000000, 0x0000000089000000| Untracked 
| 145|0x0000000089100000, 0x0000000089200000, 0x0000000089200000|100%| O|  |TAMS 0x0000000089100000, 0x0000000089100000| Untracked 
| 146|0x0000000089200000, 0x0000000089300000, 0x0000000089300000|100%| O|  |TAMS 0x0000000089200000, 0x0000000089200000| Untracked 
| 147|0x0000000089300000, 0x0000000089400000, 0x0000000089400000|100%| O|  |TAMS 0x0000000089300000, 0x0000000089300000| Untracked 
| 148|0x0000000089400000, 0x0000000089500000, 0x0000000089500000|100%| O|  |TAMS 0x0000000089400000, 0x0000000089400000| Untracked 
| 149|0x0000000089500000, 0x0000000089515e00, 0x0000000089600000|  8%| O|  |TAMS 0x0000000089500000, 0x0000000089500000| Untracked 
| 150|0x0000000089600000, 0x0000000089600000, 0x0000000089700000|  0%| F|  |TAMS 0x0000000089600000, 0x0000000089600000| Untracked 
| 151|0x0000000089700000, 0x0000000089700000, 0x0000000089800000|  0%| F|  |TAMS 0x0000000089700000, 0x0000000089700000| Untracked 
| 152|0x0000000089800000, 0x0000000089800000, 0x0000000089900000|  0%| F|  |TAMS 0x0000000089800000, 0x0000000089800000| Untracked 
| 153|0x0000000089900000, 0x0000000089900000, 0x0000000089a00000|  0%| F|  |TAMS 0x0000000089900000, 0x0000000089900000| Untracked 
| 154|0x0000000089a00000, 0x0000000089a00000, 0x0000000089b00000|  0%| F|  |TAMS 0x0000000089a00000, 0x0000000089a00000| Untracked 
| 155|0x0000000089b00000, 0x0000000089b00000, 0x0000000089c00000|  0%| F|  |TAMS 0x0000000089b00000, 0x0000000089b00000| Untracked 
| 156|0x0000000089c00000, 0x0000000089c00000, 0x0000000089d00000|  0%| F|  |TAMS 0x0000000089c00000, 0x0000000089c00000| Untracked 
| 157|0x0000000089d00000, 0x0000000089d00000, 0x0000000089e00000|  0%| F|  |TAMS 0x0000000089d00000, 0x0000000089d00000| Untracked 
| 158|0x0000000089e00000, 0x0000000089e00000, 0x0000000089f00000|  0%| F|  |TAMS 0x0000000089e00000, 0x0000000089e00000| Untracked 
| 159|0x0000000089f00000, 0x0000000089f00000, 0x000000008a000000|  0%| F|  |TAMS 0x0000000089f00000, 0x0000000089f00000| Untracked 
| 160|0x000000008a000000, 0x000000008a000000, 0x000000008a100000|  0%| F|  |TAMS 0x000000008a000000, 0x000000008a000000| Untracked 
| 161|0x000000008a100000, 0x000000008a100000, 0x000000008a200000|  0%| F|  |TAMS 0x000000008a100000, 0x000000008a100000| Untracked 
| 162|0x000000008a200000, 0x000000008a200000, 0x000000008a300000|  0%| F|  |TAMS 0x000000008a200000, 0x000000008a200000| Untracked 
| 163|0x000000008a300000, 0x000000008a300000, 0x000000008a400000|  0%| F|  |TAMS 0x000000008a300000, 0x000000008a300000| Untracked 
| 164|0x000000008a400000, 0x000000008a400000, 0x000000008a500000|  0%| F|  |TAMS 0x000000008a400000, 0x000000008a400000| Untracked 
| 165|0x000000008a500000, 0x000000008a500000, 0x000000008a600000|  0%| F|  |TAMS 0x000000008a500000, 0x000000008a500000| Untracked 
| 166|0x000000008a600000, 0x000000008a600000, 0x000000008a700000|  0%| F|  |TAMS 0x000000008a600000, 0x000000008a600000| Untracked 
| 167|0x000000008a700000, 0x000000008a700000, 0x000000008a800000|  0%| F|  |TAMS 0x000000008a700000, 0x000000008a700000| Untracked 
| 168|0x000000008a800000, 0x000000008a800000, 0x000000008a900000|  0%| F|  |TAMS 0x000000008a800000, 0x000000008a800000| Untracked 
| 169|0x000000008a900000, 0x000000008a900000, 0x000000008aa00000|  0%| F|  |TAMS 0x000000008a900000, 0x000000008a900000| Untracked 
| 170|0x000000008aa00000, 0x000000008aa00000, 0x000000008ab00000|  0%| F|  |TAMS 0x000000008aa00000, 0x000000008aa00000| Untracked 
| 171|0x000000008ab00000, 0x000000008ab00000, 0x000000008ac00000|  0%| F|  |TAMS 0x000000008ab00000, 0x000000008ab00000| Untracked 
| 172|0x000000008ac00000, 0x000000008ac00000, 0x000000008ad00000|  0%| F|  |TAMS 0x000000008ac00000, 0x000000008ac00000| Untracked 
| 173|0x000000008ad00000, 0x000000008ad00000, 0x000000008ae00000|  0%| F|  |TAMS 0x000000008ad00000, 0x000000008ad00000| Untracked 
| 174|0x000000008ae00000, 0x000000008ae00000, 0x000000008af00000|  0%| F|  |TAMS 0x000000008ae00000, 0x000000008ae00000| Untracked 
| 175|0x000000008af00000, 0x000000008af00000, 0x000000008b000000|  0%| F|  |TAMS 0x000000008af00000, 0x000000008af00000| Untracked 
| 176|0x000000008b000000, 0x000000008b000000, 0x000000008b100000|  0%| F|  |TAMS 0x000000008b000000, 0x000000008b000000| Untracked 
| 177|0x000000008b100000, 0x000000008b100000, 0x000000008b200000|  0%| F|  |TAMS 0x000000008b100000, 0x000000008b100000| Untracked 
| 178|0x000000008b200000, 0x000000008b200000, 0x000000008b300000|  0%| F|  |TAMS 0x000000008b200000, 0x000000008b200000| Untracked 
| 179|0x000000008b300000, 0x000000008b300000, 0x000000008b400000|  0%| F|  |TAMS 0x000000008b300000, 0x000000008b300000| Untracked 
| 180|0x000000008b400000, 0x000000008b400000, 0x000000008b500000|  0%| F|  |TAMS 0x000000008b400000, 0x000000008b400000| Untracked 
| 181|0x000000008b500000, 0x000000008b500000, 0x000000008b600000|  0%| F|  |TAMS 0x000000008b500000, 0x000000008b500000| Untracked 
| 182|0x000000008b600000, 0x000000008b600000, 0x000000008b700000|  0%| F|  |TAMS 0x000000008b600000, 0x000000008b600000| Untracked 
| 183|0x000000008b700000, 0x000000008b700000, 0x000000008b800000|  0%| F|  |TAMS 0x000000008b700000, 0x000000008b700000| Untracked 
| 184|0x000000008b800000, 0x000000008b800000, 0x000000008b900000|  0%| F|  |TAMS 0x000000008b800000, 0x000000008b800000| Untracked 
| 185|0x000000008b900000, 0x000000008b900000, 0x000000008ba00000|  0%| F|  |TAMS 0x000000008b900000, 0x000000008b900000| Untracked 
| 186|0x000000008ba00000, 0x000000008ba00000, 0x000000008bb00000|  0%| F|  |TAMS 0x000000008ba00000, 0x000000008ba00000| Untracked 
| 187|0x000000008bb00000, 0x000000008bb00000, 0x000000008bc00000|  0%| F|  |TAMS 0x000000008bb00000, 0x000000008bb00000| Untracked 
| 188|0x000000008bc00000, 0x000000008bc00000, 0x000000008bd00000|  0%| F|  |TAMS 0x000000008bc00000, 0x000000008bc00000| Untracked 
| 189|0x000000008bd00000, 0x000000008bd00000, 0x000000008be00000|  0%| F|  |TAMS 0x000000008bd00000, 0x000000008bd00000| Untracked 
| 190|0x000000008be00000, 0x000000008be00000, 0x000000008bf00000|  0%| F|  |TAMS 0x000000008be00000, 0x000000008be00000| Untracked 
| 191|0x000000008bf00000, 0x000000008bf00000, 0x000000008c000000|  0%| F|  |TAMS 0x000000008bf00000, 0x000000008bf00000| Untracked 
| 192|0x000000008c000000, 0x000000008c000000, 0x000000008c100000|  0%| F|  |TAMS 0x000000008c000000, 0x000000008c000000| Untracked 
| 193|0x000000008c100000, 0x000000008c100000, 0x000000008c200000|  0%| F|  |TAMS 0x000000008c100000, 0x000000008c100000| Untracked 
| 194|0x000000008c200000, 0x000000008c200000, 0x000000008c300000|  0%| F|  |TAMS 0x000000008c200000, 0x000000008c200000| Untracked 
| 195|0x000000008c300000, 0x000000008c300000, 0x000000008c400000|  0%| F|  |TAMS 0x000000008c300000, 0x000000008c300000| Untracked 
| 196|0x000000008c400000, 0x000000008c400000, 0x000000008c500000|  0%| F|  |TAMS 0x000000008c400000, 0x000000008c400000| Untracked 
| 197|0x000000008c500000, 0x000000008c500000, 0x000000008c600000|  0%| F|  |TAMS 0x000000008c500000, 0x000000008c500000| Untracked 
| 198|0x000000008c600000, 0x000000008c600000, 0x000000008c700000|  0%| F|  |TAMS 0x000000008c600000, 0x000000008c600000| Untracked 
| 199|0x000000008c700000, 0x000000008c800000, 0x000000008c800000|100%| E|  |TAMS 0x000000008c700000, 0x000000008c700000| Complete 
| 200|0x000000008c800000, 0x000000008c900000, 0x000000008c900000|100%| E|CS|TAMS 0x000000008c800000, 0x000000008c800000| Complete 
| 201|0x000000008c900000, 0x000000008ca00000, 0x000000008ca00000|100%| E|CS|TAMS 0x000000008c900000, 0x000000008c900000| Complete 
| 202|0x000000008ca00000, 0x000000008cb00000, 0x000000008cb00000|100%| E|CS|TAMS 0x000000008ca00000, 0x000000008ca00000| Complete 
| 203|0x000000008cb00000, 0x000000008cc00000, 0x000000008cc00000|100%| E|CS|TAMS 0x000000008cb00000, 0x000000008cb00000| Complete 
| 204|0x000000008cc00000, 0x000000008cd00000, 0x000000008cd00000|100%| E|CS|TAMS 0x000000008cc00000, 0x000000008cc00000| Complete 
| 205|0x000000008cd00000, 0x000000008ce00000, 0x000000008ce00000|100%| E|CS|TAMS 0x000000008cd00000, 0x000000008cd00000| Complete 
| 206|0x000000008ce00000, 0x000000008cf00000, 0x000000008cf00000|100%| E|CS|TAMS 0x000000008ce00000, 0x000000008ce00000| Complete 
| 207|0x000000008cf00000, 0x000000008d000000, 0x000000008d000000|100%| E|CS|TAMS 0x000000008cf00000, 0x000000008cf00000| Complete 
| 208|0x000000008d000000, 0x000000008d100000, 0x000000008d100000|100%| E|CS|TAMS 0x000000008d000000, 0x000000008d000000| Complete 
| 209|0x000000008d100000, 0x000000008d200000, 0x000000008d200000|100%| E|CS|TAMS 0x000000008d100000, 0x000000008d100000| Complete 
| 210|0x000000008d200000, 0x000000008d300000, 0x000000008d300000|100%| E|CS|TAMS 0x000000008d200000, 0x000000008d200000| Complete 
| 211|0x000000008d300000, 0x000000008d400000, 0x000000008d400000|100%| E|CS|TAMS 0x000000008d300000, 0x000000008d300000| Complete 
| 212|0x000000008d400000, 0x000000008d500000, 0x000000008d500000|100%| E|CS|TAMS 0x000000008d400000, 0x000000008d400000| Complete 
| 213|0x000000008d500000, 0x000000008d600000, 0x000000008d600000|100%| E|CS|TAMS 0x000000008d500000, 0x000000008d500000| Complete 
| 214|0x000000008d600000, 0x000000008d700000, 0x000000008d700000|100%| E|CS|TAMS 0x000000008d600000, 0x000000008d600000| Complete 
| 215|0x000000008d700000, 0x000000008d800000, 0x000000008d800000|100%| E|CS|TAMS 0x000000008d700000, 0x000000008d700000| Complete 
| 216|0x000000008d800000, 0x000000008d900000, 0x000000008d900000|100%| E|CS|TAMS 0x000000008d800000, 0x000000008d800000| Complete 
| 217|0x000000008d900000, 0x000000008da00000, 0x000000008da00000|100%| E|CS|TAMS 0x000000008d900000, 0x000000008d900000| Complete 
| 218|0x000000008da00000, 0x000000008db00000, 0x000000008db00000|100%| E|CS|TAMS 0x000000008da00000, 0x000000008da00000| Complete 
| 219|0x000000008db00000, 0x000000008dc00000, 0x000000008dc00000|100%| E|CS|TAMS 0x000000008db00000, 0x000000008db00000| Complete 
| 220|0x000000008dc00000, 0x000000008dd00000, 0x000000008dd00000|100%| E|CS|TAMS 0x000000008dc00000, 0x000000008dc00000| Complete 
| 221|0x000000008dd00000, 0x000000008de00000, 0x000000008de00000|100%| E|CS|TAMS 0x000000008dd00000, 0x000000008dd00000| Complete 
| 222|0x000000008de00000, 0x000000008df00000, 0x000000008df00000|100%| E|CS|TAMS 0x000000008de00000, 0x000000008de00000| Complete 
| 223|0x000000008df00000, 0x000000008e000000, 0x000000008e000000|100%| E|CS|TAMS 0x000000008df00000, 0x000000008df00000| Complete 
| 224|0x000000008e000000, 0x000000008e100000, 0x000000008e100000|100%| E|CS|TAMS 0x000000008e000000, 0x000000008e000000| Complete 
| 225|0x000000008e100000, 0x000000008e200000, 0x000000008e200000|100%| E|CS|TAMS 0x000000008e100000, 0x000000008e100000| Complete 
| 226|0x000000008e200000, 0x000000008e300000, 0x000000008e300000|100%| E|CS|TAMS 0x000000008e200000, 0x000000008e200000| Complete 
| 227|0x000000008e300000, 0x000000008e400000, 0x000000008e400000|100%| E|CS|TAMS 0x000000008e300000, 0x000000008e300000| Complete 
| 228|0x000000008e400000, 0x000000008e500000, 0x000000008e500000|100%| E|CS|TAMS 0x000000008e400000, 0x000000008e400000| Complete 
| 229|0x000000008e500000, 0x000000008e600000, 0x000000008e600000|100%| E|CS|TAMS 0x000000008e500000, 0x000000008e500000| Complete 
| 230|0x000000008e600000, 0x000000008e700000, 0x000000008e700000|100%| E|CS|TAMS 0x000000008e600000, 0x000000008e600000| Complete 
| 231|0x000000008e700000, 0x000000008e800000, 0x000000008e800000|100%| E|CS|TAMS 0x000000008e700000, 0x000000008e700000| Complete 
| 232|0x000000008e800000, 0x000000008e900000, 0x000000008e900000|100%| E|CS|TAMS 0x000000008e800000, 0x000000008e800000| Complete 
| 233|0x000000008e900000, 0x000000008ea00000, 0x000000008ea00000|100%| E|CS|TAMS 0x000000008e900000, 0x000000008e900000| Complete 
| 234|0x000000008ea00000, 0x000000008eb00000, 0x000000008eb00000|100%| E|CS|TAMS 0x000000008ea00000, 0x000000008ea00000| Complete 
| 235|0x000000008eb00000, 0x000000008ec00000, 0x000000008ec00000|100%| E|CS|TAMS 0x000000008eb00000, 0x000000008eb00000| Complete 
| 236|0x000000008ec00000, 0x000000008ed00000, 0x000000008ed00000|100%| E|CS|TAMS 0x000000008ec00000, 0x000000008ec00000| Complete 
| 237|0x000000008ed00000, 0x000000008ee00000, 0x000000008ee00000|100%| E|CS|TAMS 0x000000008ed00000, 0x000000008ed00000| Complete 
| 238|0x000000008ee00000, 0x000000008ef00000, 0x000000008ef00000|100%| E|CS|TAMS 0x000000008ee00000, 0x000000008ee00000| Complete 
| 239|0x000000008ef00000, 0x000000008f000000, 0x000000008f000000|100%| S|CS|TAMS 0x000000008ef00000, 0x000000008ef00000| Complete 
| 240|0x000000008f000000, 0x000000008f100000, 0x000000008f100000|100%| E|CS|TAMS 0x000000008f000000, 0x000000008f000000| Complete 
| 241|0x000000008f100000, 0x000000008f200000, 0x000000008f200000|100%| E|CS|TAMS 0x000000008f100000, 0x000000008f100000| Complete 
| 242|0x000000008f200000, 0x000000008f300000, 0x000000008f300000|100%| E|CS|TAMS 0x000000008f200000, 0x000000008f200000| Complete 
| 243|0x000000008f300000, 0x000000008f400000, 0x000000008f400000|100%| E|CS|TAMS 0x000000008f300000, 0x000000008f300000| Complete 
| 244|0x000000008f400000, 0x000000008f500000, 0x000000008f500000|100%| E|CS|TAMS 0x000000008f400000, 0x000000008f400000| Complete 
| 252|0x000000008fc00000, 0x000000008fd00000, 0x000000008fd00000|100%| E|CS|TAMS 0x000000008fc00000, 0x000000008fc00000| Complete 
| 253|0x000000008fd00000, 0x000000008fe00000, 0x000000008fe00000|100%| E|CS|TAMS 0x000000008fd00000, 0x000000008fd00000| Complete 

Card table byte_map: [0x000001e61f890000,0x000001e61fc90000] _byte_map_base: 0x000001e61f490000

Marking Bits (Prev, Next): (CMBitMap*) 0x000001e6064cd480, (CMBitMap*) 0x000001e6064cd4c0
 Prev Bits: [0x000001e620090000, 0x000001e622090000)
 Next Bits: [0x000001e622090000, 0x000001e624090000)

Polling page: 0x000001e6061d0000

Metaspace:

Usage:
  Non-class:    101.76 MB used.
      Class:     15.31 MB used.
       Both:    117.07 MB used.

Virtual space:
  Non-class space:      128.00 MB reserved,     102.19 MB ( 80%) committed,  2 nodes.
      Class space:        1.00 GB reserved,      15.75 MB (  2%) committed,  1 nodes.
             Both:        1.12 GB reserved,     117.94 MB ( 10%) committed. 

Chunk freelists:
   Non-Class:  9.23 MB
       Class:  80.00 KB
        Both:  9.31 MB

MaxMetaspaceSize: unlimited
CompressedClassSpaceSize: 1.00 GB
Initial GC threshold: 21.00 MB
Current GC threshold: 179.50 MB
CDS: on
MetaspaceReclaimPolicy: balanced
 - commit_granule_bytes: 65536.
 - commit_granule_words: 8192.
 - virtual_space_node_default_size: 8388608.
 - enlarge_chunks_in_place: 1.
 - new_chunks_are_fully_committed: 0.
 - uncommit_free_chunks: 1.
 - use_allocation_guard: 0.
 - handle_deallocations: 1.


Internal statistics:

num_allocs_failed_limit: 6.
num_arena_births: 1034.
num_arena_deaths: 0.
num_vsnodes_births: 3.
num_vsnodes_deaths: 0.
num_space_committed: 1885.
num_space_uncommitted: 0.
num_chunks_returned_to_freelist: 6.
num_chunks_taken_from_freelist: 5577.
num_chunk_merges: 6.
num_chunk_splits: 4121.
num_chunks_enlarged: 3171.
num_inconsistent_stats: 0.

CodeHeap 'non-profiled nmethods': size=119168Kb used=7396Kb max_used=7433Kb free=111771Kb
 bounds [0x000001e617080000, 0x000001e6177d0000, 0x000001e61e4e0000]
CodeHeap 'profiled nmethods': size=119104Kb used=29314Kb max_used=29314Kb free=89789Kb
 bounds [0x000001e60f4e0000, 0x000001e611190000, 0x000001e616930000]
CodeHeap 'non-nmethods': size=7488Kb used=4222Kb max_used=4229Kb free=3265Kb
 bounds [0x000001e616930000, 0x000001e616d60000, 0x000001e617080000]
 total_blobs=14568 nmethods=13479 adapters=997
 compilation: enabled
              stopped_count=0, restarted_count=0
 full_count=0

Compilation events (20 events):
Event: 20.512 Thread 0x000001e671c6ad40 nmethod 15554 0x000001e61724de10 code [0x000001e61724dfa0, 0x000001e61724e078]
Event: 20.550 Thread 0x000001e627c69c40 15555       3       org.jetbrains.kotlin.codegen.intrinsics.IntrinsicsMap::registerIntrinsic (61 bytes)
Event: 20.550 Thread 0x000001e6271b0ee0 15556       3       org.jetbrains.kotlin.codegen.intrinsics.IntrinsicsMap$Key::<init> (38 bytes)
Event: 20.550 Thread 0x000001e66ffc4bc0 15557       3       org.jetbrains.kotlin.codegen.intrinsics.IntrinsicsMap$Key::hashCode (60 bytes)
Event: 20.550 Thread 0x000001e66ffc6d60 15558       3       org.jetbrains.kotlin.codegen.intrinsics.IntrinsicMethods::declareIntrinsicFunction (39 bytes)
Event: 20.550 Thread 0x000001e66ffc4bc0 nmethod 15557 0x000001e611172310 code [0x000001e611172500, 0x000001e611172888]
Event: 20.550 Thread 0x000001e6271b0ee0 nmethod 15556 0x000001e611172a90 code [0x000001e611172d20, 0x000001e611173938]
Event: 20.550 Thread 0x000001e66ffc6d60 nmethod 15558 0x000001e611173d10 code [0x000001e611173ee0, 0x000001e6111741b8]
Event: 20.550 Thread 0x000001e627c69c40 nmethod 15555 0x000001e611174310 code [0x000001e611174660, 0x000001e611175878]
Event: 20.572 Thread 0x000001e671c6b290 15559       4       java.lang.invoke.MethodHandles$Lookup::checkAccess (232 bytes)
Event: 20.573 Thread 0x000001e671c6b290 nmethod 15559 0x000001e61724d690 code [0x000001e61724d840, 0x000001e61724db50]
Event: 20.577 Thread 0x000001e6271b0ee0 15560       3       org.jetbrains.kotlin.com.intellij.openapi.extensions.BaseExtensionPointName::getName (13 bytes)
Event: 20.577 Thread 0x000001e6271b0ee0 nmethod 15560 0x000001e611175f10 code [0x000001e6111760c0, 0x000001e611176248]
Event: 20.585 Thread 0x000001e671c6b290 15561   !   4       java.net.URLClassLoader::findClass (47 bytes)
Event: 20.596 Thread 0x000001e671c6ad40 15562   !   4       java.net.URLClassLoader$1::run (81 bytes)
Event: 20.628 Thread 0x000001e6271a8420 15563       4       java.net.URLClassLoader$1::run (5 bytes)
Event: 20.662 Thread 0x000001e6271b0ee0 15565       3       kotlin.collections.CollectionsKt___CollectionsKt::plus (39 bytes)
Event: 20.663 Thread 0x000001e6271b0ee0 nmethod 15565 0x000001e611176310 code [0x000001e611176580, 0x000001e611177178]
Event: 20.664 Thread 0x000001e6271b0ee0 15566       1       org.jetbrains.kotlin.backend.common.phaser.AbstractNamedCompilerPhase::getName (5 bytes)
Event: 20.664 Thread 0x000001e6271b0ee0 nmethod 15566 0x000001e61724d390 code [0x000001e61724d520, 0x000001e61724d5f8]

GC Heap History (20 events):
Event: 16.323 GC heap before
{Heap before GC invocations=37 (full 0):
 garbage-first heap   total 184320K, used 148647K [0x0000000080000000, 0x0000000100000000)
  region size 1024K, 32 young (32768K), 6 survivors (6144K)
 Metaspace       used 92025K, committed 92864K, reserved 1179648K
  class space    used 12689K, committed 13120K, reserved 1048576K
}
Event: 16.326 GC heap after
{Heap after GC invocations=38 (full 0):
 garbage-first heap   total 184320K, used 126280K [0x0000000080000000, 0x0000000100000000)
  region size 1024K, 2 young (2048K), 2 survivors (2048K)
 Metaspace       used 92025K, committed 92864K, reserved 1179648K
  class space    used 12689K, committed 13120K, reserved 1048576K
}
Event: 16.355 GC heap before
{Heap before GC invocations=38 (full 0):
 garbage-first heap   total 184320K, used 133448K [0x0000000080000000, 0x0000000100000000)
  region size 1024K, 4 young (4096K), 2 survivors (2048K)
 Metaspace       used 92225K, committed 93120K, reserved 1179648K
  class space    used 12717K, committed 13184K, reserved 1048576K
}
Event: 16.357 GC heap after
{Heap after GC invocations=39 (full 0):
 garbage-first heap   total 184320K, used 131907K [0x0000000080000000, 0x0000000100000000)
  region size 1024K, 2 young (2048K), 2 survivors (2048K)
 Metaspace       used 92225K, committed 93120K, reserved 1179648K
  class space    used 12717K, committed 13184K, reserved 1048576K
}
Event: 16.558 GC heap before
{Heap before GC invocations=40 (full 0):
 garbage-first heap   total 230400K, used 156483K [0x0000000080000000, 0x0000000100000000)
  region size 1024K, 25 young (25600K), 2 survivors (2048K)
 Metaspace       used 93200K, committed 94016K, reserved 1179648K
  class space    used 12828K, committed 13248K, reserved 1048576K
}
Event: 16.561 GC heap after
{Heap after GC invocations=41 (full 0):
 garbage-first heap   total 230400K, used 135781K [0x0000000080000000, 0x0000000100000000)
  region size 1024K, 4 young (4096K), 4 survivors (4096K)
 Metaspace       used 93200K, committed 94016K, reserved 1179648K
  class space    used 12828K, committed 13248K, reserved 1048576K
}
Event: 16.609 GC heap before
{Heap before GC invocations=41 (full 0):
 garbage-first heap   total 230400K, used 141925K [0x0000000080000000, 0x0000000100000000)
  region size 1024K, 11 young (11264K), 4 survivors (4096K)
 Metaspace       used 93842K, committed 94720K, reserved 1179648K
  class space    used 12901K, committed 13376K, reserved 1048576K
}
Event: 16.611 GC heap after
{Heap after GC invocations=42 (full 0):
 garbage-first heap   total 230400K, used 134348K [0x0000000080000000, 0x0000000100000000)
  region size 1024K, 1 young (1024K), 1 survivors (1024K)
 Metaspace       used 93842K, committed 94720K, reserved 1179648K
  class space    used 12901K, committed 13376K, reserved 1048576K
}
Event: 17.298 GC heap before
{Heap before GC invocations=42 (full 0):
 garbage-first heap   total 230400K, used 186572K [0x0000000080000000, 0x0000000100000000)
  region size 1024K, 52 young (53248K), 1 survivors (1024K)
 Metaspace       used 100096K, committed 100928K, reserved 1179648K
  class space    used 13488K, committed 13952K, reserved 1048576K
}
Event: 17.301 GC heap after
{Heap after GC invocations=43 (full 0):
 garbage-first heap   total 230400K, used 136499K [0x0000000080000000, 0x0000000100000000)
  region size 1024K, 3 young (3072K), 3 survivors (3072K)
 Metaspace       used 100096K, committed 100928K, reserved 1179648K
  class space    used 13488K, committed 13952K, reserved 1048576K
}
Event: 18.156 GC heap before
{Heap before GC invocations=43 (full 0):
 garbage-first heap   total 230400K, used 189747K [0x0000000080000000, 0x0000000100000000)
  region size 1024K, 54 young (55296K), 3 survivors (3072K)
 Metaspace       used 105673K, committed 106496K, reserved 1179648K
  class space    used 14188K, committed 14656K, reserved 1048576K
}
Event: 18.159 GC heap after
{Heap after GC invocations=44 (full 0):
 garbage-first heap   total 230400K, used 140623K [0x0000000080000000, 0x0000000100000000)
  region size 1024K, 7 young (7168K), 7 survivors (7168K)
 Metaspace       used 105673K, committed 106496K, reserved 1179648K
  class space    used 14188K, committed 14656K, reserved 1048576K
}
Event: 18.650 GC heap before
{Heap before GC invocations=44 (full 0):
 garbage-first heap   total 230400K, used 190799K [0x0000000080000000, 0x0000000100000000)
  region size 1024K, 56 young (57344K), 7 survivors (7168K)
 Metaspace       used 108061K, committed 108864K, reserved 1179648K
  class space    used 14444K, committed 14912K, reserved 1048576K
}
Event: 18.655 GC heap after
{Heap after GC invocations=45 (full 0):
 garbage-first heap   total 230400K, used 143800K [0x0000000080000000, 0x0000000100000000)
  region size 1024K, 4 young (4096K), 4 survivors (4096K)
 Metaspace       used 108061K, committed 108864K, reserved 1179648K
  class space    used 14444K, committed 14912K, reserved 1048576K
}
Event: 19.024 GC heap before
{Heap before GC invocations=45 (full 0):
 garbage-first heap   total 230400K, used 191928K [0x0000000080000000, 0x0000000100000000)
  region size 1024K, 51 young (52224K), 4 survivors (4096K)
 Metaspace       used 109105K, committed 109888K, reserved 1179648K
  class space    used 14534K, committed 14976K, reserved 1048576K
}
Event: 19.028 GC heap after
{Heap after GC invocations=46 (full 0):
 garbage-first heap   total 230400K, used 147734K [0x0000000080000000, 0x0000000100000000)
  region size 1024K, 7 young (7168K), 7 survivors (7168K)
 Metaspace       used 109105K, committed 109888K, reserved 1179648K
  class space    used 14534K, committed 14976K, reserved 1048576K
}
Event: 20.072 GC heap before
{Heap before GC invocations=47 (full 0):
 garbage-first heap   total 252928K, used 192790K [0x0000000080000000, 0x0000000100000000)
  region size 1024K, 51 young (52224K), 7 survivors (7168K)
 Metaspace       used 113706K, committed 114560K, reserved 1179648K
  class space    used 14952K, committed 15424K, reserved 1048576K
}
Event: 20.076 GC heap after
{Heap after GC invocations=48 (full 0):
 garbage-first heap   total 252928K, used 152210K [0x0000000080000000, 0x0000000100000000)
  region size 1024K, 5 young (5120K), 5 survivors (5120K)
 Metaspace       used 113706K, committed 114560K, reserved 1179648K
  class space    used 14952K, committed 15424K, reserved 1048576K
}
Event: 20.148 GC heap before
{Heap before GC invocations=48 (full 0):
 garbage-first heap   total 252928K, used 158354K [0x0000000080000000, 0x0000000100000000)
  region size 1024K, 12 young (12288K), 5 survivors (5120K)
 Metaspace       used 114516K, committed 115392K, reserved 1179648K
  class space    used 15034K, committed 15488K, reserved 1048576K
}
Event: 20.151 GC heap after
{Heap after GC invocations=49 (full 0):
 garbage-first heap   total 252928K, used 150615K [0x0000000080000000, 0x0000000100000000)
  region size 1024K, 1 young (1024K), 1 survivors (1024K)
 Metaspace       used 114516K, committed 115392K, reserved 1179648K
  class space    used 15034K, committed 15488K, reserved 1048576K
}

Deoptimization events (20 events):
Event: 20.189 Thread 0x000001e66dfbcfa0 DEOPT PACKING pc=0x000001e6177c044c sp=0x000000aeea3f5270
Event: 20.189 Thread 0x000001e66dfbcfa0 DEOPT UNPACKING pc=0x000001e6169823a3 sp=0x000000aeea3f5000 mode 2
Event: 20.192 Thread 0x000001e66dfbcfa0 Uncommon trap: trap_request=0xffffffde fr.pc=0x000001e6176f98d4 relative=0x0000000000000454
Event: 20.192 Thread 0x000001e66dfbcfa0 Uncommon trap: reason=class_check action=maybe_recompile pc=0x000001e6176f98d4 method=org.jetbrains.kotlin.storage.LockBasedStorageManager$LockBasedLazyValue.invoke()Ljava/lang/Object; @ 24 c2
Event: 20.192 Thread 0x000001e66dfbcfa0 DEOPT PACKING pc=0x000001e6176f98d4 sp=0x000000aeea3f4f50
Event: 20.192 Thread 0x000001e66dfbcfa0 DEOPT UNPACKING pc=0x000001e6169823a3 sp=0x000000aeea3f4e90 mode 2
Event: 20.192 Thread 0x000001e66dfbcfa0 Uncommon trap: trap_request=0xffffffde fr.pc=0x000001e6176e56e4 relative=0x0000000000000464
Event: 20.192 Thread 0x000001e66dfbcfa0 Uncommon trap: reason=class_check action=maybe_recompile pc=0x000001e6176e56e4 method=org.jetbrains.kotlin.storage.LockBasedStorageManager$LockBasedLazyValue.invoke()Ljava/lang/Object; @ 24 c2
Event: 20.192 Thread 0x000001e66dfbcfa0 DEOPT PACKING pc=0x000001e6176e56e4 sp=0x000000aeea3f4ac0
Event: 20.192 Thread 0x000001e66dfbcfa0 DEOPT UNPACKING pc=0x000001e6169823a3 sp=0x000000aeea3f4a70 mode 2
Event: 20.202 Thread 0x000001e66dfbcfa0 Uncommon trap: trap_request=0xffffff45 fr.pc=0x000001e6177b5a54 relative=0x0000000000003f14
Event: 20.202 Thread 0x000001e66dfbcfa0 Uncommon trap: reason=unstable_if action=reinterpret pc=0x000001e6177b5a54 method=org.jetbrains.org.objectweb.asm.ClassReader.accept(Lorg/jetbrains/org/objectweb/asm/ClassVisitor;[Lorg/jetbrains/org/objectweb/asm/Attribute;I)V @ 326 c2
Event: 20.202 Thread 0x000001e66dfbcfa0 DEOPT PACKING pc=0x000001e6177b5a54 sp=0x000000aeea3f4ab0
Event: 20.202 Thread 0x000001e66dfbcfa0 DEOPT UNPACKING pc=0x000001e6169823a3 sp=0x000000aeea3f4b18 mode 2
Event: 20.328 Thread 0x000001e6276fdec0 DEOPT PACKING pc=0x000001e6107ca484 sp=0x000000aeedeff140
Event: 20.328 Thread 0x000001e6276fdec0 DEOPT UNPACKING pc=0x000001e616982b43 sp=0x000000aeedefe600 mode 0
Event: 20.573 Thread 0x000001e66dfbcfa0 Uncommon trap: trap_request=0xffffffd6 fr.pc=0x000001e6177b1394 relative=0x0000000000000374
Event: 20.573 Thread 0x000001e66dfbcfa0 Uncommon trap: reason=array_check action=maybe_recompile pc=0x000001e6177b1394 method=java.util.LinkedHashMap.keysToArray([Ljava/lang/Object;)[Ljava/lang/Object; @ 25 c2
Event: 20.573 Thread 0x000001e66dfbcfa0 DEOPT PACKING pc=0x000001e6177b1394 sp=0x000000aeea3f5700
Event: 20.573 Thread 0x000001e66dfbcfa0 DEOPT UNPACKING pc=0x000001e6169823a3 sp=0x000000aeea3f56a8 mode 2

Classes unloaded (0 events):
No events

Classes redefined (0 events):
No events

Internal exceptions (20 events):
Event: 14.985 Thread 0x000001e66dfbcfa0 Exception <a 'java/lang/NoSuchMethodError'{0x000000008772afa0}: 'long java.lang.invoke.DirectMethodHandle$Holder.invokeStatic(java.lang.Object)'> (0x000000008772afa0) 
thrown [s\open\src\hotspot\share\interpreter\linkResolver.cpp, line 759]
Event: 14.986 Thread 0x000001e66dfbcfa0 Exception <a 'java/lang/NoSuchMethodError'{0x000000008772fb40}: 'long java.lang.invoke.DirectMethodHandle$Holder.invokeStaticInit(java.lang.Object)'> (0x000000008772fb40) 
thrown [s\open\src\hotspot\share\interpreter\linkResolver.cpp, line 759]
Event: 15.048 Thread 0x000001e66dfbcfa0 Exception <a 'java/lang/NoSuchMethodError'{0x000000008b06ab78}: 'long java.lang.invoke.Invokers$Holder.invoke_MT(java.lang.Object, java.lang.Object, java.lang.Object, java.lang.Object)'> (0x000000008b06ab78) 
thrown [s\open\src\hotspot\share\interpreter\linkResolver.cpp, line 759]
Event: 15.049 Thread 0x000001e66dfbcfa0 Exception <a 'java/lang/NoSuchMethodError'{0x000000008b073eb0}: 'int java.lang.invoke.Invokers$Holder.invoke_MT(java.lang.Object, java.lang.Object, java.lang.Object, java.lang.Object)'> (0x000000008b073eb0) 
thrown [s\open\src\hotspot\share\interpreter\linkResolver.cpp, line 759]
Event: 15.050 Thread 0x000001e66dfbcfa0 Exception <a 'java/lang/NoSuchMethodError'{0x000000008b0848b0}: 'void java.lang.invoke.DelegatingMethodHandle$Holder.reinvoke_L(java.lang.Object, java.lang.Object, java.lang.Object, long, java.lang.Object)'> (0x000000008b0848b0) 
thrown [s\open\src\hotspot\share\interpreter\linkResolver.cpp, line 759]
Event: 15.050 Thread 0x000001e66dfbcfa0 Exception <a 'java/lang/NoSuchMethodError'{0x000000008b08d100}: 'java.lang.Object java.lang.invoke.DirectMethodHandle$Holder.invokeSpecial(java.lang.Object, java.lang.Object, java.lang.Object, java.lang.Object, long)'> (0x000000008b08d100) 
thrown [s\open\src\hotspot\share\interpreter\linkResolver.cpp, line 759]
Event: 15.051 Thread 0x000001e66dfbcfa0 Exception <a 'java/lang/NoSuchMethodError'{0x000000008b09d788}: 'int java.lang.invoke.DelegatingMethodHandle$Holder.reinvoke_L(java.lang.Object, java.lang.Object, java.lang.Object, long, java.lang.Object, java.lang.Object)'> (0x000000008b09d788) 
thrown [s\open\src\hotspot\share\interpreter\linkResolver.cpp, line 759]
Event: 15.051 Thread 0x000001e66dfbcfa0 Exception <a 'java/lang/NoSuchMethodError'{0x000000008b0ad6e8}: 'int java.lang.invoke.DelegatingMethodHandle$Holder.reinvoke_L(java.lang.Object, java.lang.Object, java.lang.Object, long, int, int)'> (0x000000008b0ad6e8) 
thrown [s\open\src\hotspot\share\interpreter\linkResolver.cpp, line 759]
Event: 15.052 Thread 0x000001e66dfbcfa0 Exception <a 'java/lang/NoSuchMethodError'{0x000000008b0bd3f0}: 'int java.lang.invoke.DelegatingMethodHandle$Holder.reinvoke_L(java.lang.Object, java.lang.Object, java.lang.Object, long, long, long)'> (0x000000008b0bd3f0) 
thrown [s\open\src\hotspot\share\interpreter\linkResolver.cpp, line 759]
Event: 15.052 Thread 0x000001e66dfbcfa0 Exception <a 'java/lang/NoSuchMethodError'{0x000000008b0ccdd8}: 'int java.lang.invoke.DelegatingMethodHandle$Holder.reinvoke_L(java.lang.Object, java.lang.Object, java.lang.Object, long, int)'> (0x000000008b0ccdd8) 
thrown [s\open\src\hotspot\share\interpreter\linkResolver.cpp, line 759]
Event: 15.545 Thread 0x000001e66dfbcfa0 Exception <a 'java/lang/NoSuchMethodError'{0x00000000887387a0}: 'java.lang.Object java.lang.invoke.Invokers$Holder.invokeExact_MT(java.lang.Object, java.lang.Object, long, java.lang.Object)'> (0x00000000887387a0) 
thrown [s\open\src\hotspot\share\interpreter\linkResolver.cpp, line 759]
Event: 15.579 Thread 0x000001e66dfbcfa0 Exception <a 'java/lang/NoSuchMethodError'{0x00000000885a9370}: 'java.lang.Object java.lang.invoke.Invokers$Holder.invoke_MT(java.lang.Object, java.lang.Object, java.lang.Object)'> (0x00000000885a9370) 
thrown [s\open\src\hotspot\share\interpreter\linkResolver.cpp, line 759]
Event: 15.787 Thread 0x000001e66dfbcfa0 Implicit null exception at 0x000001e6175c1af9 to 0x000001e6175c39b8
Event: 15.799 Thread 0x000001e66dfbcfa0 Implicit null exception at 0x000001e6175c56d9 to 0x000001e6175c7544
Event: 17.932 Thread 0x000001e66dfbcfa0 Exception <a 'java/lang/NoSuchMethodError'{0x000000008be5e838}: 'java.lang.Object java.lang.invoke.DirectMethodHandle$Holder.invokeStatic(java.lang.Object, java.lang.Object, java.lang.Object, java.lang.Object, int)'> (0x000000008be5e838) 
thrown [s\open\src\hotspot\share\interpreter\linkResolver.cpp, line 759]
Event: 19.196 Thread 0x000001e66dfbcfa0 Exception <a 'java/lang/IncompatibleClassChangeError'{0x000000008ee11660}: Found class java.lang.Object, but interface was expected> (0x000000008ee11660) 
thrown [s\open\src\hotspot\share\interpreter\linkResolver.cpp, line 826]
Event: 19.210 Thread 0x000001e66dfbcfa0 Exception <a 'java/lang/NoSuchMethodError'{0x000000008eea05a8}: 'int java.lang.invoke.DirectMethodHandle$Holder.invokeStaticInit(java.lang.Object, int)'> (0x000000008eea05a8) 
thrown [s\open\src\hotspot\share\interpreter\linkResolver.cpp, line 759]
Event: 19.371 Thread 0x000001e66dfbcfa0 Exception <a 'java/lang/NoSuchMethodError'{0x000000008e4bf218}: 'int java.lang.invoke.DirectMethodHandle$Holder.invokeSpecial(java.lang.Object, java.lang.Object, int, int)'> (0x000000008e4bf218) 
thrown [s\open\src\hotspot\share\interpreter\linkResolver.cpp, line 759]
Event: 19.611 Thread 0x000001e66dfbcfa0 Implicit null exception at 0x000001e61712fd11 to 0x000001e61712fe84
Event: 20.412 Thread 0x000001e66dfbcfa0 Exception <a 'java/lang/NoSuchMethodError'{0x000000008de1ff98}: 'java.lang.Object java.lang.invoke.DirectMethodHandle$Holder.newInvokeSpecial(java.lang.Object, java.lang.Object, java.lang.Object, int, int, java.lang.Object, java.lang.Object)'> (0x000000008de1ff98) 
thrown [s\open\src\hotspot\share\interpreter\linkResolver.cpp, line 759]

VM Operations (20 events):
Event: 20.072 Executing VM operation: G1CollectForAllocation
Event: 20.076 Executing VM operation: G1CollectForAllocation done
Event: 20.123 Executing VM operation: HandshakeAllThreads
Event: 20.123 Executing VM operation: HandshakeAllThreads done
Event: 20.129 Executing VM operation: HandshakeAllThreads
Event: 20.129 Executing VM operation: HandshakeAllThreads done
Event: 20.148 Executing VM operation: G1CollectForAllocation
Event: 20.151 Executing VM operation: G1CollectForAllocation done
Event: 20.156 Executing VM operation: HandshakeAllThreads
Event: 20.156 Executing VM operation: HandshakeAllThreads done
Event: 20.434 Executing VM operation: ICBufferFull
Event: 20.434 Executing VM operation: ICBufferFull done
Event: 20.443 Executing VM operation: HandshakeAllThreads
Event: 20.443 Executing VM operation: HandshakeAllThreads done
Event: 20.487 Executing VM operation: HandshakeAllThreads
Event: 20.488 Executing VM operation: HandshakeAllThreads done
Event: 20.520 Executing VM operation: HandshakeAllThreads
Event: 20.520 Executing VM operation: HandshakeAllThreads done
Event: 20.533 Executing VM operation: HandshakeAllThreads
Event: 20.533 Executing VM operation: HandshakeAllThreads done

Events (20 events):
Event: 19.614 Thread 0x000001e6271b44e0 flushing nmethod 0x000001e610b1e810
Event: 19.614 Thread 0x000001e6271b44e0 flushing nmethod 0x000001e610b20890
Event: 19.614 Thread 0x000001e6271b44e0 flushing nmethod 0x000001e610b24710
Event: 19.614 Thread 0x000001e6271b44e0 flushing nmethod 0x000001e610b2ee10
Event: 19.614 Thread 0x000001e6271b44e0 flushing nmethod 0x000001e610b35a90
Event: 19.614 Thread 0x000001e6271b44e0 flushing nmethod 0x000001e610b36b90
Event: 19.614 Thread 0x000001e6271b44e0 flushing nmethod 0x000001e610b4f490
Event: 19.614 Thread 0x000001e6271b44e0 flushing nmethod 0x000001e610b51290
Event: 19.614 Thread 0x000001e6271b44e0 flushing nmethod 0x000001e610b90c90
Event: 19.615 Thread 0x000001e6271b44e0 flushing nmethod 0x000001e610ba4e90
Event: 19.615 Thread 0x000001e6271b44e0 flushing nmethod 0x000001e610bc1010
Event: 19.615 Thread 0x000001e6271b44e0 flushing nmethod 0x000001e610be3e90
Event: 19.615 Thread 0x000001e6271b44e0 flushing nmethod 0x000001e610be4710
Event: 19.615 Thread 0x000001e6271b44e0 flushing nmethod 0x000001e610be7090
Event: 19.615 Thread 0x000001e6271b44e0 flushing nmethod 0x000001e610be9010
Event: 19.615 Thread 0x000001e6271b44e0 flushing nmethod 0x000001e610cd2890
Event: 19.615 Thread 0x000001e6271b44e0 flushing nmethod 0x000001e610d30e90
Event: 19.616 Thread 0x000001e6271b44e0 flushing nmethod 0x000001e610d94510
Event: 19.616 Thread 0x000001e6271b44e0 flushing nmethod 0x000001e610d9cf10
Event: 20.136 Thread 0x000001e672515630 Thread exited: 0x000001e672515630


Dynamic libraries:
0x00007ff760370000 - 0x00007ff760380000 	C:\Program Files\Java\jdk-17\bin\java.exe
0x00007ffbcbd30000 - 0x00007ffbcbf47000 	C:\Windows\SYSTEM32\ntdll.dll
0x00007ffbcb370000 - 0x00007ffbcb434000 	C:\Windows\System32\KERNEL32.DLL
0x00007ffbc9480000 - 0x00007ffbc9853000 	C:\Windows\System32\KERNELBASE.dll
0x00007ffbc2770000 - 0x00007ffbc2807000 	C:\Windows\SYSTEM32\apphelp.dll
0x00007ffbc8e40000 - 0x00007ffbc8f51000 	C:\Windows\System32\ucrtbase.dll
0x00007ffb989b0000 - 0x00007ffb989c9000 	C:\Program Files\Java\jdk-17\bin\jli.dll
0x00007ffb986a0000 - 0x00007ffb986bb000 	C:\Program Files\Java\jdk-17\bin\VCRUNTIME140.dll
0x00007ffbcb530000 - 0x00007ffbcb5e1000 	C:\Windows\System32\ADVAPI32.dll
0x00007ffbca390000 - 0x00007ffbca437000 	C:\Windows\System32\msvcrt.dll
0x00007ffbcac40000 - 0x00007ffbcace8000 	C:\Windows\System32\sechost.dll
0x00007ffbc9390000 - 0x00007ffbc93b8000 	C:\Windows\System32\bcrypt.dll
0x00007ffbca670000 - 0x00007ffbca784000 	C:\Windows\System32\RPCRT4.dll
0x00007ffbcb5f0000 - 0x00007ffbcb7a1000 	C:\Windows\System32\USER32.dll
0x00007ffbc92e0000 - 0x00007ffbc9306000 	C:\Windows\System32\win32u.dll
0x00007ffbbdbe0000 - 0x00007ffbbde78000 	C:\Windows\WinSxS\amd64_microsoft.windows.common-controls_6595b64144ccf1df_6.0.22621.5124_none_270e8f4f7386d69d\COMCTL32.dll
0x00007ffbca630000 - 0x00007ffbca659000 	C:\Windows\System32\GDI32.dll
0x00007ffbc91c0000 - 0x00007ffbc92db000 	C:\Windows\System32\gdi32full.dll
0x00007ffbc9120000 - 0x00007ffbc91ba000 	C:\Windows\System32\msvcp_win.dll
0x00007ffbc2db0000 - 0x00007ffbc2dba000 	C:\Windows\SYSTEM32\VERSION.dll
0x00007ffbcbad0000 - 0x00007ffbcbb01000 	C:\Windows\System32\IMM32.DLL
0x00007ffba1e60000 - 0x00007ffba1e6c000 	C:\Program Files\Java\jdk-17\bin\vcruntime140_1.dll
0x00007ffb757e0000 - 0x00007ffb7586e000 	C:\Program Files\Java\jdk-17\bin\msvcp140.dll
0x00007ffad5bd0000 - 0x00007ffad67b0000 	C:\Program Files\Java\jdk-17\bin\server\jvm.dll
0x00007ffbca660000 - 0x00007ffbca668000 	C:\Windows\System32\PSAPI.DLL
0x00007ffbc3b10000 - 0x00007ffbc3b19000 	C:\Windows\SYSTEM32\WSOCK32.dll
0x00007ffbc3570000 - 0x00007ffbc35a4000 	C:\Windows\SYSTEM32\WINMM.dll
0x00007ffbcb7b0000 - 0x00007ffbcb821000 	C:\Windows\System32\WS2_32.dll
0x00007ffbc7f60000 - 0x00007ffbc7f78000 	C:\Windows\SYSTEM32\kernel.appcore.dll
0x00007ffba0ed0000 - 0x00007ffba0eda000 	C:\Program Files\Java\jdk-17\bin\jimage.dll
0x00007ffbbc4d0000 - 0x00007ffbbc702000 	C:\Windows\SYSTEM32\DBGHELP.DLL
0x00007ffbca8a0000 - 0x00007ffbcac32000 	C:\Windows\System32\combase.dll
0x00007ffbcacf0000 - 0x00007ffbcadc7000 	C:\Windows\System32\OLEAUT32.dll
0x00007ffbb3710000 - 0x00007ffbb3742000 	C:\Windows\SYSTEM32\dbgcore.DLL
0x00007ffbc90a0000 - 0x00007ffbc911b000 	C:\Windows\System32\bcryptPrimitives.dll
0x00007ffba0310000 - 0x00007ffba031e000 	C:\Program Files\Java\jdk-17\bin\instrument.dll
0x00007ffb98040000 - 0x00007ffb98065000 	C:\Program Files\Java\jdk-17\bin\java.dll
0x00007ffb75660000 - 0x00007ffb75737000 	C:\Program Files\Java\jdk-17\bin\jsvml.dll
0x00007ffbc9ae0000 - 0x00007ffbca376000 	C:\Windows\System32\SHELL32.dll
0x00007ffbc8f60000 - 0x00007ffbc909f000 	C:\Windows\System32\wintypes.dll
0x00007ffbc6d70000 - 0x00007ffbc768a000 	C:\Windows\SYSTEM32\windows.storage.dll
0x00007ffbc99d0000 - 0x00007ffbc9ada000 	C:\Windows\System32\SHCORE.dll
0x00007ffbcae80000 - 0x00007ffbcaee3000 	C:\Windows\System32\shlwapi.dll
0x00007ffbc8d70000 - 0x00007ffbc8d9b000 	C:\Windows\SYSTEM32\profapi.dll
0x00007ffb94080000 - 0x00007ffb94098000 	C:\Program Files\Java\jdk-17\bin\zip.dll
0x00007ffb911d0000 - 0x00007ffb911e9000 	C:\Program Files\Java\jdk-17\bin\net.dll
0x00007ffbc4b30000 - 0x00007ffbc4c5c000 	C:\Windows\SYSTEM32\WINHTTP.dll
0x00007ffbc83e0000 - 0x00007ffbc844a000 	C:\Windows\system32\mswsock.dll
0x00007ffb8f7e0000 - 0x00007ffb8f7f6000 	C:\Program Files\Java\jdk-17\bin\nio.dll
0x00007ffb9fed0000 - 0x00007ffb9fee0000 	C:\Program Files\Java\jdk-17\bin\verify.dll
0x00007ffba30d0000 - 0x00007ffba30f7000 	C:\Users\krish\.gradle\native\c067742578af261105cb4f569cf0c3c89f3d7b1fecec35dd04571415982c5e48\windows-amd64\native-platform.dll
0x00007ffb98850000 - 0x00007ffb98994000 	C:\Users\krish\.gradle\native\38dada09dfb8b06ba9b0570ebf7e218e3eb74d4ef43ca46872605cf95ebc2f47\windows-amd64\native-platform-file-events.dll
0x00007ffb9fe00000 - 0x00007ffb9fe0a000 	C:\Program Files\Java\jdk-17\bin\management.dll
0x00007ffb9f340000 - 0x00007ffb9f34b000 	C:\Program Files\Java\jdk-17\bin\management_ext.dll
0x00007ffbc8630000 - 0x00007ffbc864b000 	C:\Windows\SYSTEM32\CRYPTSP.dll
0x00007ffbc7ec0000 - 0x00007ffbc7ef7000 	C:\Windows\system32\rsaenh.dll
0x00007ffbc84d0000 - 0x00007ffbc84f8000 	C:\Windows\SYSTEM32\USERENV.dll
0x00007ffbc8650000 - 0x00007ffbc865c000 	C:\Windows\SYSTEM32\CRYPTBASE.dll
0x00007ffbc7960000 - 0x00007ffbc798d000 	C:\Windows\SYSTEM32\IPHLPAPI.DLL
0x00007ffbca620000 - 0x00007ffbca629000 	C:\Windows\System32\NSI.dll
0x00007ffbc4b10000 - 0x00007ffbc4b29000 	C:\Windows\SYSTEM32\dhcpcsvc6.DLL
0x00007ffbc49b0000 - 0x00007ffbc49cf000 	C:\Windows\SYSTEM32\dhcpcsvc.DLL
0x00007ffbc7990000 - 0x00007ffbc7a92000 	C:\Windows\SYSTEM32\DNSAPI.dll
0x00007ffb9e9a0000 - 0x00007ffb9e9ae000 	C:\Program Files\Java\jdk-17\bin\sunmscapi.dll
0x00007ffbc9860000 - 0x00007ffbc99c7000 	C:\Windows\System32\CRYPT32.dll
0x00007ffbc87f0000 - 0x00007ffbc881d000 	C:\Windows\SYSTEM32\ncrypt.dll
0x00007ffbc87b0000 - 0x00007ffbc87e7000 	C:\Windows\SYSTEM32\NTASN1.dll
0x00007ffbc0920000 - 0x00007ffbc0928000 	C:\Windows\system32\wshunix.dll

dbghelp: loaded successfully - version: 4.0.5 - missing functions: none
symbol engine: initialized successfully - sym options: 0x614 - pdb path: .;C:\Program Files\Java\jdk-17\bin;C:\Windows\SYSTEM32;C:\Windows\WinSxS\amd64_microsoft.windows.common-controls_6595b64144ccf1df_6.0.22621.5124_none_270e8f4f7386d69d;C:\Program Files\Java\jdk-17\bin\server;C:\Users\krish\.gradle\native\c067742578af261105cb4f569cf0c3c89f3d7b1fecec35dd04571415982c5e48\windows-amd64;C:\Users\krish\.gradle\native\38dada09dfb8b06ba9b0570ebf7e218e3eb74d4ef43ca46872605cf95ebc2f47\windows-amd64

VM Arguments:
jvm_args: --add-opens=java.base/java.util=ALL-UNNAMED --add-opens=java.base/java.lang=ALL-UNNAMED --add-opens=java.base/java.lang.invoke=ALL-UNNAMED --add-opens=java.prefs/java.util.prefs=ALL-UNNAMED --add-opens=java.base/java.nio.charset=ALL-UNNAMED --add-opens=java.base/java.net=ALL-UNNAMED --add-opens=java.base/java.util.concurrent.atomic=ALL-UNNAMED -Xmx2048m -Dfile.encoding=UTF-8 -Duser.country=US -Duser.language=en -Duser.variant -javaagent:C:\Users\krish\.gradle\wrapper\dists\gradle-8.6-bin\afr5mpiioh2wthjmwnkmdsd5w\gradle-8.6\lib\agents\gradle-instrumentation-agent-8.6.jar 
java_command: org.gradle.launcher.daemon.bootstrap.GradleDaemon 8.6
java_class_path (initial): C:\Users\krish\.gradle\wrapper\dists\gradle-8.6-bin\afr5mpiioh2wthjmwnkmdsd5w\gradle-8.6\lib\gradle-launcher-8.6.jar
Launcher Type: SUN_STANDARD

[Global flags]
     intx CICompilerCount                          = 12                                        {product} {ergonomic}
     uint ConcGCThreads                            = 3                                         {product} {ergonomic}
     uint G1ConcRefinementThreads                  = 13                                        {product} {ergonomic}
   size_t G1HeapRegionSize                         = 1048576                                   {product} {ergonomic}
    uintx GCDrainStackTargetSize                   = 64                                        {product} {ergonomic}
   size_t InitialHeapSize                          = 266338304                                 {product} {ergonomic}
   size_t MarkStackSize                            = 4194304                                   {product} {ergonomic}
   size_t MaxHeapSize                              = 2147483648                                {product} {command line}
   size_t MaxNewSize                               = 1287651328                                {product} {ergonomic}
   size_t MinHeapDeltaBytes                        = 1048576                                   {product} {ergonomic}
   size_t MinHeapSize                              = 8388608                                   {product} {ergonomic}
    uintx NonNMethodCodeHeapSize                   = 7602480                                {pd product} {ergonomic}
    uintx NonProfiledCodeHeapSize                  = 122027880                              {pd product} {ergonomic}
    uintx ProfiledCodeHeapSize                     = 122027880                              {pd product} {ergonomic}
    uintx ReservedCodeCacheSize                    = 251658240                              {pd product} {ergonomic}
     bool SegmentedCodeCache                       = true                                      {product} {ergonomic}
   size_t SoftMaxHeapSize                          = 2147483648                             {manageable} {ergonomic}
     bool UseCompressedClassPointers               = true                           {product lp64_product} {ergonomic}
     bool UseCompressedOops                        = true                           {product lp64_product} {ergonomic}
     bool UseG1GC                                  = true                                      {product} {ergonomic}
     bool UseLargePagesIndividualAllocation        = false                                  {pd product} {ergonomic}

Logging:
Log output configuration:
 #0: stdout all=warning uptime,level,tags
 #1: stderr all=off uptime,level,tags

Environment Variables:
PATH=C:\Program Files\Common Files\Oracle\Java\javapath;C:\Windows\system32;C:\Windows;C:\Windows\System32\Wbem;C:\Windows\System32\WindowsPowerShell\v1.0\;C:\Windows\System32\OpenSSH\;C:\Program Files (x86)\NVIDIA Corporation\PhysX\Common;C:\Program Files\NVIDIA Corporation\NVIDIA NvDLISR;C:\Program Files\dotnet\;C:\Program Files\Git\cmd;C:\flutter\bin;C:\Program Files\Java\jdk-17;C:\ProgramData\chocolatey\bin;C:\Program Files (x86)\Windows Kits\10\Windows Performance Toolkit\;C:\Program Files\nodejs\;C:\Program Files (x86)\Microsoft SQL Server\150\DTS\Binn\;C:\Program Files\Azure Data Studio\bin;c:\Users\krish\AppData\Local\Programs\cursor\resources\app\bin;C:\Users\krish\Downloads\apache-maven-3.9.9-bin\apache-maven-3.9.9\bin;C:\Users\krish\AppData\Local\Android\Sdk;C:\Users\krish\AppData\Local\Android\Sdk\platform-tools;C:\Users\krish\AppData\Local\Microsoft\WindowsApps;C:\Users\krish\AppData\Local\Programs\Microsoft VS Code\bin;C:\flutter\bin;C:\Program Files\Java\jdk-17;C:\Users\krish\AppData\Roaming\npm;C:\Program Files\Azure Data Studio\bin;C:\Users\krish\Downloads\apache-maven-3.9.9-bin\apache-maven-3.9.9\bin;C:\Users\krish\AppData\Local\Android\Sdk\platform-tools;C:\Users\krish\AppData\Local\Android\Sdk;C:\Users\krish\AppData\Local\Android\Sdk\emulator;C:\Users\krish\AppData\Local\Android\Sdk\tools;C:\Users\krish\AppData\Local\Android\Sdk\tools\bin;C:\Users\krish\AppData\Local\Programs\cursor\resources\app\bin
USERNAME=krish
OS=Windows_NT
PROCESSOR_IDENTIFIER=AMD64 Family 25 Model 68 Stepping 1, AuthenticAMD



---------------  S Y S T E M  ---------------

OS:
 Windows 11 , 64 bit Build 22621 (10.0.22621.5124)
OS uptime: 13 days 9:57 hours

CPU: total 16 (initial active 16) (16 cores per cpu, 2 threads per core) family 25 model 68 stepping 1 microcode 0x0, cx8, cmov, fxsr, ht, mmx, 3dnowpref, sse, sse2, sse3, ssse3, sse4a, sse4.1, sse4.2, popcnt, lzcnt, tsc, tscinvbit, avx, avx2, aes, erms, clmul, bmi1, bmi2, adx, sha, fma, vzeroupper, clflush, clflushopt

Memory: 4k page, system-wide physical 16202M (956M free)
TotalPageFile size 35290M (AvailPageFile size 1M)
current process WorkingSet (physical memory assigned to process): 570M, peak: 573M
current process commit charge ("private bytes"): 621M, peak: 623M

vm_info: Java HotSpot(TM) 64-Bit Server VM (17.0.12+8-LTS-286) for windows-amd64 JRE (17.0.12+8-LTS-286), built on Jun  5 2024 06:46:59 by "mach5one" with MS VC++ 17.6 (VS2022)

END.
