#
# There is insufficient memory for the Java Runtime Environment to continue.
# Native memory allocation (malloc) failed to allocate 1233136 bytes for Chunk::new
# Possible reasons:
#   The system is out of physical RAM or swap space
#   The process is running with CompressedOops enabled, and the Java Heap may be blocking the growth of the native heap
# Possible solutions:
#   Reduce memory load on the system
#   Increase physical memory or swap space
#   Check if swap backing store is full
#   Decrease Java heap size (-Xmx/-Xms)
#   Decrease number of Java threads
#   Decrease Java thread stack sizes (-Xss)
#   Set larger code cache with -XX:ReservedCodeCacheSize=
#   JVM is running with Unscaled Compressed Oops mode in which the Java heap is
#     placed in the first 4GB address space. The Java Heap base address is the
#     maximum limit for the native heap growth. Please use -XX:HeapBaseMinAddress
#     to set the Java Heap base and to place the Java Heap above 4GB virtual address.
# This output file may be truncated or incomplete.
#
#  Out of Memory Error (arena.cpp:189), pid=28848, tid=26716
#
# JRE version: Java(TM) SE Runtime Environment (17.0.12+8) (build 17.0.12+8-LTS-286)
# Java VM: Java HotSpot(TM) 64-Bit Server VM (17.0.12+8-LTS-286, mixed mode, sharing, tiered, compressed oops, compressed class ptrs, g1 gc, windows-amd64)
# No core dump will be written. Minidumps are not enabled by default on client versions of Windows
#

---------------  S U M M A R Y ------------

Command Line: --add-opens=java.base/java.util=ALL-UNNAMED --add-opens=java.base/java.lang=ALL-UNNAMED --add-opens=java.base/java.lang.invoke=ALL-UNNAMED --add-opens=java.prefs/java.util.prefs=ALL-UNNAMED --add-opens=java.base/java.nio.charset=ALL-UNNAMED --add-opens=java.base/java.net=ALL-UNNAMED --add-opens=java.base/java.util.concurrent.atomic=ALL-UNNAMED -Xmx2048m -Dfile.encoding=UTF-8 -Duser.country=US -Duser.language=en -Duser.variant -javaagent:C:\Users\krish\.gradle\wrapper\dists\gradle-8.6-bin\afr5mpiioh2wthjmwnkmdsd5w\gradle-8.6\lib\agents\gradle-instrumentation-agent-8.6.jar org.gradle.launcher.daemon.bootstrap.GradleDaemon 8.6

Host: AMD Ryzen 7 7435HS                             , 16 cores, 15G,  Windows 11 , 64 bit Build 22621 (10.0.22621.5124)
Time: Tue Apr 29 04:36:12 2025 India Standard Time elapsed time: 9.070666 seconds (0d 0h 0m 9s)

---------------  T H R E A D  ---------------

Current thread (0x000001785e102d80):  JavaThread "C2 CompilerThread0" daemon [_thread_in_native, id=26716, stack(0x00000070a7200000,0x00000070a7300000)]


Current CompileTask:
C2:   9070 8662 %     4       org.gradle.internal.instantiation.generator.AbstractClassGenerator::inspectType @ 77 (560 bytes)

Stack: [0x00000070a7200000,0x00000070a7300000]
Native frames: (J=compiled Java code, j=interpreted, Vv=VM code, C=native code)
V  [jvm.dll+0x67a04a]
V  [jvm.dll+0x7da4ed]
V  [jvm.dll+0x7dbe33]
V  [jvm.dll+0x7dc4a3]
V  [jvm.dll+0x24508f]
V  [jvm.dll+0xab773]
V  [jvm.dll+0xabd3c]
V  [jvm.dll+0x2aa52f]
V  [jvm.dll+0x581eb9]
V  [jvm.dll+0x21f422]
V  [jvm.dll+0x21f81f]
V  [jvm.dll+0x218aa0]
V  [jvm.dll+0x215b65]
V  [jvm.dll+0x1a2960]
V  [jvm.dll+0x22610b]
V  [jvm.dll+0x2242ab]
V  [jvm.dll+0x79075c]
V  [jvm.dll+0x78abea]
V  [jvm.dll+0x678f35]
C  [ucrtbase.dll+0x29333]
C  [KERNEL32.DLL+0x1259d]
C  [ntdll.dll+0x5af38]


---------------  P R O C E S S  ---------------

Threads class SMR info:
_java_thread_list=0x00000178a6c11e20, length=67, elements={
0x000001783f3b8be0, 0x000001785e0a4300, 0x000001785e0a4e90, 0x000001785e0ff610,
0x000001785e0ffee0, 0x000001785e100eb0, 0x000001785e101870, 0x000001785e102d80,
0x000001785e10ed40, 0x000001785e111b50, 0x000001785e1d5780, 0x000001785e08f890,
0x000001785e242f00, 0x000001785e2f7780, 0x000001785e6f79e0, 0x00000178a58a2c10,
0x00000178a5a9a250, 0x00000178a4d51ad0, 0x00000178a5dc51d0, 0x00000178a52e7930,
0x00000178a4bccbc0, 0x00000178a4bcd0d0, 0x00000178a4bcd5e0, 0x00000178a4bcdaf0,
0x00000178a4bca340, 0x00000178a4bca850, 0x00000178a4bcad60, 0x00000178a4bcb780,
0x00000178a4bcc1a0, 0x00000178a4bcbc90, 0x00000178a4bcc6b0, 0x00000178a6dfe870,
0x00000178a6e04db0, 0x00000178a6e01b10, 0x00000178a6e02530, 0x00000178a6e02a40,
0x00000178a6e061f0, 0x00000178a6dffcb0, 0x00000178a6e052c0, 0x00000178a6e006d0,
0x00000178a7a2ca40, 0x00000178a6e02020, 0x00000178a6dff290, 0x00000178a5492f90,
0x00000178a6e03e80, 0x00000178a6e048a0, 0x00000178a6e02f50, 0x00000178a6e04390,
0x00000178a6dfed80, 0x00000178a6e03460, 0x00000178a6e010f0, 0x00000178a6e01600,
0x00000178a6e057d0, 0x00000178a6dff7a0, 0x00000178a6e001c0, 0x00000178a6e05ce0,
0x00000178a6e00be0, 0x00000178a65a5e90, 0x00000178a65a63a0, 0x00000178a65a68b0,
0x00000178a65a6dc0, 0x00000178a65a5470, 0x00000178a9d7df00, 0x00000178a9424e80,
0x00000178a65a72d0, 0x00000178a65a8c20, 0x00000178a65a77e0
}

Java Threads: ( => current thread )
  0x000001783f3b8be0 JavaThread "main" [_thread_blocked, id=9764, stack(0x00000070a6500000,0x00000070a6600000)]
  0x000001785e0a4300 JavaThread "Reference Handler" daemon [_thread_blocked, id=35176, stack(0x00000070a6c00000,0x00000070a6d00000)]
  0x000001785e0a4e90 JavaThread "Finalizer" daemon [_thread_blocked, id=9740, stack(0x00000070a6d00000,0x00000070a6e00000)]
  0x000001785e0ff610 JavaThread "Signal Dispatcher" daemon [_thread_blocked, id=7136, stack(0x00000070a6e00000,0x00000070a6f00000)]
  0x000001785e0ffee0 JavaThread "Attach Listener" daemon [_thread_blocked, id=42664, stack(0x00000070a6f00000,0x00000070a7000000)]
  0x000001785e100eb0 JavaThread "Service Thread" daemon [_thread_blocked, id=33200, stack(0x00000070a7000000,0x00000070a7100000)]
  0x000001785e101870 JavaThread "Monitor Deflation Thread" daemon [_thread_blocked, id=5840, stack(0x00000070a7100000,0x00000070a7200000)]
=>0x000001785e102d80 JavaThread "C2 CompilerThread0" daemon [_thread_in_native, id=26716, stack(0x00000070a7200000,0x00000070a7300000)]
  0x000001785e10ed40 JavaThread "C1 CompilerThread0" daemon [_thread_blocked, id=28164, stack(0x00000070a7300000,0x00000070a7400000)]
  0x000001785e111b50 JavaThread "Sweeper thread" daemon [_thread_blocked, id=18232, stack(0x00000070a7400000,0x00000070a7500000)]
  0x000001785e1d5780 JavaThread "Common-Cleaner" daemon [_thread_blocked, id=36292, stack(0x00000070a7500000,0x00000070a7600000)]
  0x000001785e08f890 JavaThread "C1 CompilerThread1" daemon [_thread_blocked, id=23324, stack(0x00000070a7600000,0x00000070a7700000)]
  0x000001785e242f00 JavaThread "C1 CompilerThread2" daemon [_thread_in_native, id=7064, stack(0x00000070a7700000,0x00000070a7800000)]
  0x000001785e2f7780 JavaThread "Notification Thread" daemon [_thread_blocked, id=43028, stack(0x00000070a7900000,0x00000070a7a00000)]
  0x000001785e6f79e0 JavaThread "C1 CompilerThread3" daemon [_thread_blocked, id=4044, stack(0x00000070a7c00000,0x00000070a7d00000)]
  0x00000178a58a2c10 JavaThread "Daemon health stats" [_thread_blocked, id=30648, stack(0x00000070a8200000,0x00000070a8300000)]
  0x00000178a5a9a250 JavaThread "Incoming local TCP Connector on port 58248" [_thread_in_native, id=30192, stack(0x00000070a8300000,0x00000070a8400000)]
  0x00000178a4d51ad0 JavaThread "Daemon periodic checks" [_thread_blocked, id=1824, stack(0x00000070a8400000,0x00000070a8500000)]
  0x00000178a5dc51d0 JavaThread "Daemon" [_thread_blocked, id=24376, stack(0x00000070a8500000,0x00000070a8600000)]
  0x00000178a52e7930 JavaThread "Handler for socket connection from /127.0.0.1:58248 to /127.0.0.1:58249" [_thread_in_native, id=27396, stack(0x00000070a8600000,0x00000070a8700000)]
  0x00000178a4bccbc0 JavaThread "Cancel handler" [_thread_blocked, id=13232, stack(0x00000070a8700000,0x00000070a8800000)]
  0x00000178a4bcd0d0 JavaThread "Daemon worker" [_thread_in_vm, id=6456, stack(0x00000070a8800000,0x00000070a8900000)]
  0x00000178a4bcd5e0 JavaThread "Asynchronous log dispatcher for DefaultDaemonConnection: socket connection from /127.0.0.1:58248 to /127.0.0.1:58249" [_thread_blocked, id=34932, stack(0x00000070a8900000,0x00000070a8a00000)]
  0x00000178a4bcdaf0 JavaThread "Stdin handler" [_thread_blocked, id=25848, stack(0x00000070a8a00000,0x00000070a8b00000)]
  0x00000178a4bca340 JavaThread "Daemon client event forwarder" [_thread_blocked, id=27768, stack(0x00000070a8b00000,0x00000070a8c00000)]
  0x00000178a4bca850 JavaThread "Cache worker for journal cache (C:\Users\krish\.gradle\caches\journal-1)" [_thread_blocked, id=37160, stack(0x00000070a7b00000,0x00000070a7c00000)]
  0x00000178a4bcad60 JavaThread "File lock request listener" [_thread_in_native, id=37548, stack(0x00000070a8c00000,0x00000070a8d00000)]
  0x00000178a4bcb780 JavaThread "Cache worker for file hash cache (C:\Users\krish\.gradle\caches\8.6\fileHashes)" [_thread_blocked, id=29372, stack(0x00000070a8d00000,0x00000070a8e00000)]
  0x00000178a4bcc1a0 JavaThread "File watcher server" daemon [_thread_in_native, id=26300, stack(0x00000070a8f00000,0x00000070a9000000)]
  0x00000178a4bcbc90 JavaThread "File watcher consumer" daemon [_thread_blocked, id=7400, stack(0x00000070a9000000,0x00000070a9100000)]
  0x00000178a4bcc6b0 JavaThread "Cache worker for checksums cache (D:\MentalWellness\MentalWellness\.gradle\8.6\checksums)" [_thread_blocked, id=24384, stack(0x00000070a9a00000,0x00000070a9b00000)]
  0x00000178a6dfe870 JavaThread "Cache worker for file hash cache (D:\MentalWellness\MentalWellness\.gradle\8.6\fileHashes)" [_thread_blocked, id=21716, stack(0x00000070a9b00000,0x00000070a9c00000)]
  0x00000178a6e04db0 JavaThread "Cache worker for cache directory md-supplier (C:\Users\krish\.gradle\caches\8.6\md-supplier)" [_thread_blocked, id=33972, stack(0x00000070a9c00000,0x00000070a9d00000)]
  0x00000178a6e01b10 JavaThread "Cache worker for cache directory md-rule (C:\Users\krish\.gradle\caches\8.6\md-rule)" [_thread_blocked, id=43332, stack(0x00000070a9d00000,0x00000070a9e00000)]
  0x00000178a6e02530 JavaThread "Cache worker for file content cache (C:\Users\krish\.gradle\caches\8.6\fileContent)" [_thread_blocked, id=30796, stack(0x00000070a9e00000,0x00000070a9f00000)]
  0x00000178a6e02a40 JavaThread "jar transforms" [_thread_blocked, id=42884, stack(0x00000070a9f00000,0x00000070aa000000)]
  0x00000178a6e061f0 JavaThread "jar transforms Thread 2" [_thread_blocked, id=16560, stack(0x00000070aa000000,0x00000070aa100000)]
  0x00000178a6dffcb0 JavaThread "File lock release action executor" [_thread_blocked, id=44232, stack(0x00000070aa200000,0x00000070aa300000)]
  0x00000178a6e052c0 JavaThread "jar transforms Thread 3" [_thread_blocked, id=31428, stack(0x00000070a7800000,0x00000070a7900000)]
  0x00000178a6e006d0 JavaThread "jar transforms Thread 4" [_thread_blocked, id=44804, stack(0x00000070a8e00000,0x00000070a8f00000)]
  0x00000178a7a2ca40 JavaThread "C2 CompilerThread1" daemon [_thread_blocked, id=34592, stack(0x00000070aa100000,0x00000070aa200000)]
  0x00000178a6e02020 JavaThread "jar transforms Thread 5" [_thread_blocked, id=28352, stack(0x00000070aa300000,0x00000070aa400000)]
  0x00000178a6dff290 JavaThread "jar transforms Thread 6" [_thread_blocked, id=41524, stack(0x00000070aa400000,0x00000070aa500000)]
  0x00000178a5492f90 JavaThread "C2 CompilerThread2" daemon [_thread_blocked, id=42312, stack(0x00000070aa500000,0x00000070aa600000)]
  0x00000178a6e03e80 JavaThread "Cache worker for Build Output Cleanup Cache (D:\MentalWellness\MentalWellness\.gradle\buildOutputCleanup)" [_thread_blocked, id=36792, stack(0x00000070aa600000,0x00000070aa700000)]
  0x00000178a6e048a0 JavaThread "jar transforms Thread 7" [_thread_blocked, id=13340, stack(0x00000070aa700000,0x00000070aa800000)]
  0x00000178a6e02f50 JavaThread "jar transforms Thread 8" [_thread_blocked, id=5892, stack(0x00000070aa800000,0x00000070aa900000)]
  0x00000178a6e04390 JavaThread "Unconstrained build operations" [_thread_blocked, id=32192, stack(0x00000070aa900000,0x00000070aaa00000)]
  0x00000178a6dfed80 JavaThread "Unconstrained build operations Thread 2" [_thread_blocked, id=18660, stack(0x00000070aaa00000,0x00000070aab00000)]
  0x00000178a6e03460 JavaThread "Unconstrained build operations Thread 3" [_thread_blocked, id=3932, stack(0x00000070aab00000,0x00000070aac00000)]
  0x00000178a6e010f0 JavaThread "Unconstrained build operations Thread 4" [_thread_blocked, id=30852, stack(0x00000070aac00000,0x00000070aad00000)]
  0x00000178a6e01600 JavaThread "Unconstrained build operations Thread 5" [_thread_blocked, id=6484, stack(0x00000070aad00000,0x00000070aae00000)]
  0x00000178a6e057d0 JavaThread "Unconstrained build operations Thread 6" [_thread_blocked, id=30876, stack(0x00000070aae00000,0x00000070aaf00000)]
  0x00000178a6dff7a0 JavaThread "Unconstrained build operations Thread 7" [_thread_blocked, id=30444, stack(0x00000070aaf00000,0x00000070ab000000)]
  0x00000178a6e001c0 JavaThread "Unconstrained build operations Thread 8" [_thread_blocked, id=10436, stack(0x00000070ab000000,0x00000070ab100000)]
  0x00000178a6e05ce0 JavaThread "Unconstrained build operations Thread 9" [_thread_blocked, id=11052, stack(0x00000070ab100000,0x00000070ab200000)]
  0x00000178a6e00be0 JavaThread "Unconstrained build operations Thread 10" [_thread_blocked, id=43608, stack(0x00000070ab200000,0x00000070ab300000)]
  0x00000178a65a5e90 JavaThread "Unconstrained build operations Thread 11" [_thread_blocked, id=29560, stack(0x00000070ab300000,0x00000070ab400000)]
  0x00000178a65a63a0 JavaThread "Unconstrained build operations Thread 12" [_thread_blocked, id=33676, stack(0x00000070ab400000,0x00000070ab500000)]
  0x00000178a65a68b0 JavaThread "Unconstrained build operations Thread 13" [_thread_blocked, id=15820, stack(0x00000070ab500000,0x00000070ab600000)]
  0x00000178a65a6dc0 JavaThread "Unconstrained build operations Thread 14" [_thread_blocked, id=37956, stack(0x00000070ab600000,0x00000070ab700000)]
  0x00000178a65a5470 JavaThread "Unconstrained build operations Thread 15" [_thread_blocked, id=19732, stack(0x00000070ab700000,0x00000070ab800000)]
  0x00000178a9d7df00 JavaThread "C2 CompilerThread3" daemon [_thread_blocked, id=39588, stack(0x00000070ab800000,0x00000070ab900000)]
  0x00000178a9424e80 JavaThread "C2 CompilerThread4" daemon [_thread_blocked, id=43532, stack(0x00000070ab900000,0x00000070aba00000)]
  0x00000178a65a72d0 JavaThread "jar transforms Thread 9" [_thread_blocked, id=22016, stack(0x00000070aba00000,0x00000070abb00000)]
  0x00000178a65a8c20 JavaThread "jar transforms Thread 10" [_thread_blocked, id=16312, stack(0x00000070abb00000,0x00000070abc00000)]
  0x00000178a65a77e0 JavaThread "Memory manager" [_thread_blocked, id=24624, stack(0x00000070abc00000,0x00000070abd00000)]

Other Threads:
  0x000001785e0f2410 VMThread "VM Thread" [stack: 0x00000070a6b00000,0x00000070a6c00000] [id=40816]
  0x000001785e326f10 WatcherThread [stack: 0x00000070a7a00000,0x00000070a7b00000] [id=6688]
  0x000001783f414f20 GCTaskThread "GC Thread#0" [stack: 0x00000070a6600000,0x00000070a6700000] [id=33948]
  0x00000178a450c8e0 GCTaskThread "GC Thread#1" [stack: 0x00000070a7d00000,0x00000070a7e00000] [id=12312]
  0x00000178a46a0e80 GCTaskThread "GC Thread#2" [stack: 0x00000070a7e00000,0x00000070a7f00000] [id=29824]
  0x00000178a402ad00 GCTaskThread "GC Thread#3" [stack: 0x00000070a7f00000,0x00000070a8000000] [id=3148]
  0x00000178a4030490 GCTaskThread "GC Thread#4" [stack: 0x00000070a8000000,0x00000070a8100000] [id=5184]
  0x00000178a494ec30 GCTaskThread "GC Thread#5" [stack: 0x00000070a8100000,0x00000070a8200000] [id=1132]
  0x00000178a589eb30 GCTaskThread "GC Thread#6" [stack: 0x00000070a9100000,0x00000070a9200000] [id=19656]
  0x00000178a589e030 GCTaskThread "GC Thread#7" [stack: 0x00000070a9200000,0x00000070a9300000] [id=8716]
  0x00000178a8179560 GCTaskThread "GC Thread#8" [stack: 0x00000070a9300000,0x00000070a9400000] [id=43868]
  0x00000178a817a060 GCTaskThread "GC Thread#9" [stack: 0x00000070a9400000,0x00000070a9500000] [id=10964]
  0x00000178a817b660 GCTaskThread "GC Thread#10" [stack: 0x00000070a9500000,0x00000070a9600000] [id=17692]
  0x00000178a8178220 GCTaskThread "GC Thread#11" [stack: 0x00000070a9600000,0x00000070a9700000] [id=43752]
  0x00000178a8179820 GCTaskThread "GC Thread#12" [stack: 0x00000070a9700000,0x00000070a9800000] [id=44808]
  0x000001783f425e70 ConcurrentGCThread "G1 Main Marker" [stack: 0x00000070a6700000,0x00000070a6800000] [id=14204]
  0x000001783f428840 ConcurrentGCThread "G1 Conc#0" [stack: 0x00000070a6800000,0x00000070a6900000] [id=18948]
  0x00000178a817b920 ConcurrentGCThread "G1 Conc#1" [stack: 0x00000070a9800000,0x00000070a9900000] [id=28864]
  0x00000178a8177ca0 ConcurrentGCThread "G1 Conc#2" [stack: 0x00000070a9900000,0x00000070a9a00000] [id=23652]
  0x000001785df5c220 ConcurrentGCThread "G1 Refine#0" [stack: 0x00000070a6900000,0x00000070a6a00000] [id=23920]
  0x000001785df5ca60 ConcurrentGCThread "G1 Service" [stack: 0x00000070a6a00000,0x00000070a6b00000] [id=11416]

Threads with active compile tasks:
C2 CompilerThread0     9092 8662 %     4       org.gradle.internal.instantiation.generator.AbstractClassGenerator::inspectType @ 77 (560 bytes)
C1 CompilerThread3     9092 8755   !   3       jdk.internal.loader.URLClassPath::check (125 bytes)

VM state: not at safepoint (normal execution)

VM Mutex/Monitor currently owned by a thread: None

Heap address: 0x0000000080000000, size: 2048 MB, Compressed Oops mode: 32-bit

CDS archive(s) mapped at: [0x000001785f000000-0x000001785fbd0000-0x000001785fbd0000), size 12386304, SharedBaseAddress: 0x000001785f000000, ArchiveRelocationMode: 1.
Compressed class space mapped at: 0x0000017860000000-0x00000178a0000000, reserved size: 1073741824
Narrow klass base: 0x000001785f000000, Narrow klass shift: 0, Narrow klass range: 0x100000000

GC Precious Log:
 CPUs: 16 total, 16 available
 Memory: 16202M
 Large Page Support: Disabled
 NUMA Support: Disabled
 Compressed Oops: Enabled (32-bit)
 Heap Region Size: 1M
 Heap Min Capacity: 8M
 Heap Initial Capacity: 254M
 Heap Max Capacity: 2G
 Pre-touch: Disabled
 Parallel Workers: 13
 Concurrent Workers: 3
 Concurrent Refinement Workers: 13
 Periodic GC: Disabled

Heap:
 garbage-first heap   total 243712K, used 122077K [0x0000000080000000, 0x0000000100000000)
  region size 1024K, 53 young (54272K), 4 survivors (4096K)
 Metaspace       used 60805K, committed 61440K, reserved 1114112K
  class space    used 8399K, committed 8704K, reserved 1048576K

Heap Regions: E=young(eden), S=young(survivor), O=old, HS=humongous(starts), HC=humongous(continues), CS=collection set, F=free, OA=open archive, CA=closed archive, TAMS=top-at-mark-start (previous, next)
|   0|0x0000000080000000, 0x0000000080100000, 0x0000000080100000|100%|HS|  |TAMS 0x0000000080100000, 0x0000000080000000| Complete 
|   1|0x0000000080100000, 0x0000000080200000, 0x0000000080200000|100%|HC|  |TAMS 0x0000000080200000, 0x0000000080100000| Complete 
|   2|0x0000000080200000, 0x0000000080300000, 0x0000000080300000|100%|HC|  |TAMS 0x0000000080300000, 0x0000000080200000| Complete 
|   3|0x0000000080300000, 0x0000000080400000, 0x0000000080400000|100%|HC|  |TAMS 0x0000000080400000, 0x0000000080300000| Complete 
|   4|0x0000000080400000, 0x0000000080500000, 0x0000000080500000|100%| O|  |TAMS 0x0000000080500000, 0x0000000080400000| Untracked 
|   5|0x0000000080500000, 0x0000000080600000, 0x0000000080600000|100%| O|  |TAMS 0x0000000080600000, 0x0000000080500000| Untracked 
|   6|0x0000000080600000, 0x0000000080700000, 0x0000000080700000|100%| O|  |TAMS 0x0000000080700000, 0x0000000080600000| Untracked 
|   7|0x0000000080700000, 0x0000000080800000, 0x0000000080800000|100%| O|  |TAMS 0x0000000080800000, 0x0000000080700000| Untracked 
|   8|0x0000000080800000, 0x0000000080900000, 0x0000000080900000|100%| O|  |TAMS 0x0000000080900000, 0x0000000080800000| Untracked 
|   9|0x0000000080900000, 0x0000000080a00000, 0x0000000080a00000|100%| O|  |TAMS 0x0000000080a00000, 0x0000000080900000| Untracked 
|  10|0x0000000080a00000, 0x0000000080b00000, 0x0000000080b00000|100%|HS|  |TAMS 0x0000000080b00000, 0x0000000080a00000| Complete 
|  11|0x0000000080b00000, 0x0000000080c00000, 0x0000000080c00000|100%| O|  |TAMS 0x0000000080c00000, 0x0000000080b00000| Untracked 
|  12|0x0000000080c00000, 0x0000000080d00000, 0x0000000080d00000|100%| O|  |TAMS 0x0000000080d00000, 0x0000000080c00000| Untracked 
|  13|0x0000000080d00000, 0x0000000080e00000, 0x0000000080e00000|100%| O|  |TAMS 0x0000000080e00000, 0x0000000080d00000| Untracked 
|  14|0x0000000080e00000, 0x0000000080f00000, 0x0000000080f00000|100%| O|  |TAMS 0x0000000080f00000, 0x0000000080e00000| Untracked 
|  15|0x0000000080f00000, 0x0000000081000000, 0x0000000081000000|100%| O|  |TAMS 0x0000000081000000, 0x0000000080f00000| Untracked 
|  16|0x0000000081000000, 0x0000000081100000, 0x0000000081100000|100%| O|  |TAMS 0x0000000081100000, 0x0000000081000000| Untracked 
|  17|0x0000000081100000, 0x0000000081200000, 0x0000000081200000|100%| O|  |TAMS 0x0000000081200000, 0x0000000081100000| Untracked 
|  18|0x0000000081200000, 0x0000000081300000, 0x0000000081300000|100%| O|  |TAMS 0x0000000081300000, 0x0000000081200000| Untracked 
|  19|0x0000000081300000, 0x0000000081400000, 0x0000000081400000|100%| O|  |TAMS 0x0000000081400000, 0x0000000081300000| Untracked 
|  20|0x0000000081400000, 0x0000000081500000, 0x0000000081500000|100%| O|  |TAMS 0x0000000081500000, 0x0000000081400000| Untracked 
|  21|0x0000000081500000, 0x0000000081600000, 0x0000000081600000|100%| O|  |TAMS 0x0000000081600000, 0x0000000081500000| Untracked 
|  22|0x0000000081600000, 0x0000000081700000, 0x0000000081700000|100%| O|  |TAMS 0x0000000081700000, 0x0000000081600000| Untracked 
|  23|0x0000000081700000, 0x0000000081700000, 0x0000000081800000|  0%| F|  |TAMS 0x0000000081700000, 0x0000000081700000| Untracked 
|  24|0x0000000081800000, 0x0000000081900000, 0x0000000081900000|100%| O|  |TAMS 0x0000000081900000, 0x0000000081800000| Untracked 
|  25|0x0000000081900000, 0x0000000081a00000, 0x0000000081a00000|100%| O|  |TAMS 0x0000000081a00000, 0x0000000081900000| Untracked 
|  26|0x0000000081a00000, 0x0000000081b00000, 0x0000000081b00000|100%| O|  |TAMS 0x0000000081b00000, 0x0000000081a00000| Complete 
|  27|0x0000000081b00000, 0x0000000081c00000, 0x0000000081c00000|100%|HS|  |TAMS 0x0000000081c00000, 0x0000000081b00000| Complete 
|  28|0x0000000081c00000, 0x0000000081d00000, 0x0000000081d00000|100%| O|  |TAMS 0x0000000081d00000, 0x0000000081c00000| Untracked 
|  29|0x0000000081d00000, 0x0000000081e00000, 0x0000000081e00000|100%| O|  |TAMS 0x0000000081e00000, 0x0000000081d00000| Untracked 
|  30|0x0000000081e00000, 0x0000000081f00000, 0x0000000081f00000|100%| O|  |TAMS 0x0000000081f00000, 0x0000000081e00000| Untracked 
|  31|0x0000000081f00000, 0x0000000082000000, 0x0000000082000000|100%| O|  |TAMS 0x0000000082000000, 0x0000000081f00000| Untracked 
|  32|0x0000000082000000, 0x0000000082100000, 0x0000000082100000|100%| O|  |TAMS 0x0000000082100000, 0x0000000082000000| Untracked 
|  33|0x0000000082100000, 0x0000000082200000, 0x0000000082200000|100%| O|  |TAMS 0x0000000082200000, 0x0000000082100000| Untracked 
|  34|0x0000000082200000, 0x0000000082300000, 0x0000000082300000|100%| O|  |TAMS 0x0000000082300000, 0x0000000082200000| Untracked 
|  35|0x0000000082300000, 0x0000000082400000, 0x0000000082400000|100%| O|  |TAMS 0x0000000082400000, 0x0000000082300000| Untracked 
|  36|0x0000000082400000, 0x0000000082500000, 0x0000000082500000|100%| O|  |TAMS 0x0000000082500000, 0x0000000082400000| Untracked 
|  37|0x0000000082500000, 0x0000000082600000, 0x0000000082600000|100%| O|  |TAMS 0x0000000082600000, 0x0000000082500000| Untracked 
|  38|0x0000000082600000, 0x0000000082600000, 0x0000000082700000|  0%| F|  |TAMS 0x0000000082600000, 0x0000000082600000| Untracked 
|  39|0x0000000082700000, 0x0000000082800000, 0x0000000082800000|100%| O|  |TAMS 0x0000000082800000, 0x0000000082700000| Untracked 
|  40|0x0000000082800000, 0x0000000082900000, 0x0000000082900000|100%| O|  |TAMS 0x0000000082900000, 0x0000000082800000| Untracked 
|  41|0x0000000082900000, 0x0000000082a00000, 0x0000000082a00000|100%| O|  |TAMS 0x0000000082a00000, 0x0000000082900000| Untracked 
|  42|0x0000000082a00000, 0x0000000082b00000, 0x0000000082b00000|100%| O|  |TAMS 0x0000000082b00000, 0x0000000082a00000| Untracked 
|  43|0x0000000082b00000, 0x0000000082c00000, 0x0000000082c00000|100%| O|  |TAMS 0x0000000082c00000, 0x0000000082b00000| Untracked 
|  44|0x0000000082c00000, 0x0000000082d00000, 0x0000000082d00000|100%| O|  |TAMS 0x0000000082d00000, 0x0000000082c00000| Untracked 
|  45|0x0000000082d00000, 0x0000000082e00000, 0x0000000082e00000|100%| O|  |TAMS 0x0000000082e00000, 0x0000000082d00000| Untracked 
|  46|0x0000000082e00000, 0x0000000082f00000, 0x0000000082f00000|100%| O|  |TAMS 0x0000000082f00000, 0x0000000082e00000| Untracked 
|  47|0x0000000082f00000, 0x0000000083000000, 0x0000000083000000|100%| O|  |TAMS 0x0000000083000000, 0x0000000082f00000| Untracked 
|  48|0x0000000083000000, 0x0000000083100000, 0x0000000083100000|100%|HS|  |TAMS 0x0000000083100000, 0x0000000083000000| Complete 
|  49|0x0000000083100000, 0x0000000083200000, 0x0000000083200000|100%|HC|  |TAMS 0x0000000083200000, 0x0000000083100000| Complete 
|  50|0x0000000083200000, 0x0000000083300000, 0x0000000083300000|100%|HS|  |TAMS 0x0000000083300000, 0x0000000083200000| Complete 
|  51|0x0000000083300000, 0x0000000083400000, 0x0000000083400000|100%|HC|  |TAMS 0x0000000083400000, 0x0000000083300000| Complete 
|  52|0x0000000083400000, 0x0000000083500000, 0x0000000083500000|100%|HS|  |TAMS 0x0000000083500000, 0x0000000083400000| Complete 
|  53|0x0000000083500000, 0x0000000083600000, 0x0000000083600000|100%|HS|  |TAMS 0x0000000083600000, 0x0000000083500000| Complete 
|  54|0x0000000083600000, 0x0000000083700000, 0x0000000083700000|100%|HC|  |TAMS 0x0000000083700000, 0x0000000083600000| Complete 
|  55|0x0000000083700000, 0x0000000083800000, 0x0000000083800000|100%|HC|  |TAMS 0x0000000083800000, 0x0000000083700000| Complete 
|  56|0x0000000083800000, 0x0000000083900000, 0x0000000083900000|100%|HC|  |TAMS 0x0000000083900000, 0x0000000083800000| Complete 
|  57|0x0000000083900000, 0x0000000083a00000, 0x0000000083a00000|100%|HS|  |TAMS 0x0000000083a00000, 0x0000000083900000| Complete 
|  58|0x0000000083a00000, 0x0000000083b00000, 0x0000000083b00000|100%| O|  |TAMS 0x0000000083b00000, 0x0000000083a00000| Untracked 
|  59|0x0000000083b00000, 0x0000000083c00000, 0x0000000083c00000|100%|HS|  |TAMS 0x0000000083c00000, 0x0000000083b00000| Complete 
|  60|0x0000000083c00000, 0x0000000083d00000, 0x0000000083d00000|100%|HS|  |TAMS 0x0000000083d00000, 0x0000000083c00000| Complete 
|  61|0x0000000083d00000, 0x0000000083e00000, 0x0000000083e00000|100%| O|  |TAMS 0x0000000083e00000, 0x0000000083d00000| Untracked 
|  62|0x0000000083e00000, 0x0000000083f00000, 0x0000000083f00000|100%| O|  |TAMS 0x0000000083f00000, 0x0000000083e00000| Untracked 
|  63|0x0000000083f00000, 0x0000000084000000, 0x0000000084000000|100%| O|  |TAMS 0x0000000084000000, 0x0000000083f00000| Untracked 
|  64|0x0000000084000000, 0x0000000084100000, 0x0000000084100000|100%| O|  |TAMS 0x0000000084100000, 0x0000000084000000| Untracked 
|  65|0x0000000084100000, 0x0000000084200000, 0x0000000084200000|100%| O|  |TAMS 0x0000000084200000, 0x0000000084100000| Untracked 
|  66|0x0000000084200000, 0x0000000084300000, 0x0000000084300000|100%| O|  |TAMS 0x0000000084300000, 0x0000000084200000| Untracked 
|  67|0x0000000084300000, 0x0000000084400000, 0x0000000084400000|100%| O|  |TAMS 0x0000000084400000, 0x0000000084300000| Untracked 
|  68|0x0000000084400000, 0x0000000084439400, 0x0000000084500000| 22%| O|  |TAMS 0x0000000084439400, 0x0000000084400000| Untracked 
|  69|0x0000000084500000, 0x0000000084500000, 0x0000000084600000|  0%| F|  |TAMS 0x0000000084500000, 0x0000000084500000| Untracked 
|  70|0x0000000084600000, 0x0000000084600000, 0x0000000084700000|  0%| F|  |TAMS 0x0000000084600000, 0x0000000084600000| Untracked 
|  71|0x0000000084700000, 0x0000000084800000, 0x0000000084800000|100%|HS|  |TAMS 0x0000000084800000, 0x0000000084700000| Complete 
|  72|0x0000000084800000, 0x0000000084800000, 0x0000000084900000|  0%| F|  |TAMS 0x0000000084800000, 0x0000000084800000| Untracked 
|  73|0x0000000084900000, 0x0000000084900000, 0x0000000084a00000|  0%| F|  |TAMS 0x0000000084900000, 0x0000000084900000| Untracked 
|  74|0x0000000084a00000, 0x0000000084a00000, 0x0000000084b00000|  0%| F|  |TAMS 0x0000000084a00000, 0x0000000084a00000| Untracked 
|  75|0x0000000084b00000, 0x0000000084b00000, 0x0000000084c00000|  0%| F|  |TAMS 0x0000000084b00000, 0x0000000084b00000| Untracked 
|  76|0x0000000084c00000, 0x0000000084c00000, 0x0000000084d00000|  0%| F|  |TAMS 0x0000000084c00000, 0x0000000084c00000| Untracked 
|  77|0x0000000084d00000, 0x0000000084d00000, 0x0000000084e00000|  0%| F|  |TAMS 0x0000000084d00000, 0x0000000084d00000| Untracked 
|  78|0x0000000084e00000, 0x0000000084e00000, 0x0000000084f00000|  0%| F|  |TAMS 0x0000000084e00000, 0x0000000084e00000| Untracked 
|  79|0x0000000084f00000, 0x0000000084f00000, 0x0000000085000000|  0%| F|  |TAMS 0x0000000084f00000, 0x0000000084f00000| Untracked 
|  80|0x0000000085000000, 0x0000000085000000, 0x0000000085100000|  0%| F|  |TAMS 0x0000000085000000, 0x0000000085000000| Untracked 
|  81|0x0000000085100000, 0x0000000085100000, 0x0000000085200000|  0%| F|  |TAMS 0x0000000085100000, 0x0000000085100000| Untracked 
|  82|0x0000000085200000, 0x0000000085200000, 0x0000000085300000|  0%| F|  |TAMS 0x0000000085200000, 0x0000000085200000| Untracked 
|  83|0x0000000085300000, 0x0000000085300000, 0x0000000085400000|  0%| F|  |TAMS 0x0000000085300000, 0x0000000085300000| Untracked 
|  84|0x0000000085400000, 0x0000000085400000, 0x0000000085500000|  0%| F|  |TAMS 0x0000000085400000, 0x0000000085400000| Untracked 
|  85|0x0000000085500000, 0x00000000855fe238, 0x0000000085600000| 99%| S|CS|TAMS 0x0000000085500000, 0x0000000085500000| Complete 
|  86|0x0000000085600000, 0x0000000085700000, 0x0000000085700000|100%| S|CS|TAMS 0x0000000085600000, 0x0000000085600000| Complete 
|  87|0x0000000085700000, 0x0000000085800000, 0x0000000085800000|100%| S|CS|TAMS 0x0000000085700000, 0x0000000085700000| Complete 
|  88|0x0000000085800000, 0x0000000085900000, 0x0000000085900000|100%| S|CS|TAMS 0x0000000085800000, 0x0000000085800000| Complete 
|  89|0x0000000085900000, 0x0000000085900000, 0x0000000085a00000|  0%| F|  |TAMS 0x0000000085900000, 0x0000000085900000| Untracked 
|  90|0x0000000085a00000, 0x0000000085a00000, 0x0000000085b00000|  0%| F|  |TAMS 0x0000000085a00000, 0x0000000085a00000| Untracked 
|  91|0x0000000085b00000, 0x0000000085b00000, 0x0000000085c00000|  0%| F|  |TAMS 0x0000000085b00000, 0x0000000085b00000| Untracked 
|  92|0x0000000085c00000, 0x0000000085c00000, 0x0000000085d00000|  0%| F|  |TAMS 0x0000000085c00000, 0x0000000085c00000| Untracked 
|  93|0x0000000085d00000, 0x0000000085d00000, 0x0000000085e00000|  0%| F|  |TAMS 0x0000000085d00000, 0x0000000085d00000| Untracked 
|  94|0x0000000085e00000, 0x0000000085e00000, 0x0000000085f00000|  0%| F|  |TAMS 0x0000000085e00000, 0x0000000085e00000| Untracked 
|  95|0x0000000085f00000, 0x0000000085f00000, 0x0000000086000000|  0%| F|  |TAMS 0x0000000085f00000, 0x0000000085f00000| Untracked 
|  96|0x0000000086000000, 0x0000000086000000, 0x0000000086100000|  0%| F|  |TAMS 0x0000000086000000, 0x0000000086000000| Untracked 
|  97|0x0000000086100000, 0x0000000086100000, 0x0000000086200000|  0%| F|  |TAMS 0x0000000086100000, 0x0000000086100000| Untracked 
|  98|0x0000000086200000, 0x0000000086200000, 0x0000000086300000|  0%| F|  |TAMS 0x0000000086200000, 0x0000000086200000| Untracked 
|  99|0x0000000086300000, 0x0000000086300000, 0x0000000086400000|  0%| F|  |TAMS 0x0000000086300000, 0x0000000086300000| Untracked 
| 100|0x0000000086400000, 0x0000000086400000, 0x0000000086500000|  0%| F|  |TAMS 0x0000000086400000, 0x0000000086400000| Untracked 
| 101|0x0000000086500000, 0x0000000086500000, 0x0000000086600000|  0%| F|  |TAMS 0x0000000086500000, 0x0000000086500000| Untracked 
| 102|0x0000000086600000, 0x0000000086600000, 0x0000000086700000|  0%| F|  |TAMS 0x0000000086600000, 0x0000000086600000| Untracked 
| 103|0x0000000086700000, 0x0000000086700000, 0x0000000086800000|  0%| F|  |TAMS 0x0000000086700000, 0x0000000086700000| Untracked 
| 104|0x0000000086800000, 0x0000000086800000, 0x0000000086900000|  0%| F|  |TAMS 0x0000000086800000, 0x0000000086800000| Untracked 
| 105|0x0000000086900000, 0x0000000086900000, 0x0000000086a00000|  0%| F|  |TAMS 0x0000000086900000, 0x0000000086900000| Untracked 
| 106|0x0000000086a00000, 0x0000000086a00000, 0x0000000086b00000|  0%| F|  |TAMS 0x0000000086a00000, 0x0000000086a00000| Untracked 
| 107|0x0000000086b00000, 0x0000000086b00000, 0x0000000086c00000|  0%| F|  |TAMS 0x0000000086b00000, 0x0000000086b00000| Untracked 
| 108|0x0000000086c00000, 0x0000000086c00000, 0x0000000086d00000|  0%| F|  |TAMS 0x0000000086c00000, 0x0000000086c00000| Untracked 
| 109|0x0000000086d00000, 0x0000000086d00000, 0x0000000086e00000|  0%| F|  |TAMS 0x0000000086d00000, 0x0000000086d00000| Untracked 
| 110|0x0000000086e00000, 0x0000000086e00000, 0x0000000086f00000|  0%| F|  |TAMS 0x0000000086e00000, 0x0000000086e00000| Untracked 
| 111|0x0000000086f00000, 0x0000000086f00000, 0x0000000087000000|  0%| F|  |TAMS 0x0000000086f00000, 0x0000000086f00000| Untracked 
| 112|0x0000000087000000, 0x0000000087000000, 0x0000000087100000|  0%| F|  |TAMS 0x0000000087000000, 0x0000000087000000| Untracked 
| 113|0x0000000087100000, 0x0000000087100000, 0x0000000087200000|  0%| F|  |TAMS 0x0000000087100000, 0x0000000087100000| Untracked 
| 114|0x0000000087200000, 0x0000000087200000, 0x0000000087300000|  0%| F|  |TAMS 0x0000000087200000, 0x0000000087200000| Untracked 
| 115|0x0000000087300000, 0x0000000087300000, 0x0000000087400000|  0%| F|  |TAMS 0x0000000087300000, 0x0000000087300000| Untracked 
| 116|0x0000000087400000, 0x0000000087400000, 0x0000000087500000|  0%| F|  |TAMS 0x0000000087400000, 0x0000000087400000| Untracked 
| 117|0x0000000087500000, 0x0000000087500000, 0x0000000087600000|  0%| F|  |TAMS 0x0000000087500000, 0x0000000087500000| Untracked 
| 118|0x0000000087600000, 0x0000000087600000, 0x0000000087700000|  0%| F|  |TAMS 0x0000000087600000, 0x0000000087600000| Untracked 
| 119|0x0000000087700000, 0x0000000087700000, 0x0000000087800000|  0%| F|  |TAMS 0x0000000087700000, 0x0000000087700000| Untracked 
| 120|0x0000000087800000, 0x0000000087800000, 0x0000000087900000|  0%| F|  |TAMS 0x0000000087800000, 0x0000000087800000| Untracked 
| 121|0x0000000087900000, 0x0000000087900000, 0x0000000087a00000|  0%| F|  |TAMS 0x0000000087900000, 0x0000000087900000| Untracked 
| 122|0x0000000087a00000, 0x0000000087a00000, 0x0000000087b00000|  0%| F|  |TAMS 0x0000000087a00000, 0x0000000087a00000| Untracked 
| 123|0x0000000087b00000, 0x0000000087b00000, 0x0000000087c00000|  0%| F|  |TAMS 0x0000000087b00000, 0x0000000087b00000| Untracked 
| 124|0x0000000087c00000, 0x0000000087c00000, 0x0000000087d00000|  0%| F|  |TAMS 0x0000000087c00000, 0x0000000087c00000| Untracked 
| 125|0x0000000087d00000, 0x0000000087d00000, 0x0000000087e00000|  0%| F|  |TAMS 0x0000000087d00000, 0x0000000087d00000| Untracked 
| 126|0x0000000087e00000, 0x0000000087e00000, 0x0000000087f00000|  0%| F|  |TAMS 0x0000000087e00000, 0x0000000087e00000| Untracked 
| 127|0x0000000087f00000, 0x0000000087f00000, 0x0000000088000000|  0%| F|  |TAMS 0x0000000087f00000, 0x0000000087f00000| Untracked 
| 128|0x0000000088000000, 0x0000000088000000, 0x0000000088100000|  0%| F|  |TAMS 0x0000000088000000, 0x0000000088000000| Untracked 
| 129|0x0000000088100000, 0x0000000088100000, 0x0000000088200000|  0%| F|  |TAMS 0x0000000088100000, 0x0000000088100000| Untracked 
| 130|0x0000000088200000, 0x0000000088200000, 0x0000000088300000|  0%| F|  |TAMS 0x0000000088200000, 0x0000000088200000| Untracked 
| 131|0x0000000088300000, 0x0000000088300000, 0x0000000088400000|  0%| F|  |TAMS 0x0000000088300000, 0x0000000088300000| Untracked 
| 132|0x0000000088400000, 0x0000000088400000, 0x0000000088500000|  0%| F|  |TAMS 0x0000000088400000, 0x0000000088400000| Untracked 
| 133|0x0000000088500000, 0x0000000088500000, 0x0000000088600000|  0%| F|  |TAMS 0x0000000088500000, 0x0000000088500000| Untracked 
| 134|0x0000000088600000, 0x0000000088600000, 0x0000000088700000|  0%| F|  |TAMS 0x0000000088600000, 0x0000000088600000| Untracked 
| 135|0x0000000088700000, 0x0000000088700000, 0x0000000088800000|  0%| F|  |TAMS 0x0000000088700000, 0x0000000088700000| Untracked 
| 136|0x0000000088800000, 0x0000000088800000, 0x0000000088900000|  0%| F|  |TAMS 0x0000000088800000, 0x0000000088800000| Untracked 
| 137|0x0000000088900000, 0x0000000088900000, 0x0000000088a00000|  0%| F|  |TAMS 0x0000000088900000, 0x0000000088900000| Untracked 
| 138|0x0000000088a00000, 0x0000000088a00000, 0x0000000088b00000|  0%| F|  |TAMS 0x0000000088a00000, 0x0000000088a00000| Untracked 
| 139|0x0000000088b00000, 0x0000000088b00000, 0x0000000088c00000|  0%| F|  |TAMS 0x0000000088b00000, 0x0000000088b00000| Untracked 
| 140|0x0000000088c00000, 0x0000000088c00000, 0x0000000088d00000|  0%| F|  |TAMS 0x0000000088c00000, 0x0000000088c00000| Untracked 
| 141|0x0000000088d00000, 0x0000000088d00000, 0x0000000088e00000|  0%| F|  |TAMS 0x0000000088d00000, 0x0000000088d00000| Untracked 
| 142|0x0000000088e00000, 0x0000000088e00000, 0x0000000088f00000|  0%| F|  |TAMS 0x0000000088e00000, 0x0000000088e00000| Untracked 
| 143|0x0000000088f00000, 0x0000000088f00000, 0x0000000089000000|  0%| F|  |TAMS 0x0000000088f00000, 0x0000000088f00000| Untracked 
| 144|0x0000000089000000, 0x0000000089000000, 0x0000000089100000|  0%| F|  |TAMS 0x0000000089000000, 0x0000000089000000| Untracked 
| 145|0x0000000089100000, 0x0000000089100000, 0x0000000089200000|  0%| F|  |TAMS 0x0000000089100000, 0x0000000089100000| Untracked 
| 146|0x0000000089200000, 0x0000000089200000, 0x0000000089300000|  0%| F|  |TAMS 0x0000000089200000, 0x0000000089200000| Untracked 
| 147|0x0000000089300000, 0x0000000089300000, 0x0000000089400000|  0%| F|  |TAMS 0x0000000089300000, 0x0000000089300000| Untracked 
| 148|0x0000000089400000, 0x0000000089400000, 0x0000000089500000|  0%| F|  |TAMS 0x0000000089400000, 0x0000000089400000| Untracked 
| 149|0x0000000089500000, 0x0000000089500000, 0x0000000089600000|  0%| F|  |TAMS 0x0000000089500000, 0x0000000089500000| Untracked 
| 150|0x0000000089600000, 0x0000000089600000, 0x0000000089700000|  0%| F|  |TAMS 0x0000000089600000, 0x0000000089600000| Untracked 
| 151|0x0000000089700000, 0x0000000089700000, 0x0000000089800000|  0%| F|  |TAMS 0x0000000089700000, 0x0000000089700000| Untracked 
| 152|0x0000000089800000, 0x0000000089800000, 0x0000000089900000|  0%| F|  |TAMS 0x0000000089800000, 0x0000000089800000| Untracked 
| 153|0x0000000089900000, 0x0000000089900000, 0x0000000089a00000|  0%| F|  |TAMS 0x0000000089900000, 0x0000000089900000| Untracked 
| 154|0x0000000089a00000, 0x0000000089a00000, 0x0000000089b00000|  0%| F|  |TAMS 0x0000000089a00000, 0x0000000089a00000| Untracked 
| 155|0x0000000089b00000, 0x0000000089b00000, 0x0000000089c00000|  0%| F|  |TAMS 0x0000000089b00000, 0x0000000089b00000| Untracked 
| 156|0x0000000089c00000, 0x0000000089c00000, 0x0000000089d00000|  0%| F|  |TAMS 0x0000000089c00000, 0x0000000089c00000| Untracked 
| 157|0x0000000089d00000, 0x0000000089d00000, 0x0000000089e00000|  0%| F|  |TAMS 0x0000000089d00000, 0x0000000089d00000| Untracked 
| 158|0x0000000089e00000, 0x0000000089e00000, 0x0000000089f00000|  0%| F|  |TAMS 0x0000000089e00000, 0x0000000089e00000| Untracked 
| 159|0x0000000089f00000, 0x0000000089f00000, 0x000000008a000000|  0%| F|  |TAMS 0x0000000089f00000, 0x0000000089f00000| Untracked 
| 160|0x000000008a000000, 0x000000008a000000, 0x000000008a100000|  0%| F|  |TAMS 0x000000008a000000, 0x000000008a000000| Untracked 
| 161|0x000000008a100000, 0x000000008a100000, 0x000000008a200000|  0%| F|  |TAMS 0x000000008a100000, 0x000000008a100000| Untracked 
| 162|0x000000008a200000, 0x000000008a200000, 0x000000008a300000|  0%| F|  |TAMS 0x000000008a200000, 0x000000008a200000| Untracked 
| 163|0x000000008a300000, 0x000000008a300000, 0x000000008a400000|  0%| F|  |TAMS 0x000000008a300000, 0x000000008a300000| Untracked 
| 164|0x000000008a400000, 0x000000008a400000, 0x000000008a500000|  0%| F|  |TAMS 0x000000008a400000, 0x000000008a400000| Untracked 
| 165|0x000000008a500000, 0x000000008a500000, 0x000000008a600000|  0%| F|  |TAMS 0x000000008a500000, 0x000000008a500000| Untracked 
| 166|0x000000008a600000, 0x000000008a600000, 0x000000008a700000|  0%| F|  |TAMS 0x000000008a600000, 0x000000008a600000| Untracked 
| 167|0x000000008a700000, 0x000000008a700000, 0x000000008a800000|  0%| F|  |TAMS 0x000000008a700000, 0x000000008a700000| Untracked 
| 168|0x000000008a800000, 0x000000008a800000, 0x000000008a900000|  0%| F|  |TAMS 0x000000008a800000, 0x000000008a800000| Untracked 
| 169|0x000000008a900000, 0x000000008a900000, 0x000000008aa00000|  0%| F|  |TAMS 0x000000008a900000, 0x000000008a900000| Untracked 
| 170|0x000000008aa00000, 0x000000008aa00000, 0x000000008ab00000|  0%| F|  |TAMS 0x000000008aa00000, 0x000000008aa00000| Untracked 
| 171|0x000000008ab00000, 0x000000008ab00000, 0x000000008ac00000|  0%| F|  |TAMS 0x000000008ab00000, 0x000000008ab00000| Untracked 
| 172|0x000000008ac00000, 0x000000008ac00000, 0x000000008ad00000|  0%| F|  |TAMS 0x000000008ac00000, 0x000000008ac00000| Untracked 
| 173|0x000000008ad00000, 0x000000008ad00000, 0x000000008ae00000|  0%| F|  |TAMS 0x000000008ad00000, 0x000000008ad00000| Untracked 
| 174|0x000000008ae00000, 0x000000008ae00000, 0x000000008af00000|  0%| F|  |TAMS 0x000000008ae00000, 0x000000008ae00000| Untracked 
| 175|0x000000008af00000, 0x000000008af00000, 0x000000008b000000|  0%| F|  |TAMS 0x000000008af00000, 0x000000008af00000| Untracked 
| 176|0x000000008b000000, 0x000000008b000000, 0x000000008b100000|  0%| F|  |TAMS 0x000000008b000000, 0x000000008b000000| Untracked 
| 177|0x000000008b100000, 0x000000008b100000, 0x000000008b200000|  0%| F|  |TAMS 0x000000008b100000, 0x000000008b100000| Untracked 
| 178|0x000000008b200000, 0x000000008b200000, 0x000000008b300000|  0%| F|  |TAMS 0x000000008b200000, 0x000000008b200000| Untracked 
| 179|0x000000008b300000, 0x000000008b300000, 0x000000008b400000|  0%| F|  |TAMS 0x000000008b300000, 0x000000008b300000| Untracked 
| 180|0x000000008b400000, 0x000000008b400000, 0x000000008b500000|  0%| F|  |TAMS 0x000000008b400000, 0x000000008b400000| Untracked 
| 181|0x000000008b500000, 0x000000008b500000, 0x000000008b600000|  0%| F|  |TAMS 0x000000008b500000, 0x000000008b500000| Untracked 
| 182|0x000000008b600000, 0x000000008b600000, 0x000000008b700000|  0%| F|  |TAMS 0x000000008b600000, 0x000000008b600000| Untracked 
| 183|0x000000008b700000, 0x000000008b700000, 0x000000008b800000|  0%| F|  |TAMS 0x000000008b700000, 0x000000008b700000| Untracked 
| 184|0x000000008b800000, 0x000000008b800000, 0x000000008b900000|  0%| F|  |TAMS 0x000000008b800000, 0x000000008b800000| Untracked 
| 185|0x000000008b900000, 0x000000008b900000, 0x000000008ba00000|  0%| F|  |TAMS 0x000000008b900000, 0x000000008b900000| Untracked 
| 186|0x000000008ba00000, 0x000000008ba00000, 0x000000008bb00000|  0%| F|  |TAMS 0x000000008ba00000, 0x000000008ba00000| Untracked 
| 187|0x000000008bb00000, 0x000000008bb00000, 0x000000008bc00000|  0%| F|  |TAMS 0x000000008bb00000, 0x000000008bb00000| Untracked 
| 188|0x000000008bc00000, 0x000000008bc00000, 0x000000008bd00000|  0%| F|  |TAMS 0x000000008bc00000, 0x000000008bc00000| Untracked 
| 189|0x000000008bd00000, 0x000000008be00000, 0x000000008be00000|100%| E|  |TAMS 0x000000008bd00000, 0x000000008bd00000| Complete 
| 190|0x000000008be00000, 0x000000008bf00000, 0x000000008bf00000|100%| E|CS|TAMS 0x000000008be00000, 0x000000008be00000| Complete 
| 191|0x000000008bf00000, 0x000000008c000000, 0x000000008c000000|100%| E|CS|TAMS 0x000000008bf00000, 0x000000008bf00000| Complete 
| 192|0x000000008c000000, 0x000000008c100000, 0x000000008c100000|100%| E|CS|TAMS 0x000000008c000000, 0x000000008c000000| Complete 
| 193|0x000000008c100000, 0x000000008c200000, 0x000000008c200000|100%| E|CS|TAMS 0x000000008c100000, 0x000000008c100000| Complete 
| 194|0x000000008c200000, 0x000000008c300000, 0x000000008c300000|100%| E|CS|TAMS 0x000000008c200000, 0x000000008c200000| Complete 
| 195|0x000000008c300000, 0x000000008c400000, 0x000000008c400000|100%| E|CS|TAMS 0x000000008c300000, 0x000000008c300000| Complete 
| 196|0x000000008c400000, 0x000000008c500000, 0x000000008c500000|100%| E|CS|TAMS 0x000000008c400000, 0x000000008c400000| Complete 
| 197|0x000000008c500000, 0x000000008c600000, 0x000000008c600000|100%| E|CS|TAMS 0x000000008c500000, 0x000000008c500000| Complete 
| 198|0x000000008c600000, 0x000000008c700000, 0x000000008c700000|100%| E|CS|TAMS 0x000000008c600000, 0x000000008c600000| Complete 
| 199|0x000000008c700000, 0x000000008c800000, 0x000000008c800000|100%| E|CS|TAMS 0x000000008c700000, 0x000000008c700000| Complete 
| 200|0x000000008c800000, 0x000000008c900000, 0x000000008c900000|100%| E|CS|TAMS 0x000000008c800000, 0x000000008c800000| Complete 
| 201|0x000000008c900000, 0x000000008ca00000, 0x000000008ca00000|100%| E|CS|TAMS 0x000000008c900000, 0x000000008c900000| Complete 
| 202|0x000000008ca00000, 0x000000008cb00000, 0x000000008cb00000|100%| E|CS|TAMS 0x000000008ca00000, 0x000000008ca00000| Complete 
| 203|0x000000008cb00000, 0x000000008cc00000, 0x000000008cc00000|100%| E|CS|TAMS 0x000000008cb00000, 0x000000008cb00000| Complete 
| 204|0x000000008cc00000, 0x000000008cd00000, 0x000000008cd00000|100%| E|CS|TAMS 0x000000008cc00000, 0x000000008cc00000| Complete 
| 205|0x000000008cd00000, 0x000000008ce00000, 0x000000008ce00000|100%| E|CS|TAMS 0x000000008cd00000, 0x000000008cd00000| Complete 
| 206|0x000000008ce00000, 0x000000008cf00000, 0x000000008cf00000|100%| E|CS|TAMS 0x000000008ce00000, 0x000000008ce00000| Complete 
| 207|0x000000008cf00000, 0x000000008d000000, 0x000000008d000000|100%| E|CS|TAMS 0x000000008cf00000, 0x000000008cf00000| Complete 
| 208|0x000000008d000000, 0x000000008d100000, 0x000000008d100000|100%| E|CS|TAMS 0x000000008d000000, 0x000000008d000000| Complete 
| 209|0x000000008d100000, 0x000000008d200000, 0x000000008d200000|100%| E|CS|TAMS 0x000000008d100000, 0x000000008d100000| Complete 
| 210|0x000000008d200000, 0x000000008d300000, 0x000000008d300000|100%| E|CS|TAMS 0x000000008d200000, 0x000000008d200000| Complete 
| 211|0x000000008d300000, 0x000000008d400000, 0x000000008d400000|100%| E|CS|TAMS 0x000000008d300000, 0x000000008d300000| Complete 
| 212|0x000000008d400000, 0x000000008d500000, 0x000000008d500000|100%| E|CS|TAMS 0x000000008d400000, 0x000000008d400000| Complete 
| 213|0x000000008d500000, 0x000000008d600000, 0x000000008d600000|100%| E|CS|TAMS 0x000000008d500000, 0x000000008d500000| Complete 
| 214|0x000000008d600000, 0x000000008d700000, 0x000000008d700000|100%| E|CS|TAMS 0x000000008d600000, 0x000000008d600000| Complete 
| 215|0x000000008d700000, 0x000000008d800000, 0x000000008d800000|100%| E|CS|TAMS 0x000000008d700000, 0x000000008d700000| Complete 
| 216|0x000000008d800000, 0x000000008d900000, 0x000000008d900000|100%| E|CS|TAMS 0x000000008d800000, 0x000000008d800000| Complete 
| 217|0x000000008d900000, 0x000000008da00000, 0x000000008da00000|100%| E|CS|TAMS 0x000000008d900000, 0x000000008d900000| Complete 
| 218|0x000000008da00000, 0x000000008db00000, 0x000000008db00000|100%| E|CS|TAMS 0x000000008da00000, 0x000000008da00000| Complete 
| 219|0x000000008db00000, 0x000000008dc00000, 0x000000008dc00000|100%| E|CS|TAMS 0x000000008db00000, 0x000000008db00000| Complete 
| 220|0x000000008dc00000, 0x000000008dd00000, 0x000000008dd00000|100%| E|CS|TAMS 0x000000008dc00000, 0x000000008dc00000| Complete 
| 221|0x000000008dd00000, 0x000000008de00000, 0x000000008de00000|100%| E|CS|TAMS 0x000000008dd00000, 0x000000008dd00000| Complete 
| 222|0x000000008de00000, 0x000000008df00000, 0x000000008df00000|100%| E|CS|TAMS 0x000000008de00000, 0x000000008de00000| Complete 
| 223|0x000000008df00000, 0x000000008e000000, 0x000000008e000000|100%| E|CS|TAMS 0x000000008df00000, 0x000000008df00000| Complete 
| 224|0x000000008e000000, 0x000000008e100000, 0x000000008e100000|100%| E|CS|TAMS 0x000000008e000000, 0x000000008e000000| Complete 
| 225|0x000000008e100000, 0x000000008e200000, 0x000000008e200000|100%| E|CS|TAMS 0x000000008e100000, 0x000000008e100000| Complete 
| 226|0x000000008e200000, 0x000000008e300000, 0x000000008e300000|100%| E|CS|TAMS 0x000000008e200000, 0x000000008e200000| Complete 
| 227|0x000000008e300000, 0x000000008e400000, 0x000000008e400000|100%| E|CS|TAMS 0x000000008e300000, 0x000000008e300000| Complete 
| 228|0x000000008e400000, 0x000000008e500000, 0x000000008e500000|100%| E|CS|TAMS 0x000000008e400000, 0x000000008e400000| Complete 
| 229|0x000000008e500000, 0x000000008e600000, 0x000000008e600000|100%| E|CS|TAMS 0x000000008e500000, 0x000000008e500000| Complete 
| 230|0x000000008e600000, 0x000000008e700000, 0x000000008e700000|100%| E|CS|TAMS 0x000000008e600000, 0x000000008e600000| Complete 
| 231|0x000000008e700000, 0x000000008e800000, 0x000000008e800000|100%| E|CS|TAMS 0x000000008e700000, 0x000000008e700000| Complete 
| 232|0x000000008e800000, 0x000000008e900000, 0x000000008e900000|100%| E|CS|TAMS 0x000000008e800000, 0x000000008e800000| Complete 
| 233|0x000000008e900000, 0x000000008ea00000, 0x000000008ea00000|100%| E|CS|TAMS 0x000000008e900000, 0x000000008e900000| Complete 
| 234|0x000000008ea00000, 0x000000008eb00000, 0x000000008eb00000|100%| E|CS|TAMS 0x000000008ea00000, 0x000000008ea00000| Complete 
| 235|0x000000008eb00000, 0x000000008ec00000, 0x000000008ec00000|100%| E|CS|TAMS 0x000000008eb00000, 0x000000008eb00000| Complete 
| 236|0x000000008ec00000, 0x000000008ed00000, 0x000000008ed00000|100%| E|CS|TAMS 0x000000008ec00000, 0x000000008ec00000| Complete 
| 253|0x000000008fd00000, 0x000000008fe00000, 0x000000008fe00000|100%| E|CS|TAMS 0x000000008fd00000, 0x000000008fd00000| Complete 

Card table byte_map: [0x00000178568e0000,0x0000017856ce0000] _byte_map_base: 0x00000178564e0000

Marking Bits (Prev, Next): (CMBitMap*) 0x000001783f415540, (CMBitMap*) 0x000001783f415580
 Prev Bits: [0x00000178570e0000, 0x00000178590e0000)
 Next Bits: [0x00000178590e0000, 0x000001785b0e0000)

Polling page: 0x000001783d2e0000

Metaspace:

Usage:
  Non-class:     51.20 MB used.
      Class:      8.20 MB used.
       Both:     59.41 MB used.

Virtual space:
  Non-class space:       64.00 MB reserved,      51.50 MB ( 80%) committed,  1 nodes.
      Class space:        1.00 GB reserved,       8.50 MB ( <1%) committed,  1 nodes.
             Both:        1.06 GB reserved,      60.00 MB (  6%) committed. 

Chunk freelists:
   Non-Class:  11.94 MB
       Class:  7.55 MB
        Both:  19.48 MB

MaxMetaspaceSize: unlimited
CompressedClassSpaceSize: 1.00 GB
Initial GC threshold: 21.00 MB
Current GC threshold: 94.50 MB
CDS: on
MetaspaceReclaimPolicy: balanced
 - commit_granule_bytes: 65536.
 - commit_granule_words: 8192.
 - virtual_space_node_default_size: 8388608.
 - enlarge_chunks_in_place: 1.
 - new_chunks_are_fully_committed: 0.
 - uncommit_free_chunks: 1.
 - use_allocation_guard: 0.
 - handle_deallocations: 1.


Internal statistics:

num_allocs_failed_limit: 6.
num_arena_births: 792.
num_arena_deaths: 0.
num_vsnodes_births: 2.
num_vsnodes_deaths: 0.
num_space_committed: 960.
num_space_uncommitted: 0.
num_chunks_returned_to_freelist: 6.
num_chunks_taken_from_freelist: 3271.
num_chunk_merges: 6.
num_chunk_splits: 2151.
num_chunks_enlarged: 1408.
num_inconsistent_stats: 0.

CodeHeap 'non-profiled nmethods': size=119168Kb used=4607Kb max_used=4607Kb free=114560Kb
 bounds [0x000001784e800000, 0x000001784ec80000, 0x0000017855c60000]
CodeHeap 'profiled nmethods': size=119104Kb used=15519Kb max_used=15519Kb free=103584Kb
 bounds [0x0000017846c60000, 0x0000017847b90000, 0x000001784e0b0000]
CodeHeap 'non-nmethods': size=7488Kb used=4039Kb max_used=4151Kb free=3448Kb
 bounds [0x000001784e0b0000, 0x000001784e4d0000, 0x000001784e800000]
 total_blobs=8884 nmethods=8013 adapters=778
 compilation: enabled
              stopped_count=0, restarted_count=0
 full_count=0

Compilation events (20 events):
Event: 9.061 Thread 0x000001785e242f00 8737       3       org.objectweb.asm.MethodWriter::addSuccessorToCurrentBasicBlock (24 bytes)
Event: 9.061 Thread 0x000001785e08f890 8738       3       org.objectweb.asm.Type::getSize (86 bytes)
Event: 9.061 Thread 0x000001785e242f00 nmethod 8737 0x0000017847b71a90 code [0x0000017847b71c40, 0x0000017847b71f98]
Event: 9.061 Thread 0x000001785e08f890 nmethod 8738 0x0000017847b72110 code [0x0000017847b722c0, 0x0000017847b72688]
Event: 9.061 Thread 0x000001785e242f00 8739       3       java.lang.invoke.LambdaForm$MH/0x00000178600d0400::invoke (27 bytes)
Event: 9.061 Thread 0x000001785e08f890 8740       3       org.objectweb.asm.commons.GeneratorAdapter::dup (10 bytes)
Event: 9.061 Thread 0x000001785e10ed40 8741       3       org.objectweb.asm.Frame::merge (395 bytes)
Event: 9.061 Thread 0x000001785e242f00 nmethod 8739 0x0000017847b72790 code [0x0000017847b72960, 0x0000017847b72dd8]
Event: 9.061 Thread 0x000001785e08f890 nmethod 8740 0x0000017847b72f10 code [0x0000017847b730c0, 0x0000017847b732a8]
Event: 9.062 Thread 0x000001785e10ed40 nmethod 8741 0x0000017847b73390 code [0x0000017847b73640, 0x0000017847b744b8]
Event: 9.062 Thread 0x00000178a9424e80 8742       4       java.lang.Throwable::<init> (39 bytes)
Event: 9.063 Thread 0x00000178a5492f90 nmethod 8736 0x000001784ec7dc90 code [0x000001784ec7de40, 0x000001784ec7e1b8]
Event: 9.063 Thread 0x00000178a9d7df00 nmethod 8735 0x000001784ec7e510 code [0x000001784ec7e6c0, 0x000001784ec7ea18]
Event: 9.063 Thread 0x000001785e10ed40 8743       3       org.gradle.internal.reflect.PropertyAccessorType::of (101 bytes)
Event: 9.065 Thread 0x000001785e10ed40 nmethod 8743 0x0000017847b74b10 code [0x0000017847b74e80, 0x0000017847b767d8]
Event: 9.066 Thread 0x000001785e6f79e0 8744       3       jdk.proxy1.$Proxy7::<init> (6 bytes)
Event: 9.066 Thread 0x000001785e6f79e0 nmethod 8744 0x0000017847b76f10 code [0x0000017847b770e0, 0x0000017847b77468]
Event: 9.066 Thread 0x000001785e242f00 8745       3       org.gradle.internal.instantiation.generator.AbstractClassGenerator$ExtensibleTypePropertyHandler::applyTo (95 bytes)
Event: 9.066 Thread 0x00000178a9424e80 nmethod 8742 0x000001784ec7ec90 code [0x000001784ec7ee40, 0x000001784ec7f608]
Event: 9.067 Thread 0x000001785e242f00 nmethod 8745 0x0000017847b77610 code [0x0000017847b77860, 0x0000017847b782a8]

GC Heap History (20 events):
Event: 7.420 GC heap before
{Heap before GC invocations=15 (full 0):
 garbage-first heap   total 92160K, used 66387K [0x0000000080000000, 0x0000000100000000)
  region size 1024K, 24 young (24576K), 4 survivors (4096K)
 Metaspace       used 48655K, committed 49216K, reserved 1114112K
  class space    used 6859K, committed 7168K, reserved 1048576K
}
Event: 7.422 GC heap after
{Heap after GC invocations=16 (full 0):
 garbage-first heap   total 92160K, used 46868K [0x0000000080000000, 0x0000000100000000)
  region size 1024K, 3 young (3072K), 3 survivors (3072K)
 Metaspace       used 48655K, committed 49216K, reserved 1114112K
  class space    used 6859K, committed 7168K, reserved 1048576K
}
Event: 7.429 GC heap before
{Heap before GC invocations=16 (full 0):
 garbage-first heap   total 92160K, used 46868K [0x0000000080000000, 0x0000000100000000)
  region size 1024K, 4 young (4096K), 3 survivors (3072K)
 Metaspace       used 48660K, committed 49216K, reserved 1114112K
  class space    used 6859K, committed 7168K, reserved 1048576K
}
Event: 7.430 GC heap after
{Heap after GC invocations=17 (full 0):
 garbage-first heap   total 110592K, used 46824K [0x0000000080000000, 0x0000000100000000)
  region size 1024K, 1 young (1024K), 1 survivors (1024K)
 Metaspace       used 48660K, committed 49216K, reserved 1114112K
  class space    used 6859K, committed 7168K, reserved 1048576K
}
Event: 7.468 GC heap before
{Heap before GC invocations=17 (full 0):
 garbage-first heap   total 110592K, used 50920K [0x0000000080000000, 0x0000000100000000)
  region size 1024K, 5 young (5120K), 1 survivors (1024K)
 Metaspace       used 48694K, committed 49280K, reserved 1114112K
  class space    used 6864K, committed 7168K, reserved 1048576K
}
Event: 7.469 GC heap after
{Heap after GC invocations=18 (full 0):
 garbage-first heap   total 110592K, used 49760K [0x0000000080000000, 0x0000000100000000)
  region size 1024K, 2 young (2048K), 2 survivors (2048K)
 Metaspace       used 48694K, committed 49280K, reserved 1114112K
  class space    used 6864K, committed 7168K, reserved 1048576K
}
Event: 7.479 GC heap before
{Heap before GC invocations=18 (full 0):
 garbage-first heap   total 110592K, used 51808K [0x0000000080000000, 0x0000000100000000)
  region size 1024K, 3 young (3072K), 2 survivors (2048K)
 Metaspace       used 48722K, committed 49280K, reserved 1114112K
  class space    used 6868K, committed 7168K, reserved 1048576K
}
Event: 7.481 GC heap after
{Heap after GC invocations=19 (full 0):
 garbage-first heap   total 110592K, used 51987K [0x0000000080000000, 0x0000000100000000)
  region size 1024K, 2 young (2048K), 2 survivors (2048K)
 Metaspace       used 48722K, committed 49280K, reserved 1114112K
  class space    used 6868K, committed 7168K, reserved 1048576K
}
Event: 7.823 GC heap before
{Heap before GC invocations=20 (full 0):
 garbage-first heap   total 110592K, used 94995K [0x0000000080000000, 0x0000000100000000)
  region size 1024K, 34 young (34816K), 2 survivors (2048K)
 Metaspace       used 50512K, committed 51136K, reserved 1114112K
  class space    used 7103K, committed 7424K, reserved 1048576K
}
Event: 7.825 GC heap after
{Heap after GC invocations=21 (full 0):
 garbage-first heap   total 110592K, used 68237K [0x0000000080000000, 0x0000000100000000)
  region size 1024K, 5 young (5120K), 5 survivors (5120K)
 Metaspace       used 50512K, committed 51136K, reserved 1114112K
  class space    used 7103K, committed 7424K, reserved 1048576K
}
Event: 7.840 GC heap before
{Heap before GC invocations=21 (full 0):
 garbage-first heap   total 110592K, used 68237K [0x0000000080000000, 0x0000000100000000)
  region size 1024K, 6 young (6144K), 5 survivors (5120K)
 Metaspace       used 50569K, committed 51200K, reserved 1114112K
  class space    used 7106K, committed 7424K, reserved 1048576K
}
Event: 7.842 GC heap after
{Heap after GC invocations=22 (full 0):
 garbage-first heap   total 110592K, used 67776K [0x0000000080000000, 0x0000000100000000)
  region size 1024K, 1 young (1024K), 1 survivors (1024K)
 Metaspace       used 50569K, committed 51200K, reserved 1114112K
  class space    used 7106K, committed 7424K, reserved 1048576K
}
Event: 8.081 GC heap before
{Heap before GC invocations=22 (full 0):
 garbage-first heap   total 110592K, used 88256K [0x0000000080000000, 0x0000000100000000)
  region size 1024K, 22 young (22528K), 1 survivors (1024K)
 Metaspace       used 52521K, committed 53120K, reserved 1114112K
  class space    used 7311K, committed 7616K, reserved 1048576K
}
Event: 8.083 GC heap after
{Heap after GC invocations=23 (full 0):
 garbage-first heap   total 110592K, used 68358K [0x0000000080000000, 0x0000000100000000)
  region size 1024K, 1 young (1024K), 1 survivors (1024K)
 Metaspace       used 52521K, committed 53120K, reserved 1114112K
  class space    used 7311K, committed 7616K, reserved 1048576K
}
Event: 8.302 GC heap before
{Heap before GC invocations=24 (full 0):
 garbage-first heap   total 121856K, used 90886K [0x0000000080000000, 0x0000000100000000)
  region size 1024K, 23 young (23552K), 1 survivors (1024K)
 Metaspace       used 54606K, committed 55232K, reserved 1114112K
  class space    used 7580K, committed 7872K, reserved 1048576K
}
Event: 8.303 GC heap after
{Heap after GC invocations=25 (full 0):
 garbage-first heap   total 121856K, used 68940K [0x0000000080000000, 0x0000000100000000)
  region size 1024K, 2 young (2048K), 2 survivors (2048K)
 Metaspace       used 54606K, committed 55232K, reserved 1114112K
  class space    used 7580K, committed 7872K, reserved 1048576K
}
Event: 8.334 GC heap before
{Heap before GC invocations=25 (full 0):
 garbage-first heap   total 121856K, used 70988K [0x0000000080000000, 0x0000000100000000)
  region size 1024K, 5 young (5120K), 2 survivors (2048K)
 Metaspace       used 54955K, committed 55552K, reserved 1114112K
  class space    used 7643K, committed 7936K, reserved 1048576K
}
Event: 8.336 GC heap after
{Heap after GC invocations=26 (full 0):
 garbage-first heap   total 121856K, used 68037K [0x0000000080000000, 0x0000000100000000)
  region size 1024K, 1 young (1024K), 1 survivors (1024K)
 Metaspace       used 54955K, committed 55552K, reserved 1114112K
  class space    used 7643K, committed 7936K, reserved 1048576K
}
Event: 8.610 GC heap before
{Heap before GC invocations=26 (full 0):
 garbage-first heap   total 121856K, used 102853K [0x0000000080000000, 0x0000000100000000)
  region size 1024K, 30 young (30720K), 1 survivors (1024K)
 Metaspace       used 57370K, committed 57984K, reserved 1114112K
  class space    used 7965K, committed 8256K, reserved 1048576K
}
Event: 8.613 GC heap after
{Heap after GC invocations=27 (full 0):
 garbage-first heap   total 243712K, used 72925K [0x0000000080000000, 0x0000000100000000)
  region size 1024K, 4 young (4096K), 4 survivors (4096K)
 Metaspace       used 57370K, committed 57984K, reserved 1114112K
  class space    used 7965K, committed 8256K, reserved 1048576K
}

Deoptimization events (20 events):
Event: 8.771 Thread 0x00000178a4bcd0d0 DEOPT PACKING pc=0x000001784eb27018 sp=0x00000070a88f5ce0
Event: 8.772 Thread 0x00000178a4bcd0d0 DEOPT UNPACKING pc=0x000001784e1023a3 sp=0x00000070a88f5ca8 mode 2
Event: 8.772 Thread 0x00000178a4bcd0d0 Uncommon trap: trap_request=0xffffffc6 fr.pc=0x000001784eb27018 relative=0x0000000000000058
Event: 8.772 Thread 0x00000178a4bcd0d0 Uncommon trap: reason=bimorphic_or_optimized_type_check action=maybe_recompile pc=0x000001784eb27018 method=java.util.AbstractQueue.add(Ljava/lang/Object;)Z @ 2 c2
Event: 8.772 Thread 0x00000178a4bcd0d0 DEOPT PACKING pc=0x000001784eb27018 sp=0x00000070a88f5ce0
Event: 8.772 Thread 0x00000178a4bcd0d0 DEOPT UNPACKING pc=0x000001784e1023a3 sp=0x00000070a88f5ca8 mode 2
Event: 8.889 Thread 0x00000178a4bcd0d0 Uncommon trap: trap_request=0xffffffdc fr.pc=0x000001784ec5dcac relative=0x000000000000028c
Event: 8.889 Thread 0x00000178a4bcd0d0 Uncommon trap: reason=class_check action=make_not_entrant pc=0x000001784ec5dcac method=java.util.ArrayList.toArray([Ljava/lang/Object;)[Ljava/lang/Object; @ 21 c2
Event: 8.889 Thread 0x00000178a4bcd0d0 DEOPT PACKING pc=0x000001784ec5dcac sp=0x00000070a88f4f90
Event: 8.889 Thread 0x00000178a4bcd0d0 DEOPT UNPACKING pc=0x000001784e1023a3 sp=0x00000070a88f4f60 mode 2
Event: 9.001 Thread 0x00000178a4bcd0d0 Uncommon trap: trap_request=0xffffff45 fr.pc=0x000001784e80df10 relative=0x0000000000000110
Event: 9.001 Thread 0x00000178a4bcd0d0 Uncommon trap: reason=unstable_if action=reinterpret pc=0x000001784e80df10 method=org.objectweb.asm.ByteVector.putInt(I)Lorg/objectweb/asm/ByteVector; @ 13 c2
Event: 9.001 Thread 0x00000178a4bcd0d0 DEOPT PACKING pc=0x000001784e80df10 sp=0x00000070a88f6530
Event: 9.001 Thread 0x00000178a4bcd0d0 DEOPT UNPACKING pc=0x000001784e1023a3 sp=0x00000070a88f64b8 mode 2
Event: 9.054 Thread 0x00000178a4bcd0d0 DEOPT PACKING pc=0x0000017847ae59b2 sp=0x00000070a88f6a70
Event: 9.054 Thread 0x00000178a4bcd0d0 DEOPT UNPACKING pc=0x000001784e102b43 sp=0x00000070a88f5f30 mode 0
Event: 9.062 Thread 0x00000178a4bcd0d0 Uncommon trap: trap_request=0xffffff45 fr.pc=0x000001784eb50acc relative=0x000000000000030c
Event: 9.062 Thread 0x00000178a4bcd0d0 Uncommon trap: reason=unstable_if action=reinterpret pc=0x000001784eb50acc method=org.gradle.internal.reflect.PropertyAccessorType.of(Ljava/lang/reflect/Method;)Lorg/gradle/internal/reflect/PropertyAccessorType; @ 56 c2
Event: 9.062 Thread 0x00000178a4bcd0d0 DEOPT PACKING pc=0x000001784eb50acc sp=0x00000070a88f6a10
Event: 9.062 Thread 0x00000178a4bcd0d0 DEOPT UNPACKING pc=0x000001784e1023a3 sp=0x00000070a88f69d0 mode 2

Classes unloaded (0 events):
No events

Classes redefined (0 events):
No events

Internal exceptions (20 events):
Event: 7.374 Thread 0x00000178a4bcd0d0 Exception <a 'java/lang/ClassNotFoundException'{0x0000000084ad8d10}: GradleAnnotationProcessorPatchPluginBeanInfo> (0x0000000084ad8d10) 
thrown [s\open\src\hotspot\share\classfile\systemDictionary.cpp, line 256]
Event: 7.375 Thread 0x00000178a4bcd0d0 Exception <a 'java/lang/ClassNotFoundException'{0x0000000084ae29d8}: GradleAnnotationProcessorPatchPluginCustomizer> (0x0000000084ae29d8) 
thrown [s\open\src\hotspot\share\classfile\systemDictionary.cpp, line 256]
Event: 7.378 Thread 0x00000178a4bcd0d0 Exception <a 'java/lang/ClassNotFoundException'{0x000000008491b338}: GradleAnnotationProcessorPatchPlugin$AnnotationProcessorModelBuilderBeanInfo> (0x000000008491b338) 
thrown [s\open\src\hotspot\share\classfile\systemDictionary.cpp, line 256]
Event: 7.378 Thread 0x00000178a4bcd0d0 Exception <a 'java/lang/ClassNotFoundException'{0x0000000084925690}: GradleAnnotationProcessorPatchPlugin$AnnotationProcessorModelBuilderCustomizer> (0x0000000084925690) 
thrown [s\open\src\hotspot\share\classfile\systemDictionary.cpp, line 256]
Event: 7.383 Thread 0x00000178a4bcd0d0 Exception <a 'java/lang/ClassNotFoundException'{0x000000008499b730}: org/gradle/tooling/provider/model/internal/DefaultToolingModelBuilderRegistryBeanInfo> (0x000000008499b730) 
thrown [s\open\src\hotspot\share\classfile\systemDictionary.cpp, line 256]
Event: 7.384 Thread 0x00000178a4bcd0d0 Exception <a 'java/lang/ClassNotFoundException'{0x00000000849b0a40}: org/gradle/tooling/provider/model/internal/DefaultToolingModelBuilderRegistryCustomizer> (0x00000000849b0a40) 
thrown [s\open\src\hotspot\share\classfile\systemDictionary.cpp, line 256]
Event: 7.388 Thread 0x00000178a4bcd0d0 Exception <a 'java/lang/NoSuchMethodError'{0x00000000849d9e18}: 'long java.lang.invoke.DirectMethodHandle$Holder.invokeVirtual(java.lang.Object, java.lang.Object)'> (0x00000000849d9e18) 
thrown [s\open\src\hotspot\share\interpreter\linkResolver.cpp, line 759]
Event: 7.392 Thread 0x00000178a4bca340 Exception <a 'java/lang/NoSuchMethodError'{0x000000008480db50}: static Lorg/gradle/internal/build/event/types/DefaultProjectConfigurationSuccessResult;.<clinit>()V> (0x000000008480db50) 
thrown [s\open\src\hotspot\share\prims\jni.cpp, line 1112]
Event: 7.392 Thread 0x00000178a4bca340 Exception <a 'java/lang/NoSuchMethodError'{0x000000008480eea8}: static Lorg/gradle/internal/build/event/types/AbstractProjectConfigurationResult;.<clinit>()V> (0x000000008480eea8) 
thrown [s\open\src\hotspot\share\prims\jni.cpp, line 1112]
Event: 7.393 Thread 0x00000178a4bca340 Exception <a 'java/lang/NoSuchMethodError'{0x0000000084855bf0}: static Lorg/gradle/internal/build/event/types/DefaultPluginApplicationResult;.<clinit>()V> (0x0000000084855bf0) 
thrown [s\open\src\hotspot\share\prims\jni.cpp, line 1112]
Event: 7.394 Thread 0x00000178a4bca340 Exception <a 'java/lang/NoSuchMethodError'{0x0000000084860c00}: static Lorg/gradle/internal/build/event/types/DefaultBinaryPluginIdentifier;.<clinit>()V> (0x0000000084860c00) 
thrown [s\open\src\hotspot\share\prims\jni.cpp, line 1112]
Event: 7.395 Thread 0x00000178a4bca340 Exception <a 'java/lang/NoSuchMethodError'{0x0000000084877450}: static Lorg/gradle/internal/build/event/types/DefaultScriptPluginIdentifier;.<clinit>()V> (0x0000000084877450) 
thrown [s\open\src\hotspot\share\prims\jni.cpp, line 1112]
Event: 7.445 Thread 0x00000178a4bcd0d0 Implicit null exception at 0x000001784e865192 to 0x000001784e865868
Event: 7.445 Thread 0x00000178a4bcd0d0 Implicit null exception at 0x000001784e866194 to 0x000001784e8667f8
Event: 7.573 Thread 0x00000178a4bcd0d0 Exception <a 'java/lang/ClassNotFoundException'{0x0000000088093520}: sun/misc/SharedSecrets> (0x0000000088093520) 
thrown [s\open\src\hotspot\share\classfile\systemDictionary.cpp, line 256]
Event: 7.573 Thread 0x00000178a4bcd0d0 Exception <a 'java/lang/ClassNotFoundException'{0x0000000088094af8}: org/gradle/api/internal/plugins/DefaultObjectConfigurationActionBeanInfo> (0x0000000088094af8) 
thrown [s\open\src\hotspot\share\classfile\systemDictionary.cpp, line 256]
Event: 7.574 Thread 0x00000178a4bcd0d0 Exception <a 'java/lang/ClassNotFoundException'{0x00000000880ae3a0}: org/gradle/api/internal/plugins/DefaultObjectConfigurationActionCustomizer> (0x00000000880ae3a0) 
thrown [s\open\src\hotspot\share\classfile\systemDictionary.cpp, line 256]
Event: 8.508 Thread 0x00000178a4bcd0d0 Implicit null exception at 0x000001784e9ffa8c to 0x000001784e9ffbc2
Event: 8.565 Thread 0x00000178a4bcd0d0 Implicit null exception at 0x000001784ec0254a to 0x000001784ec02da2
Event: 8.585 Thread 0x00000178a4bcd0d0 Exception <a 'sun/nio/fs/WindowsException'{0x0000000085b2bfe0}> (0x0000000085b2bfe0) 
thrown [s\open\src\hotspot\share\prims\jni.cpp, line 516]

VM Operations (20 events):
Event: 8.110 Executing VM operation: G1Concurrent
Event: 8.112 Executing VM operation: G1Concurrent done
Event: 8.123 Executing VM operation: G1Concurrent
Event: 8.123 Executing VM operation: G1Concurrent done
Event: 8.302 Executing VM operation: G1CollectForAllocation
Event: 8.303 Executing VM operation: G1CollectForAllocation done
Event: 8.334 Executing VM operation: G1CollectForAllocation
Event: 8.336 Executing VM operation: G1CollectForAllocation done
Event: 8.488 Executing VM operation: HandshakeAllThreads
Event: 8.488 Executing VM operation: HandshakeAllThreads done
Event: 8.514 Executing VM operation: HandshakeAllThreads
Event: 8.514 Executing VM operation: HandshakeAllThreads done
Event: 8.541 Executing VM operation: HandshakeAllThreads
Event: 8.541 Executing VM operation: HandshakeAllThreads done
Event: 8.610 Executing VM operation: G1CollectForAllocation
Event: 8.613 Executing VM operation: G1CollectForAllocation done
Event: 8.637 Executing VM operation: G1Concurrent
Event: 8.639 Executing VM operation: G1Concurrent done
Event: 8.649 Executing VM operation: G1Concurrent
Event: 8.649 Executing VM operation: G1Concurrent done

Events (20 events):
Event: 8.539 loading class java/util/Base64$Decoder done
Event: 8.539 loading class java/util/Base64$Encoder
Event: 8.539 loading class java/util/Base64$Encoder done
Event: 8.540 loading class java/util/jar/JarVerifier$VerifierStream
Event: 8.540 loading class java/util/jar/JarVerifier$VerifierStream done
Event: 8.540 loading class sun/security/util/ManifestEntryVerifier$SunProviderHolder
Event: 8.540 loading class sun/security/util/ManifestEntryVerifier$SunProviderHolder done
Event: 8.545 Thread 0x000001785e111b50 flushing nmethod 0x0000017846f35290
Event: 8.547 Thread 0x000001785e111b50 flushing nmethod 0x00000178471bdb10
Event: 8.548 Thread 0x000001785e111b50 flushing nmethod 0x00000178472d6d10
Event: 8.584 loading class java/security/KeyStore$ProtectionParameter
Event: 8.584 loading class java/security/KeyStore$ProtectionParameter done
Event: 8.924 loading class java/security/KeyStore
Event: 8.925 loading class java/security/KeyStore done
Event: 8.925 loading class java/security/KeyStore$1
Event: 8.925 loading class java/security/KeyStore$1 done
Event: 9.046 loading class javax/xml/stream/XMLStreamException
Event: 9.046 loading class javax/xml/stream/XMLStreamException done
Event: 9.060 loading class sun/reflect/annotation/AnnotationInvocationHandler$1
Event: 9.060 loading class sun/reflect/annotation/AnnotationInvocationHandler$1 done


Dynamic libraries:
0x00007ff760370000 - 0x00007ff760380000 	C:\Program Files\Java\jdk-17\bin\java.exe
0x00007ffbcbd30000 - 0x00007ffbcbf47000 	C:\Windows\SYSTEM32\ntdll.dll
0x00007ffbcb370000 - 0x00007ffbcb434000 	C:\Windows\System32\KERNEL32.DLL
0x00007ffbc9480000 - 0x00007ffbc9853000 	C:\Windows\System32\KERNELBASE.dll
0x00007ffbc2770000 - 0x00007ffbc2807000 	C:\Windows\SYSTEM32\apphelp.dll
0x00007ffbc8e40000 - 0x00007ffbc8f51000 	C:\Windows\System32\ucrtbase.dll
0x00007ffb989b0000 - 0x00007ffb989cb000 	C:\Program Files\Java\jdk-17\bin\VCRUNTIME140.dll
0x00007ffb986a0000 - 0x00007ffb986b9000 	C:\Program Files\Java\jdk-17\bin\jli.dll
0x00007ffbcb530000 - 0x00007ffbcb5e1000 	C:\Windows\System32\ADVAPI32.dll
0x00007ffbca390000 - 0x00007ffbca437000 	C:\Windows\System32\msvcrt.dll
0x00007ffbcac40000 - 0x00007ffbcace8000 	C:\Windows\System32\sechost.dll
0x00007ffbc9390000 - 0x00007ffbc93b8000 	C:\Windows\System32\bcrypt.dll
0x00007ffbca670000 - 0x00007ffbca784000 	C:\Windows\System32\RPCRT4.dll
0x00007ffbcb5f0000 - 0x00007ffbcb7a1000 	C:\Windows\System32\USER32.dll
0x00007ffbc92e0000 - 0x00007ffbc9306000 	C:\Windows\System32\win32u.dll
0x00007ffbbdbe0000 - 0x00007ffbbde78000 	C:\Windows\WinSxS\amd64_microsoft.windows.common-controls_6595b64144ccf1df_6.0.22621.5124_none_270e8f4f7386d69d\COMCTL32.dll
0x00007ffbca630000 - 0x00007ffbca659000 	C:\Windows\System32\GDI32.dll
0x00007ffbc91c0000 - 0x00007ffbc92db000 	C:\Windows\System32\gdi32full.dll
0x00007ffbc9120000 - 0x00007ffbc91ba000 	C:\Windows\System32\msvcp_win.dll
0x00007ffbc2db0000 - 0x00007ffbc2dba000 	C:\Windows\SYSTEM32\VERSION.dll
0x00007ffbcbad0000 - 0x00007ffbcbb01000 	C:\Windows\System32\IMM32.DLL
0x00007ffba1e60000 - 0x00007ffba1e6c000 	C:\Program Files\Java\jdk-17\bin\vcruntime140_1.dll
0x00007ffb757e0000 - 0x00007ffb7586e000 	C:\Program Files\Java\jdk-17\bin\msvcp140.dll
0x00007ffad5bd0000 - 0x00007ffad67b0000 	C:\Program Files\Java\jdk-17\bin\server\jvm.dll
0x00007ffbca660000 - 0x00007ffbca668000 	C:\Windows\System32\PSAPI.DLL
0x00007ffbc3b10000 - 0x00007ffbc3b19000 	C:\Windows\SYSTEM32\WSOCK32.dll
0x00007ffbc3570000 - 0x00007ffbc35a4000 	C:\Windows\SYSTEM32\WINMM.dll
0x00007ffbcb7b0000 - 0x00007ffbcb821000 	C:\Windows\System32\WS2_32.dll
0x00007ffbc7f60000 - 0x00007ffbc7f78000 	C:\Windows\SYSTEM32\kernel.appcore.dll
0x00007ffba0ed0000 - 0x00007ffba0eda000 	C:\Program Files\Java\jdk-17\bin\jimage.dll
0x00007ffbbc4d0000 - 0x00007ffbbc702000 	C:\Windows\SYSTEM32\DBGHELP.DLL
0x00007ffbca8a0000 - 0x00007ffbcac32000 	C:\Windows\System32\combase.dll
0x00007ffbcacf0000 - 0x00007ffbcadc7000 	C:\Windows\System32\OLEAUT32.dll
0x00007ffbb3710000 - 0x00007ffbb3742000 	C:\Windows\SYSTEM32\dbgcore.DLL
0x00007ffbc90a0000 - 0x00007ffbc911b000 	C:\Windows\System32\bcryptPrimitives.dll
0x00007ffba0310000 - 0x00007ffba031e000 	C:\Program Files\Java\jdk-17\bin\instrument.dll
0x00007ffb98040000 - 0x00007ffb98065000 	C:\Program Files\Java\jdk-17\bin\java.dll
0x00007ffb75660000 - 0x00007ffb75737000 	C:\Program Files\Java\jdk-17\bin\jsvml.dll
0x00007ffbc9ae0000 - 0x00007ffbca376000 	C:\Windows\System32\SHELL32.dll
0x00007ffbc8f60000 - 0x00007ffbc909f000 	C:\Windows\System32\wintypes.dll
0x00007ffbc6d70000 - 0x00007ffbc768a000 	C:\Windows\SYSTEM32\windows.storage.dll
0x00007ffbc99d0000 - 0x00007ffbc9ada000 	C:\Windows\System32\SHCORE.dll
0x00007ffbcae80000 - 0x00007ffbcaee3000 	C:\Windows\System32\shlwapi.dll
0x00007ffbc8d70000 - 0x00007ffbc8d9b000 	C:\Windows\SYSTEM32\profapi.dll
0x00007ffb94080000 - 0x00007ffb94098000 	C:\Program Files\Java\jdk-17\bin\zip.dll
0x00007ffb911d0000 - 0x00007ffb911e9000 	C:\Program Files\Java\jdk-17\bin\net.dll
0x00007ffbc4b30000 - 0x00007ffbc4c5c000 	C:\Windows\SYSTEM32\WINHTTP.dll
0x00007ffbc83e0000 - 0x00007ffbc844a000 	C:\Windows\system32\mswsock.dll
0x00007ffb8f7e0000 - 0x00007ffb8f7f6000 	C:\Program Files\Java\jdk-17\bin\nio.dll
0x00007ffb9fed0000 - 0x00007ffb9fee0000 	C:\Program Files\Java\jdk-17\bin\verify.dll
0x00007ffba30d0000 - 0x00007ffba30f7000 	C:\Users\krish\.gradle\native\c067742578af261105cb4f569cf0c3c89f3d7b1fecec35dd04571415982c5e48\windows-amd64\native-platform.dll
0x00007ffb98850000 - 0x00007ffb98994000 	C:\Users\krish\.gradle\native\38dada09dfb8b06ba9b0570ebf7e218e3eb74d4ef43ca46872605cf95ebc2f47\windows-amd64\native-platform-file-events.dll
0x00007ffb9fe00000 - 0x00007ffb9fe0a000 	C:\Program Files\Java\jdk-17\bin\management.dll
0x00007ffb9f340000 - 0x00007ffb9f34b000 	C:\Program Files\Java\jdk-17\bin\management_ext.dll
0x00007ffbc8630000 - 0x00007ffbc864b000 	C:\Windows\SYSTEM32\CRYPTSP.dll
0x00007ffbc7ec0000 - 0x00007ffbc7ef7000 	C:\Windows\system32\rsaenh.dll
0x00007ffbc84d0000 - 0x00007ffbc84f8000 	C:\Windows\SYSTEM32\USERENV.dll
0x00007ffbc8650000 - 0x00007ffbc865c000 	C:\Windows\SYSTEM32\CRYPTBASE.dll
0x00007ffbc7960000 - 0x00007ffbc798d000 	C:\Windows\SYSTEM32\IPHLPAPI.DLL
0x00007ffbca620000 - 0x00007ffbca629000 	C:\Windows\System32\NSI.dll
0x00007ffbc4b10000 - 0x00007ffbc4b29000 	C:\Windows\SYSTEM32\dhcpcsvc6.DLL
0x00007ffbc49b0000 - 0x00007ffbc49cf000 	C:\Windows\SYSTEM32\dhcpcsvc.DLL
0x00007ffbc7990000 - 0x00007ffbc7a92000 	C:\Windows\SYSTEM32\DNSAPI.dll
0x00007ffb9e9a0000 - 0x00007ffb9e9ae000 	C:\Program Files\Java\jdk-17\bin\sunmscapi.dll
0x00007ffbc9860000 - 0x00007ffbc99c7000 	C:\Windows\System32\CRYPT32.dll
0x00007ffbc87f0000 - 0x00007ffbc881d000 	C:\Windows\SYSTEM32\ncrypt.dll
0x00007ffbc87b0000 - 0x00007ffbc87e7000 	C:\Windows\SYSTEM32\NTASN1.dll
0x00007ffbc0920000 - 0x00007ffbc0928000 	C:\Windows\system32\wshunix.dll

dbghelp: loaded successfully - version: 4.0.5 - missing functions: none
symbol engine: initialized successfully - sym options: 0x614 - pdb path: .;C:\Program Files\Java\jdk-17\bin;C:\Windows\SYSTEM32;C:\Windows\WinSxS\amd64_microsoft.windows.common-controls_6595b64144ccf1df_6.0.22621.5124_none_270e8f4f7386d69d;C:\Program Files\Java\jdk-17\bin\server;C:\Users\krish\.gradle\native\c067742578af261105cb4f569cf0c3c89f3d7b1fecec35dd04571415982c5e48\windows-amd64;C:\Users\krish\.gradle\native\38dada09dfb8b06ba9b0570ebf7e218e3eb74d4ef43ca46872605cf95ebc2f47\windows-amd64

VM Arguments:
jvm_args: --add-opens=java.base/java.util=ALL-UNNAMED --add-opens=java.base/java.lang=ALL-UNNAMED --add-opens=java.base/java.lang.invoke=ALL-UNNAMED --add-opens=java.prefs/java.util.prefs=ALL-UNNAMED --add-opens=java.base/java.nio.charset=ALL-UNNAMED --add-opens=java.base/java.net=ALL-UNNAMED --add-opens=java.base/java.util.concurrent.atomic=ALL-UNNAMED -Xmx2048m -Dfile.encoding=UTF-8 -Duser.country=US -Duser.language=en -Duser.variant -javaagent:C:\Users\krish\.gradle\wrapper\dists\gradle-8.6-bin\afr5mpiioh2wthjmwnkmdsd5w\gradle-8.6\lib\agents\gradle-instrumentation-agent-8.6.jar 
java_command: org.gradle.launcher.daemon.bootstrap.GradleDaemon 8.6
java_class_path (initial): C:\Users\krish\.gradle\wrapper\dists\gradle-8.6-bin\afr5mpiioh2wthjmwnkmdsd5w\gradle-8.6\lib\gradle-launcher-8.6.jar
Launcher Type: SUN_STANDARD

[Global flags]
     intx CICompilerCount                          = 12                                        {product} {ergonomic}
     uint ConcGCThreads                            = 3                                         {product} {ergonomic}
     uint G1ConcRefinementThreads                  = 13                                        {product} {ergonomic}
   size_t G1HeapRegionSize                         = 1048576                                   {product} {ergonomic}
    uintx GCDrainStackTargetSize                   = 64                                        {product} {ergonomic}
   size_t InitialHeapSize                          = 266338304                                 {product} {ergonomic}
   size_t MarkStackSize                            = 4194304                                   {product} {ergonomic}
   size_t MaxHeapSize                              = 2147483648                                {product} {command line}
   size_t MaxNewSize                               = 1287651328                                {product} {ergonomic}
   size_t MinHeapDeltaBytes                        = 1048576                                   {product} {ergonomic}
   size_t MinHeapSize                              = 8388608                                   {product} {ergonomic}
    uintx NonNMethodCodeHeapSize                   = 7602480                                {pd product} {ergonomic}
    uintx NonProfiledCodeHeapSize                  = 122027880                              {pd product} {ergonomic}
    uintx ProfiledCodeHeapSize                     = 122027880                              {pd product} {ergonomic}
    uintx ReservedCodeCacheSize                    = 251658240                              {pd product} {ergonomic}
     bool SegmentedCodeCache                       = true                                      {product} {ergonomic}
   size_t SoftMaxHeapSize                          = 2147483648                             {manageable} {ergonomic}
     bool UseCompressedClassPointers               = true                           {product lp64_product} {ergonomic}
     bool UseCompressedOops                        = true                           {product lp64_product} {ergonomic}
     bool UseG1GC                                  = true                                      {product} {ergonomic}
     bool UseLargePagesIndividualAllocation        = false                                  {pd product} {ergonomic}

Logging:
Log output configuration:
 #0: stdout all=warning uptime,level,tags
 #1: stderr all=off uptime,level,tags

Environment Variables:
PATH=C:\Program Files\Common Files\Oracle\Java\javapath;C:\Windows\system32;C:\Windows;C:\Windows\System32\Wbem;C:\Windows\System32\WindowsPowerShell\v1.0\;C:\Windows\System32\OpenSSH\;C:\Program Files (x86)\NVIDIA Corporation\PhysX\Common;C:\Program Files\NVIDIA Corporation\NVIDIA NvDLISR;C:\Program Files\dotnet\;C:\Program Files\Git\cmd;C:\flutter\bin;C:\Program Files\Java\jdk-17;C:\ProgramData\chocolatey\bin;C:\Program Files (x86)\Windows Kits\10\Windows Performance Toolkit\;C:\Program Files\nodejs\;C:\Program Files (x86)\Microsoft SQL Server\150\DTS\Binn\;C:\Program Files\Azure Data Studio\bin;c:\Users\krish\AppData\Local\Programs\cursor\resources\app\bin;C:\Users\krish\Downloads\apache-maven-3.9.9-bin\apache-maven-3.9.9\bin;C:\Users\krish\AppData\Local\Android\Sdk;C:\Users\krish\AppData\Local\Android\Sdk\platform-tools;C:\Users\krish\AppData\Local\Microsoft\WindowsApps;C:\Users\krish\AppData\Local\Programs\Microsoft VS Code\bin;C:\flutter\bin;C:\Program Files\Java\jdk-17;C:\Users\krish\AppData\Roaming\npm;C:\Program Files\Azure Data Studio\bin;C:\Users\krish\Downloads\apache-maven-3.9.9-bin\apache-maven-3.9.9\bin;C:\Users\krish\AppData\Local\Android\Sdk\platform-tools;C:\Users\krish\AppData\Local\Android\Sdk;C:\Users\krish\AppData\Local\Android\Sdk\emulator;C:\Users\krish\AppData\Local\Android\Sdk\tools;C:\Users\krish\AppData\Local\Android\Sdk\tools\bin;C:\Users\krish\AppData\Local\Programs\cursor\resources\app\bin
USERNAME=krish
OS=Windows_NT
PROCESSOR_IDENTIFIER=AMD64 Family 25 Model 68 Stepping 1, AuthenticAMD



---------------  S Y S T E M  ---------------

OS:
 Windows 11 , 64 bit Build 22621 (10.0.22621.5124)
OS uptime: 13 days 9:57 hours

CPU: total 16 (initial active 16) (16 cores per cpu, 2 threads per core) family 25 model 68 stepping 1 microcode 0x0, cx8, cmov, fxsr, ht, mmx, 3dnowpref, sse, sse2, sse3, ssse3, sse4a, sse4.1, sse4.2, popcnt, lzcnt, tsc, tscinvbit, avx, avx2, aes, erms, clmul, bmi1, bmi2, adx, sha, fma, vzeroupper, clflush, clflushopt

Memory: 4k page, system-wide physical 16202M (993M free)
TotalPageFile size 35290M (AvailPageFile size 0M)
current process WorkingSet (physical memory assigned to process): 427M, peak: 427M
current process commit charge ("private bytes"): 551M, peak: 552M

vm_info: Java HotSpot(TM) 64-Bit Server VM (17.0.12+8-LTS-286) for windows-amd64 JRE (17.0.12+8-LTS-286), built on Jun  5 2024 06:46:59 by "mach5one" with MS VC++ 17.6 (VS2022)

END.
